#
# A fatal error has been detected by the Java Runtime Environment:
#
#  SIGSEGV (0xb) at pc=0x00007fff955c14dd, pid=9632, tid=2571
#
# JRE version: Java(TM) SE Runtime Environment (8.0_71-b15) (build 1.8.0_71-b15)
# Java VM: Java HotSpot(TM) 64-Bit Server VM (25.71-b15 mixed mode bsd-amd64 compressed oops)
# Problematic frame:
# C  [libobjc.A.dylib+0x14dd]  objc_msgSend+0x1d
#
# Failed to write core dump. Core dumps have been disabled. To enable core dumping, try "ulimit -c unlimited" before starting Java again
#
# If you would like to submit a bug report, please visit:
#   http://bugreport.java.com/bugreport/crash.jsp
# The crash happened outside the Java Virtual Machine in native code.
# See problematic frame for where to report the bug.
#

---------------  T H R E A D  ---------------

Current thread (0x00007fae5c8a6000):  JavaThread "AWT-AppKit" daemon [_thread_in_native, id=2571, stack(0x00007fff54e2a000,0x00007fff5562a000)]

siginfo: si_signo: 11 (SIGSEGV), si_code: 1 (SEGV_MAPERR), si_addr: 0x0000000000000018

Registers:
RAX=0x00007fae5f054a60, RBX=0x0000000123801450, RCX=0x0000000123818ec0, RDX=0x000000012371e920
RSP=0x00007fff556254a8, RBP=0x00007fff55625560, RSI=0x00007fff9b149d0e, RDI=0x00007fae5e74b830
R8 =0x0000000000000000, R9 =0x00000000000008c0, R10=0x00007fff9b149d0e, R11=0x0000000000000000
R12=0x0000000000000000, R13=0x000000017de70c00, R14=0x0000000123801440, R15=0x00007fae5c8a6000
RIP=0x00007fff955c14dd, EFLAGS=0x0000000000010246, ERR=0x0000000000000004
  TRAPNO=0x000000000000000e

Top of Stack: (sp=0x00007fff556254a8)
0x00007fff556254a8:   00000001237ff157 00007fff55625500
0x00007fff556254b8:   0000000000000003 00007fff556254e0
0x00007fff556254c8:   000000010aa42d66 000000017de70c00
0x00007fff556254d8:   000000017de70c00 00007fae5f054a60
0x00007fff556254e8:   00000001238016a0 0000000123801710
0x00007fff556254f8:   00007fff7e9b6770 00007fff7d66e500
0x00007fff55625508:   0000000123801450 0000000123801690
0x00007fff55625518:   00007fae5f054a60 00007fae5e74b830
0x00007fff55625528:   00007fae5e5beba0 00007fae5f054a60
0x00007fff55625538:   00007fae5e74b830 00007fff556255e0
0x00007fff55625548:   00007fae5c8a61f8 000000017de70c00
0x00007fff55625558:   00007fff55625608 00007fff556255d0
0x00007fff55625568:   000000010bc514d4 00007fff556255d0
0x00007fff55625578:   000000010bc51259 000000010bc5d383
0x00007fff55625588:   000000010bc51222 00007fff55625590
0x00007fff55625598:   000000017de70c00 00007fff55625608
0x00007fff556255a8:   000000017de73838 0000000000000000
0x00007fff556255b8:   000000017de70c00 0000000000000000
0x00007fff556255c8:   00007fff556255f0 00007fff55625650
0x00007fff556255d8:   000000010bc4598d 0000000795ca0ea8
0x00007fff556255e8:   000000010bc4d2b8 00007fae5f054a60
0x00007fff556255f8:   000000010bc4eaf9 00007fae5e74b830
0x00007fff55625608:   000000010bc4eac2 00007fff55625610
0x00007fff55625618:   000000017de70dca 00007fff55625678
0x00007fff55625628:   000000017de73838 0000000000000000
0x00007fff55625638:   000000017de70dd8 00007fff556255f0
0x00007fff55625648:   00007fff55625660 00007fff556256c0
0x00007fff55625658:   000000010bc4598d 00007fae5f054a60
0x00007fff55625668:   0000000795ca8550 00007fae5e74b830
0x00007fff55625678:   0000000795ca8550 00007fff55625680
0x00007fff55625688:   000000017df3104e 00007fff556256d0
0x00007fff55625698:   000000017df31108 0000000000000000 

Instructions: (pc=0x00007fff955c14dd)
0x00007fff955c14bd:   44 00 00 48 85 ff 2e 74 62 40 f6 c7 01 2e 75 66
0x00007fff955c14cd:   49 bb f8 ff ff ff ff 7f 00 00 4c 23 1f 49 89 f2
0x00007fff955c14dd:   45 23 53 18 49 c1 e2 04 4d 03 53 10 49 3b 32 75
0x00007fff955c14ed:   04 41 ff 62 08 49 83 3a 01 76 0d 49 83 c2 10 49 

Register to memory mapping:

RAX=0x00007fae5f054a60 is an unknown value
RBX=0x0000000123801450: Java_jogamp_nativewindow_macosx_OSXUtil_GetScreenRefreshRate0+0x1cf0 in /private/var/folders/gx/t9vq3cns2s73t5kjlnsql92h0000gn/T/jogamp_0000/file_cache/jln3947224189892576726/jln4748701416414742606/libnativewindow_macosx.jnilib at 0x00000001237fa000
RCX=0x0000000123818ec0 is an unknown value
RDX=0x000000012371e920 is an unknown value
RSP=0x00007fff556254a8 is pointing into the stack for thread: 0x00007fae5c8a6000
RBP=0x00007fff55625560 is pointing into the stack for thread: 0x00007fae5c8a6000
RSI=0x00007fff9b149d0e is an unknown value
RDI=0x00007fae5e74b830 is an unknown value
R8 =0x0000000000000000 is an unknown value
R9 =0x00000000000008c0 is an unknown value
R10=0x00007fff9b149d0e is an unknown value
R11=0x0000000000000000 is an unknown value
R12=0x0000000000000000 is an unknown value
R13={method} {0x000000017de70c00} 'UnsetJAWTRootSurfaceLayer0' '(JJ)V' in 'jogamp/nativewindow/jawt/macosx/MacOSXJAWTWindow'
R14=0x0000000123801440: Java_jogamp_nativewindow_macosx_OSXUtil_GetScreenRefreshRate0+0x1ce0 in /private/var/folders/gx/t9vq3cns2s73t5kjlnsql92h0000gn/T/jogamp_0000/file_cache/jln3947224189892576726/jln4748701416414742606/libnativewindow_macosx.jnilib at 0x00000001237fa000
R15=0x00007fae5c8a6000 is a thread


Stack: [0x00007fff54e2a000,0x00007fff5562a000],  sp=0x00007fff556254a8,  free space=8173k
Native frames: (J=compiled Java code, j=interpreted, Vv=VM code, C=native code)
C  [libobjc.A.dylib+0x14dd]  objc_msgSend+0x1d
j  jogamp.nativewindow.jawt.macosx.MacOSXJAWTWindow.UnsetJAWTRootSurfaceLayer0(JJ)V+0
j  jogamp.nativewindow.jawt.macosx.MacOSXJAWTWindow.access$200(JJ)V+2
j  jogamp.nativewindow.jawt.macosx.MacOSXJAWTWindow$1.run()V+38
j  com.jogamp.common.util.RunnableTask.run()V+24
v  ~StubRoutines::call_stub
V  [libjvm.dylib+0x2ea59a]  JavaCalls::call_helper(JavaValue*, methodHandle*, JavaCallArguments*, Thread*)+0x6ae
V  [libjvm.dylib+0x3216a3]  jni_invoke_nonstatic(JNIEnv_*, JavaValue*, _jobject*, JNICallType, _jmethodID*, JNI_ArgumentPusher*, Thread*)+0x2ec
V  [libjvm.dylib+0x313e77]  jni_CallVoidMethod+0x16b
C  [libnativewindow_macosx.jnilib+0x5326]  Java_jogamp_nativewindow_jawt_macosx_MacOSXJAWTWindow_UnsetJAWTRootSurfaceLayer0+0x2b6
C  [Foundation+0x8dd4b]  __NSThreadPerformPerform+0x117
C  [CoreFoundation+0x7e5c1]  __CFRUNLOOP_IS_CALLING_OUT_TO_A_SOURCE0_PERFORM_FUNCTION__+0x11
C  [CoreFoundation+0x70397]  __CFRunLoopDoSources0+0x1a7
C  [CoreFoundation+0x6f93f]  __CFRunLoopRun+0x39f
C  [CoreFoundation+0x6f338]  CFRunLoopRunSpecific+0x128
C  [HIToolbox+0x30935]  RunCurrentEventLoopInMode+0xeb
C  [HIToolbox+0x30677]  ReceiveNextEventCommon+0xb8
C  [HIToolbox+0x305af]  _BlockUntilNextEventMatchingListInModeWithFilter+0x47
C  [AppKit+0x8a0ee]  _DPSNextEvent+0x42b
C  [AppKit+0x456943]  -[NSApplication _nextEventMatchingEventMask:untilDate:inMode:dequeue:]+0x1c6
C  [libosxapp.dylib+0x23aa]  -[NSApplicationAWT nextEventMatchingMask:untilDate:inMode:dequeue:]+0x7c
C  [AppKit+0x7ffc8]  -[NSApplication run]+0x2aa
C  [libosxapp.dylib+0x214d]  +[NSApplicationAWT runAWTLoopWithApp:]+0x9c
C  [libawt_lwawt.dylib+0x4455b]  -[AWTStarter starter:]+0x389
C  [Foundation+0x8dd4b]  __NSThreadPerformPerform+0x117
C  [CoreFoundation+0x7e5c1]  __CFRUNLOOP_IS_CALLING_OUT_TO_A_SOURCE0_PERFORM_FUNCTION__+0x11
C  [CoreFoundation+0x7041c]  __CFRunLoopDoSources0+0x22c
C  [CoreFoundation+0x6f93f]  __CFRunLoopRun+0x39f
C  [CoreFoundation+0x6f338]  CFRunLoopRunSpecific+0x128
C  [java+0x6463]  CreateExecutionEnvironment+0x367
C  [java+0x21ac]  JLI_Launch+0x7a0
C  [java+0x84c0]  main+0x65
C  [java+0x1a04]  start+0x34
C  0x0000000000000007

Java frames: (J=compiled Java code, j=interpreted, Vv=VM code)
j  jogamp.nativewindow.jawt.macosx.MacOSXJAWTWindow.UnsetJAWTRootSurfaceLayer0(JJ)V+0
j  jogamp.nativewindow.jawt.macosx.MacOSXJAWTWindow.access$200(JJ)V+2
j  jogamp.nativewindow.jawt.macosx.MacOSXJAWTWindow$1.run()V+38
j  com.jogamp.common.util.RunnableTask.run()V+24
v  ~StubRoutines::call_stub

---------------  P R O C E S S  ---------------

Java Threads: ( => current thread )
  0x00007fae5c8bc000 JavaThread "Thread-3" [_thread_blocked, id=20239, stack(0x00007000014df000,0x00007000015df000)]
  0x00007fae5c64b800 JavaThread "AWT-EventQueue-1" [_thread_in_native, id=57619, stack(0x00007000015e2000,0x00007000016e2000)]
  0x00007fae5c011000 JavaThread "DestroyJavaVM" [_thread_blocked, id=4867, stack(0x0000700000084000,0x0000700000184000)]
  0x00007fae5ca61800 JavaThread "AWT-EventQueue-0" [_thread_blocked, id=55815, stack(0x00007000013dc000,0x00007000014dc000)]
  0x00007fae5c3cf000 JavaThread "Java2D Disposer" daemon [_thread_blocked, id=51971, stack(0x0000700001153000,0x0000700001253000)]
  0x00007fae5c39a000 JavaThread "Java2D Queue Flusher" daemon [_thread_blocked, id=48903, stack(0x0000700001050000,0x0000700001150000)]
  0x00007fae5c325000 JavaThread "AWT-Shutdown" [_thread_blocked, id=28691, stack(0x0000700000eca000,0x0000700000fca000)]
=>0x00007fae5c8a6000 JavaThread "AWT-AppKit" daemon [_thread_in_native, id=2571, stack(0x00007fff54e2a000,0x00007fff5562a000)]
  0x00007fae5c833800 JavaThread "Service Thread" daemon [_thread_blocked, id=17411, stack(0x0000700000b3b000,0x0000700000c3b000)]
  0x00007fae5c833000 JavaThread "C1 CompilerThread1" daemon [_thread_blocked, id=16899, stack(0x0000700000a38000,0x0000700000b38000)]
  0x00007fae5c823000 JavaThread "C2 CompilerThread0" daemon [_thread_blocked, id=16387, stack(0x0000700000935000,0x0000700000a35000)]
  0x00007fae5c822800 JavaThread "Signal Dispatcher" daemon [_thread_blocked, id=15887, stack(0x0000700000832000,0x0000700000932000)]
  0x00007fae5c06b800 JavaThread "Finalizer" daemon [_thread_blocked, id=11779, stack(0x0000700000629000,0x0000700000729000)]
  0x00007fae5c80b800 JavaThread "Reference Handler" daemon [_thread_blocked, id=11267, stack(0x0000700000526000,0x0000700000626000)]

Other Threads:
  0x00007fae5c809000 VMThread [stack: 0x0000700000423000,0x0000700000523000] [id=10755]
  0x00007fae5c00f800 WatcherThread [stack: 0x0000700000c3e000,0x0000700000d3e000] [id=17923]

VM state:not at safepoint (normal execution)

VM Mutex/Monitor currently owned by a thread: None

Heap:
 PSYoungGen      total 38400K, used 17915K [0x0000000795580000, 0x0000000798000000, 0x00000007c0000000)
  eden space 33280K, 39% used [0x0000000795580000,0x000000079623cd20,0x0000000797600000)
  from space 5120K, 95% used [0x0000000797600000,0x0000000797ac21b8,0x0000000797b00000)
  to   space 5120K, 0% used [0x0000000797b00000,0x0000000797b00000,0x0000000798000000)
 ParOldGen       total 87552K, used 8K [0x0000000740000000, 0x0000000745580000, 0x0000000795580000)
  object space 87552K, 0% used [0x0000000740000000,0x0000000740002000,0x0000000745580000)
 Metaspace       used 17347K, capacity 17535K, committed 17792K, reserved 1064960K
  class space    used 1775K, capacity 1852K, committed 1920K, reserved 1048576K

Card table byte_map: [0x000000011affe000,0x000000011b3ff000] byte_map_base: 0x00000001175fe000

Marking Bits: (ParMarkBitMap*) 0x000000010b135ea0
 Begin Bits: [0x000000011b6aa000, 0x000000011d6aa000)
 End Bits:   [0x000000011d6aa000, 0x000000011f6aa000)

Polling page: 0x000000010b7ef000

CodeCache: size=245760Kb used=3858Kb max_used=3858Kb free=241901Kb
 bounds [0x000000010bc3e000, 0x000000010c00e000, 0x000000011ac3e000]
 total_blobs=1821 nmethods=962 adapters=775
 compilation: enabled

Compilation events (10 events):
Event: 59.334 Thread 0x00007fae5c833000  958       3       sun.awt.AWTAccessor::getSequencedEventAccessor (4 bytes)
Event: 59.335 Thread 0x00007fae5c833000 nmethod 958 0x000000010c000250 code [0x000000010c0003a0, 0x000000010c0004f0]
Event: 59.349 Thread 0x00007fae5c833000  959       3       sun.java2d.pipe.RenderBuffer::putInt (26 bytes)
Event: 59.349 Thread 0x00007fae5c833000 nmethod 959 0x000000010bfffed0 code [0x000000010c000040, 0x000000010c0001b0]
Event: 59.372 Thread 0x00007fae5c833000  960       3       java.awt.Component::isValid (20 bytes)
Event: 59.372 Thread 0x00007fae5c833000 nmethod 960 0x000000010bfffb10 code [0x000000010bfffc80, 0x000000010bfffe70]
Event: 59.372 Thread 0x00007fae5c833000  961       1       java.lang.Integer::intValue (5 bytes)
Event: 59.372 Thread 0x00007fae5c833000 nmethod 961 0x000000010bfff850 code [0x000000010bfff9a0, 0x000000010bfffab0]
Event: 59.374 Thread 0x00007fae5c833000  962   !   3       sun.lwawt.LWComponentPeer::isShowing (49 bytes)
Event: 59.382 Thread 0x00007fae5c833000 nmethod 962 0x000000010bffeb10 code [0x000000010bffecc0, 0x000000010bfff5a8]

GC Heap History (2 events):
Event: 4.017 GC heap before
{Heap before GC invocations=1 (full 0):
 PSYoungGen      total 38400K, used 33280K [0x0000000795580000, 0x0000000798000000, 0x00000007c0000000)
  eden space 33280K, 100% used [0x0000000795580000,0x0000000797600000,0x0000000797600000)
  from space 5120K, 0% used [0x0000000797b00000,0x0000000797b00000,0x0000000798000000)
  to   space 5120K, 0% used [0x0000000797600000,0x0000000797600000,0x0000000797b00000)
 ParOldGen       total 87552K, used 0K [0x0000000740000000, 0x0000000745580000, 0x0000000795580000)
  object space 87552K, 0% used [0x0000000740000000,0x0000000740000000,0x0000000745580000)
 Metaspace       used 15864K, capacity 16059K, committed 16256K, reserved 1064960K
  class space    used 1608K, capacity 1660K, committed 1664K, reserved 1048576K
Event: 4.032 GC heap after
Heap after GC invocations=1 (full 0):
 PSYoungGen      total 38400K, used 4872K [0x0000000795580000, 0x0000000798000000, 0x00000007c0000000)
  eden space 33280K, 0% used [0x0000000795580000,0x0000000795580000,0x0000000797600000)
  from space 5120K, 95% used [0x0000000797600000,0x0000000797ac21b8,0x0000000797b00000)
  to   space 5120K, 0% used [0x0000000797b00000,0x0000000797b00000,0x0000000798000000)
 ParOldGen       total 87552K, used 8K [0x0000000740000000, 0x0000000745580000, 0x0000000795580000)
  object space 87552K, 0% used [0x0000000740000000,0x0000000740002000,0x0000000745580000)
 Metaspace       used 15864K, capacity 16059K, committed 16256K, reserved 1064960K
  class space    used 1608K, capacity 1660K, committed 1664K, reserved 1048576K
}

Deoptimization events (2 events):
Event: 3.388 Thread 0x00007fae5ccaf000 Uncommon trap: reason=unstable_if action=reinterpret pc=0x000000010be07a94 method=java.lang.String.indexOf([CII[CIII)I @ 3
Event: 5.531 Thread 0x00007fae5c64b800 Uncommon trap: reason=unstable_if action=reinterpret pc=0x000000010bdf59d4 method=java.lang.AbstractStringBuilder.append(Ljava/lang/String;)Ljava/lang/AbstractStringBuilder; @ 1

Internal exceptions (10 events):
Event: 5.558 Thread 0x00007fae5c64b800 Exception <a 'java/io/FileNotFoundException'> (0x00000007960a5ce0) thrown at [/Users/java_re/workspace/8-2-build-macosx-x86_64/jdk8u71/5731/hotspot/src/share/vm/prims/jni.cpp, line 709]
Event: 5.558 Thread 0x00007fae5c64b800 Exception <a 'java/io/FileNotFoundException'> (0x00000007960a6ce0) thrown at [/Users/java_re/workspace/8-2-build-macosx-x86_64/jdk8u71/5731/hotspot/src/share/vm/prims/jni.cpp, line 709]
Event: 5.558 Thread 0x00007fae5c64b800 Exception <a 'java/io/FileNotFoundException'> (0x00000007960a7a18) thrown at [/Users/java_re/workspace/8-2-build-macosx-x86_64/jdk8u71/5731/hotspot/src/share/vm/prims/jni.cpp, line 709]
Event: 5.558 Thread 0x00007fae5c64b800 Exception <a 'java/io/FileNotFoundException'> (0x00000007960a8610) thrown at [/Users/java_re/workspace/8-2-build-macosx-x86_64/jdk8u71/5731/hotspot/src/share/vm/prims/jni.cpp, line 709]
Event: 5.588 Thread 0x00007fae5c64b800 Exception <a 'java/io/FileNotFoundException'> (0x0000000796101fa8) thrown at [/Users/java_re/workspace/8-2-build-macosx-x86_64/jdk8u71/5731/hotspot/src/share/vm/prims/jni.cpp, line 709]
Event: 5.588 Thread 0x00007fae5c64b800 Exception <a 'java/io/FileNotFoundException'> (0x00000007961063e8) thrown at [/Users/java_re/workspace/8-2-build-macosx-x86_64/jdk8u71/5731/hotspot/src/share/vm/prims/jni.cpp, line 709]
Event: 5.588 Thread 0x00007fae5c64b800 Exception <a 'java/io/FileNotFoundException'> (0x00000007961078b0) thrown at [/Users/java_re/workspace/8-2-build-macosx-x86_64/jdk8u71/5731/hotspot/src/share/vm/prims/jni.cpp, line 709]
Event: 5.589 Thread 0x00007fae5c64b800 Exception <a 'java/io/FileNotFoundException'> (0x00000007961088b0) thrown at [/Users/java_re/workspace/8-2-build-macosx-x86_64/jdk8u71/5731/hotspot/src/share/vm/prims/jni.cpp, line 709]
Event: 5.589 Thread 0x00007fae5c64b800 Exception <a 'java/io/FileNotFoundException'> (0x00000007961097d0) thrown at [/Users/java_re/workspace/8-2-build-macosx-x86_64/jdk8u71/5731/hotspot/src/share/vm/prims/jni.cpp, line 709]
Event: 5.589 Thread 0x00007fae5c64b800 Exception <a 'java/io/FileNotFoundException'> (0x000000079610a5b0) thrown at [/Users/java_re/workspace/8-2-build-macosx-x86_64/jdk8u71/5731/hotspot/src/share/vm/prims/jni.cpp, line 709]

Events (10 events):
Event: 59.435 Executing VM operation: RevokeBias done
Event: 59.436 loading class java/awt/LightweightDispatcher$2
Event: 59.436 loading class java/awt/LightweightDispatcher$2 done
Event: 59.436 loading class java/awt/event/AWTEventListenerProxy
Event: 59.436 loading class java/awt/event/AWTEventListenerProxy done
Event: 59.436 loading class java/awt/Toolkit$ToolkitEventMulticaster
Event: 59.436 loading class java/awt/Toolkit$ToolkitEventMulticaster done
Event: 59.441 Thread 0x00007fae5c3d7800 Thread exited: 0x00007fae5c3d7800
Event: 59.442 loading class java/awt/Window$1DisposeAction
Event: 59.442 loading class java/awt/Window$1DisposeAction done


Dynamic libraries:
0x000000000aba3000 	/System/Library/Frameworks/Cocoa.framework/Versions/A/Cocoa
0x000000000aba3000 	/System/Library/Frameworks/Security.framework/Versions/A/Security
0x000000000aba3000 	/System/Library/Frameworks/ApplicationServices.framework/Versions/A/ApplicationServices
0x000000000aba3000 	/usr/lib/libz.1.dylib
0x000000000aba3000 	/usr/lib/libSystem.B.dylib
0x000000000aba3000 	/usr/lib/libobjc.A.dylib
0x000000000aba3000 	/System/Library/Frameworks/CoreFoundation.framework/Versions/A/CoreFoundation
0x000000000aba3000 	/System/Library/Frameworks/Foundation.framework/Versions/C/Foundation
0x000000000aba3000 	/System/Library/Frameworks/AppKit.framework/Versions/C/AppKit
0x000000000aba3000 	/System/Library/Frameworks/CoreData.framework/Versions/A/CoreData
0x000000000aba3000 	/System/Library/PrivateFrameworks/RemoteViewServices.framework/Versions/A/RemoteViewServices
0x000000000aba3000 	/System/Library/PrivateFrameworks/UIFoundation.framework/Versions/A/UIFoundation
0x000000000aba3000 	/usr/lib/libScreenReader.dylib
0x000000000aba3000 	/System/Library/Frameworks/Accelerate.framework/Versions/A/Accelerate
0x000000000aba3000 	/System/Library/Frameworks/IOSurface.framework/Versions/A/IOSurface
0x000000000aba3000 	/System/Library/Frameworks/AudioToolbox.framework/Versions/A/AudioToolbox
0x000000000aba3000 	/System/Library/Frameworks/AudioUnit.framework/Versions/A/AudioUnit
0x000000000aba3000 	/System/Library/PrivateFrameworks/DataDetectorsCore.framework/Versions/A/DataDetectorsCore
0x000000000aba3000 	/System/Library/PrivateFrameworks/DesktopServicesPriv.framework/Versions/A/DesktopServicesPriv
0x000000000aba3000 	/System/Library/Frameworks/Carbon.framework/Versions/A/Frameworks/HIToolbox.framework/Versions/A/HIToolbox
0x000000000aba3000 	/System/Library/Frameworks/QuartzCore.framework/Versions/A/QuartzCore
0x000000000aba3000 	/System/Library/Frameworks/Carbon.framework/Versions/A/Frameworks/SpeechRecognition.framework/Versions/A/SpeechRecognition
0x000000000aba3000 	/usr/lib/libauto.dylib
0x000000000aba3000 	/usr/lib/libicucore.A.dylib
0x000000000aba3000 	/usr/lib/libxml2.2.dylib
0x000000000aba3000 	/System/Library/PrivateFrameworks/CoreUI.framework/Versions/A/CoreUI
0x000000000aba3000 	/System/Library/Frameworks/CoreAudio.framework/Versions/A/CoreAudio
0x000000000aba3000 	/System/Library/Frameworks/DiskArbitration.framework/Versions/A/DiskArbitration
0x000000000aba3000 	/usr/lib/liblangid.dylib
0x000000000aba3000 	/System/Library/PrivateFrameworks/MultitouchSupport.framework/Versions/A/MultitouchSupport
0x000000000aba3000 	/System/Library/Frameworks/IOKit.framework/Versions/A/IOKit
0x000000000aba3000 	/usr/lib/libDiagnosticMessagesClient.dylib
0x000000000aba3000 	/System/Library/Frameworks/CoreServices.framework/Versions/A/CoreServices
0x000000000aba3000 	/System/Library/PrivateFrameworks/PerformanceAnalysis.framework/Versions/A/PerformanceAnalysis
0x000000000aba3000 	/System/Library/PrivateFrameworks/GenerationalStorage.framework/Versions/A/GenerationalStorage
0x000000000aba3000 	/System/Library/Frameworks/OpenGL.framework/Versions/A/OpenGL
0x000000000aba3000 	/System/Library/PrivateFrameworks/Sharing.framework/Versions/A/Sharing
0x000000000aba3000 	/System/Library/Frameworks/CoreGraphics.framework/Versions/A/CoreGraphics
0x000000000aba3000 	/System/Library/Frameworks/CoreImage.framework/Versions/A/CoreImage
0x000000000aba3000 	/System/Library/Frameworks/CoreText.framework/Versions/A/CoreText
0x000000000aba3000 	/System/Library/Frameworks/ImageIO.framework/Versions/A/ImageIO
0x000000000aba3000 	/System/Library/PrivateFrameworks/Backup.framework/Versions/A/Backup
0x000000000aba3000 	/usr/lib/libextension.dylib
0x000000000aba3000 	/usr/lib/libarchive.2.dylib
0x000000000aba3000 	/System/Library/Frameworks/CFNetwork.framework/Versions/A/CFNetwork
0x000000000aba3000 	/System/Library/Frameworks/SystemConfiguration.framework/Versions/A/SystemConfiguration
0x000000000aba3000 	/usr/lib/libCRFSuite.dylib
0x000000000aba3000 	/usr/lib/libc++.1.dylib
0x000000000aba3000 	/usr/lib/libc++abi.dylib
0x000000000aba3000 	/usr/lib/system/libcache.dylib
0x000000000aba3000 	/usr/lib/system/libcommonCrypto.dylib
0x000000000aba3000 	/usr/lib/system/libcompiler_rt.dylib
0x000000000aba3000 	/usr/lib/system/libcopyfile.dylib
0x000000000aba3000 	/usr/lib/system/libcorecrypto.dylib
0x000000000aba3000 	/usr/lib/system/libdispatch.dylib
0x000000000aba3000 	/usr/lib/system/libdyld.dylib
0x000000000aba3000 	/usr/lib/system/libkeymgr.dylib
0x000000000aba3000 	/usr/lib/system/liblaunch.dylib
0x000000000aba3000 	/usr/lib/system/libmacho.dylib
0x000000000aba3000 	/usr/lib/system/libquarantine.dylib
0x000000000aba3000 	/usr/lib/system/libremovefile.dylib
0x000000000aba3000 	/usr/lib/system/libsystem_asl.dylib
0x000000000aba3000 	/usr/lib/system/libsystem_blocks.dylib
0x000000000aba3000 	/usr/lib/system/libsystem_c.dylib
0x000000000aba3000 	/usr/lib/system/libsystem_configuration.dylib
0x000000000aba3000 	/usr/lib/system/libsystem_coreservices.dylib
0x000000000aba3000 	/usr/lib/system/libsystem_coretls.dylib
0x000000000aba3000 	/usr/lib/system/libsystem_dnssd.dylib
0x000000000aba3000 	/usr/lib/system/libsystem_info.dylib
0x000000000aba3000 	/usr/lib/system/libsystem_kernel.dylib
0x000000000aba3000 	/usr/lib/system/libsystem_m.dylib
0x000000000aba3000 	/usr/lib/system/libsystem_malloc.dylib
0x000000000aba3000 	/usr/lib/system/libsystem_network.dylib
0x000000000aba3000 	/usr/lib/system/libsystem_networkextension.dylib
0x000000000aba3000 	/usr/lib/system/libsystem_notify.dylib
0x000000000aba3000 	/usr/lib/system/libsystem_platform.dylib
0x000000000aba3000 	/usr/lib/system/libsystem_pthread.dylib
0x000000000aba3000 	/usr/lib/system/libsystem_sandbox.dylib
0x000000000aba3000 	/usr/lib/system/libsystem_secinit.dylib
0x000000000aba3000 	/usr/lib/system/libsystem_trace.dylib
0x000000000aba3000 	/usr/lib/system/libunc.dylib
0x000000000aba3000 	/usr/lib/system/libunwind.dylib
0x000000000aba3000 	/usr/lib/system/libxpc.dylib
0x000000000aba3000 	/usr/lib/libenergytrace.dylib
0x000000000aba3000 	/usr/lib/libbsm.0.dylib
0x000000000aba3000 	/usr/lib/system/libkxld.dylib
0x000000000aba3000 	/usr/lib/libxar.1.dylib
0x000000000aba3000 	/usr/lib/libsqlite3.dylib
0x000000000aba3000 	/usr/lib/libpam.2.dylib
0x000000000aba3000 	/usr/lib/libOpenScriptingUtil.dylib
0x000000000aba3000 	/usr/lib/libbz2.1.0.dylib
0x000000000aba3000 	/usr/lib/liblzma.5.dylib
0x000000000aba3000 	/System/Library/Frameworks/CoreServices.framework/Versions/A/Frameworks/FSEvents.framework/Versions/A/FSEvents
0x000000000aba3000 	/System/Library/Frameworks/CoreServices.framework/Versions/A/Frameworks/CarbonCore.framework/Versions/A/CarbonCore
0x000000000aba3000 	/System/Library/Frameworks/CoreServices.framework/Versions/A/Frameworks/Metadata.framework/Versions/A/Metadata
0x000000000aba3000 	/System/Library/Frameworks/CoreServices.framework/Versions/A/Frameworks/OSServices.framework/Versions/A/OSServices
0x000000000aba3000 	/System/Library/Frameworks/CoreServices.framework/Versions/A/Frameworks/SearchKit.framework/Versions/A/SearchKit
0x000000000aba3000 	/System/Library/Frameworks/CoreServices.framework/Versions/A/Frameworks/AE.framework/Versions/A/AE
0x000000000aba3000 	/System/Library/Frameworks/CoreServices.framework/Versions/A/Frameworks/LaunchServices.framework/Versions/A/LaunchServices
0x000000000aba3000 	/System/Library/Frameworks/CoreServices.framework/Versions/A/Frameworks/DictionaryServices.framework/Versions/A/DictionaryServices
0x000000000aba3000 	/System/Library/Frameworks/CoreServices.framework/Versions/A/Frameworks/SharedFileList.framework/Versions/A/SharedFileList
0x000000000aba3000 	/System/Library/Frameworks/NetFS.framework/Versions/A/NetFS
0x000000000aba3000 	/System/Library/PrivateFrameworks/NetAuth.framework/Versions/A/NetAuth
0x000000000aba3000 	/System/Library/PrivateFrameworks/login.framework/Versions/A/Frameworks/loginsupport.framework/Versions/A/loginsupport
0x000000000aba3000 	/System/Library/PrivateFrameworks/TCC.framework/Versions/A/TCC
0x000000000aba3000 	/usr/lib/libmecabra.dylib
0x000000000aba3000 	/System/Library/Frameworks/ApplicationServices.framework/Versions/A/Frameworks/ATS.framework/Versions/A/ATS
0x000000000aba3000 	/System/Library/Frameworks/ApplicationServices.framework/Versions/A/Frameworks/ColorSync.framework/Versions/A/ColorSync
0x000000000aba3000 	/System/Library/Frameworks/ApplicationServices.framework/Versions/A/Frameworks/HIServices.framework/Versions/A/HIServices
0x000000000aba3000 	/System/Library/Frameworks/ApplicationServices.framework/Versions/A/Frameworks/LangAnalysis.framework/Versions/A/LangAnalysis
0x000000000aba3000 	/System/Library/Frameworks/ApplicationServices.framework/Versions/A/Frameworks/PrintCore.framework/Versions/A/PrintCore
0x000000000aba3000 	/System/Library/Frameworks/ApplicationServices.framework/Versions/A/Frameworks/QD.framework/Versions/A/QD
0x000000000aba3000 	/System/Library/Frameworks/ApplicationServices.framework/Versions/A/Frameworks/SpeechSynthesis.framework/Versions/A/SpeechSynthesis
0x000000000aba3000 	/System/Library/Frameworks/Metal.framework/Versions/A/Metal
0x000000000aba3000 	/System/Library/Frameworks/Accelerate.framework/Versions/A/Frameworks/vImage.framework/Versions/A/vImage
0x000000000aba3000 	/System/Library/Frameworks/Accelerate.framework/Versions/A/Frameworks/vecLib.framework/Versions/A/vecLib
0x000000000aba3000 	/System/Library/Frameworks/Accelerate.framework/Versions/A/Frameworks/vecLib.framework/Versions/A/libvDSP.dylib
0x000000000aba3000 	/System/Library/Frameworks/Accelerate.framework/Versions/A/Frameworks/vecLib.framework/Versions/A/libvMisc.dylib
0x000000000aba3000 	/System/Library/Frameworks/Accelerate.framework/Versions/A/Frameworks/vecLib.framework/Versions/A/libLAPACK.dylib
0x000000000aba3000 	/System/Library/Frameworks/Accelerate.framework/Versions/A/Frameworks/vecLib.framework/Versions/A/libBLAS.dylib
0x000000000aba3000 	/System/Library/Frameworks/Accelerate.framework/Versions/A/Frameworks/vecLib.framework/Versions/A/libLinearAlgebra.dylib
0x000000000aba3000 	/System/Library/Frameworks/Accelerate.framework/Versions/A/Frameworks/vecLib.framework/Versions/A/libSparseBLAS.dylib
0x000000000aba3000 	/System/Library/PrivateFrameworks/GPUCompiler.framework/libmetal_timestamp.dylib
0x000000000aba3000 	/System/Library/Frameworks/OpenGL.framework/Versions/A/Libraries/libCoreFSCache.dylib
0x000000000aba3000 	/System/Library/PrivateFrameworks/IOAccelerator.framework/Versions/A/IOAccelerator
0x000000000aba3000 	/System/Library/Frameworks/ApplicationServices.framework/Versions/A/Frameworks/ATS.framework/Versions/A/Resources/libFontParser.dylib
0x000000000aba3000 	/System/Library/Frameworks/ApplicationServices.framework/Versions/A/Frameworks/ATS.framework/Versions/A/Resources/libFontRegistry.dylib
0x000000000aba3000 	/System/Library/PrivateFrameworks/AppleVPA.framework/Versions/A/AppleVPA
0x000000000aba3000 	/System/Library/PrivateFrameworks/AppleJPEG.framework/Versions/A/AppleJPEG
0x000000000aba3000 	/System/Library/Frameworks/ImageIO.framework/Versions/A/Resources/libJPEG.dylib
0x000000000aba3000 	/System/Library/Frameworks/ImageIO.framework/Versions/A/Resources/libTIFF.dylib
0x000000000aba3000 	/System/Library/Frameworks/ImageIO.framework/Versions/A/Resources/libPng.dylib
0x000000000aba3000 	/System/Library/Frameworks/ImageIO.framework/Versions/A/Resources/libGIF.dylib
0x000000000aba3000 	/System/Library/Frameworks/ImageIO.framework/Versions/A/Resources/libJP2.dylib
0x000000000aba3000 	/System/Library/Frameworks/ImageIO.framework/Versions/A/Resources/libRadiance.dylib
0x000000000aba3000 	/System/Library/Frameworks/CoreVideo.framework/Versions/A/CoreVideo
0x000000000aba3000 	/System/Library/Frameworks/OpenGL.framework/Versions/A/Libraries/libGLU.dylib
0x000000000aba3000 	/System/Library/Frameworks/OpenGL.framework/Versions/A/Libraries/libGFXShared.dylib
0x000000000aba3000 	/System/Library/Frameworks/OpenGL.framework/Versions/A/Libraries/libGL.dylib
0x000000000aba3000 	/System/Library/Frameworks/OpenGL.framework/Versions/A/Libraries/libGLImage.dylib
0x000000000aba3000 	/System/Library/Frameworks/OpenGL.framework/Versions/A/Libraries/libCVMSPluginSupport.dylib
0x000000000aba3000 	/System/Library/Frameworks/OpenGL.framework/Versions/A/Libraries/libCoreVMClient.dylib
0x000000000aba3000 	/usr/lib/libcups.2.dylib
0x000000000aba3000 	/System/Library/Frameworks/Kerberos.framework/Versions/A/Kerberos
0x000000000aba3000 	/System/Library/Frameworks/GSS.framework/Versions/A/GSS
0x000000000aba3000 	/usr/lib/libresolv.9.dylib
0x000000000aba3000 	/usr/lib/libiconv.2.dylib
0x000000000aba3000 	/System/Library/PrivateFrameworks/Heimdal.framework/Versions/A/Heimdal
0x000000000aba3000 	/usr/lib/libheimdal-asn1.dylib
0x000000000aba3000 	/System/Library/Frameworks/OpenDirectory.framework/Versions/A/OpenDirectory
0x000000000aba3000 	/System/Library/PrivateFrameworks/CommonAuth.framework/Versions/A/CommonAuth
0x000000000aba3000 	/System/Library/Frameworks/OpenDirectory.framework/Versions/A/Frameworks/CFOpenDirectory.framework/Versions/A/CFOpenDirectory
0x000000000aba3000 	/System/Library/Frameworks/SecurityFoundation.framework/Versions/A/SecurityFoundation
0x000000000aba3000 	/System/Library/PrivateFrameworks/LanguageModeling.framework/Versions/A/LanguageModeling
0x000000000aba3000 	/usr/lib/libmarisa.dylib
0x000000000aba3000 	/usr/lib/libChineseTokenizer.dylib
0x000000000aba3000 	/usr/lib/libcmph.dylib
0x000000000aba3000 	/usr/lib/libcompression.dylib
0x000000000aba3000 	/System/Library/Frameworks/ServiceManagement.framework/Versions/A/ServiceManagement
0x000000000aba3000 	/usr/lib/libxslt.1.dylib
0x000000000aba3000 	/System/Library/Frameworks/Carbon.framework/Versions/A/Frameworks/Ink.framework/Versions/A/Ink
0x000000000aba3000 	/usr/lib/libFosl_dynamic.dylib
0x000000000aba3000 	/System/Library/PrivateFrameworks/FaceCore.framework/Versions/A/FaceCore
0x000000000aba3000 	/System/Library/Frameworks/OpenCL.framework/Versions/A/OpenCL
0x000000000aba3000 	/System/Library/PrivateFrameworks/CrashReporterSupport.framework/Versions/A/CrashReporterSupport
0x000000000aba3000 	/System/Library/PrivateFrameworks/IconServices.framework/Versions/A/IconServices
0x000000000aba3000 	/System/Library/PrivateFrameworks/Apple80211.framework/Versions/A/Apple80211
0x000000000aba3000 	/System/Library/Frameworks/CoreWLAN.framework/Versions/A/CoreWLAN
0x000000000aba3000 	/System/Library/Frameworks/IOBluetooth.framework/Versions/A/IOBluetooth
0x000000000aba3000 	/System/Library/PrivateFrameworks/CoreWiFi.framework/Versions/A/CoreWiFi
0x000000000aba3000 	/System/Library/Frameworks/CoreBluetooth.framework/Versions/A/CoreBluetooth
0x000000000aba3000 	/System/Library/PrivateFrameworks/ChunkingLibrary.framework/Versions/A/ChunkingLibrary
0x000000000aba3000 	/System/Library/PrivateFrameworks/DebugSymbols.framework/Versions/A/DebugSymbols
0x000000000aba3000 	/System/Library/PrivateFrameworks/CoreSymbolication.framework/Versions/A/CoreSymbolication
0x000000000aba3000 	/System/Library/PrivateFrameworks/Symbolication.framework/Versions/A/Symbolication
0x000000000aba3000 	/System/Library/PrivateFrameworks/SpeechRecognitionCore.framework/Versions/A/SpeechRecognitionCore
0x000000010a852000 	/Library/Java/JavaVirtualMachines/jdk1.8.0_71.jdk/Contents/Home/jre/lib/server/libjvm.dylib
0x000000000aba3000 	/usr/lib/libstdc++.6.dylib
0x000000010b7e1000 	/Library/Java/JavaVirtualMachines/jdk1.8.0_71.jdk/Contents/Home/jre/lib/libverify.dylib
0x000000010bc00000 	/Library/Java/JavaVirtualMachines/jdk1.8.0_71.jdk/Contents/Home/jre/lib/libjava.dylib
0x000000010bc35000 	/Library/Java/JavaVirtualMachines/jdk1.8.0_71.jdk/Contents/Home/jre/lib/libzip.dylib
0x0000000120f60000 	/System/Library/Frameworks/JavaVM.framework/Frameworks/JavaRuntimeSupport.framework/JavaRuntimeSupport
0x0000000120f7b000 	/System/Library/Frameworks/JavaVM.framework/Versions/A/Frameworks/JavaNativeFoundation.framework/Versions/A/JavaNativeFoundation
0x0000000120f90000 	/System/Library/Frameworks/JavaVM.framework/Versions/A/JavaVM
0x000000000aba3000 	/System/Library/Frameworks/Carbon.framework/Versions/A/Carbon
0x0000000120f9d000 	/System/Library/PrivateFrameworks/JavaLaunching.framework/Versions/A/JavaLaunching
0x000000000aba3000 	/System/Library/Frameworks/Carbon.framework/Versions/A/Frameworks/CommonPanels.framework/Versions/A/CommonPanels
0x000000000aba3000 	/System/Library/Frameworks/Carbon.framework/Versions/A/Frameworks/Help.framework/Versions/A/Help
0x000000000aba3000 	/System/Library/Frameworks/Carbon.framework/Versions/A/Frameworks/ImageCapture.framework/Versions/A/ImageCapture
0x000000000aba3000 	/System/Library/Frameworks/Carbon.framework/Versions/A/Frameworks/OpenScripting.framework/Versions/A/OpenScripting
0x000000000aba3000 	/System/Library/Frameworks/Carbon.framework/Versions/A/Frameworks/Print.framework/Versions/A/Print
0x000000000aba3000 	/System/Library/Frameworks/Carbon.framework/Versions/A/Frameworks/SecurityHI.framework/Versions/A/SecurityHI
0x00000001228be000 	/Library/Java/JavaVirtualMachines/jdk1.8.0_71.jdk/Contents/Home/jre/lib/libawt.dylib
0x0000000122966000 	/Library/Java/JavaVirtualMachines/jdk1.8.0_71.jdk/Contents/Home/jre/lib/./libmlib_image.dylib
0x0000000122a32000 	/Library/Java/JavaVirtualMachines/jdk1.8.0_71.jdk/Contents/Home/jre/lib/libawt_lwawt.dylib
0x0000000122ae7000 	/Library/Java/JavaVirtualMachines/jdk1.8.0_71.jdk/Contents/Home/jre/lib/./libosxapp.dylib
0x000000000aba3000 	/System/Library/Frameworks/ExceptionHandling.framework/Versions/A/ExceptionHandling
0x000000000aba3000 	/System/Library/PrivateFrameworks/CoreServicesInternal.framework/Versions/A/CoreServicesInternal
0x000000000aba3000 	/System/Library/Frameworks/CoreGraphics.framework/Versions/A/Resources/libRIP.A.dylib
0x000000000aba3000 	/System/Library/Frameworks/Accelerate.framework/Versions/A/Frameworks/vImage.framework/Versions/A/Libraries/libCGInterfaces.dylib
0x000000000aba3000 	/System/Library/Frameworks/CoreGraphics.framework/Versions/A/Resources/libCGXType.A.dylib
0x000000000aba3000 	/System/Library/Frameworks/OpenCL.framework/Versions/A/Libraries/libcldcpuengine.dylib
0x000000000aba3000 	/System/Library/PrivateFrameworks/DiskImages.framework/Versions/A/DiskImages
0x000000000aba3000 	/System/Library/Frameworks/DiscRecording.framework/Versions/A/DiscRecording
0x000000000aba3000 	/usr/lib/libcsfde.dylib
0x000000000aba3000 	/usr/lib/libcurl.4.dylib
0x000000000aba3000 	/System/Library/PrivateFrameworks/MediaKit.framework/Versions/A/MediaKit
0x000000000aba3000 	/System/Library/PrivateFrameworks/ProtectedCloudStorage.framework/Versions/A/ProtectedCloudStorage
0x000000000aba3000 	/usr/lib/libCoreStorage.dylib
0x000000000aba3000 	/System/Library/PrivateFrameworks/EFILogin.framework/Versions/A/EFILogin
0x000000000aba3000 	/usr/lib/libutil.dylib
0x000000000aba3000 	/System/Library/PrivateFrameworks/FindMyDevice.framework/Versions/A/FindMyDevice
0x000000000aba3000 	/System/Library/Frameworks/LDAP.framework/Versions/A/LDAP
0x000000000aba3000 	/usr/lib/libsasl2.2.dylib
0x000000000aba3000 	/System/Library/PrivateFrameworks/CoreDaemon.framework/Versions/B/CoreDaemon
0x000000000aba3000 	/usr/lib/libcrypto.0.9.8.dylib
0x000000000aba3000 	/System/Library/PrivateFrameworks/AppleSRP.framework/Versions/A/AppleSRP
0x000000000aba3000 	/System/Library/PrivateFrameworks/TrustEvaluationAgent.framework/Versions/A/TrustEvaluationAgent
0x0000000124244000 	cl_kernels
0x000000000aba3000 	/System/Library/Frameworks/OpenCL.framework/Versions/A/Libraries/ImageFormats/unorm8_bgra.dylib
0x000000000aba3000 	/System/Library/Frameworks/OpenCL.framework/Versions/A/Libraries/ImageFormats/unorm8_rgba.dylib
0x000000000aba3000 	/System/Library/PrivateFrameworks/FamilyControls.framework/Versions/A/FamilyControls
0x000000000aba3000 	/System/Library/PrivateFrameworks/CommerceKit.framework/Versions/A/Frameworks/CommerceCore.framework/Versions/A/CommerceCore
0x000000000aba3000 	/System/Library/PrivateFrameworks/SystemAdministration.framework/Versions/A/SystemAdministration
0x000000000aba3000 	/System/Library/PrivateFrameworks/AppContainer.framework/Versions/A/AppContainer
0x000000000aba3000 	/System/Library/PrivateFrameworks/SecCodeWrapper.framework/Versions/A/SecCodeWrapper
0x000000000aba3000 	/System/Library/Frameworks/DirectoryService.framework/Versions/A/DirectoryService
0x000000000aba3000 	/System/Library/PrivateFrameworks/LoginUIKit.framework/Versions/A/Frameworks/LoginUICore.framework/Versions/A/LoginUICore
0x000000000aba3000 	/usr/lib/libodfde.dylib
0x000000000aba3000 	/System/Library/Frameworks/OpenGL.framework/Versions/A/Resources/GLEngine.bundle/GLEngine
0x000000000aba3000 	/System/Library/Frameworks/OpenGL.framework/Versions/A/Libraries/libGLProgrammability.dylib
0x0000000125281000 	/System/Library/Extensions/GeForceTeslaGLDriver.bundle/Contents/MacOS/GeForceTeslaGLDriver
0x0000000126e41000 	/System/Library/Extensions/GeForceTeslaGLDriver.bundle/Contents/MacOS/libclh.dylib
0x000000000aba3000 	/System/Library/PrivateFrameworks/GPUSupport.framework/Versions/A/Libraries/libGPUSupport.dylib
0x000000000aba3000 	/System/Library/Frameworks/OpenGL.framework/Versions/A/Resources/GLRendererFloat.bundle/GLRendererFloat
0x0000000127c0e000 	/Library/Java/JavaVirtualMachines/jdk1.8.0_71.jdk/Contents/Home/jre/lib/libfontmanager.dylib
0x00000001290a9000 	/Library/Java/JavaVirtualMachines/jdk1.8.0_71.jdk/Contents/Home/jre/lib/libosxui.dylib
0x0000000129e79000 	/Library/Java/JavaVirtualMachines/jdk1.8.0_71.jdk/Contents/Home/jre/lib/libnet.dylib
0x0000000129c8e000 	/Library/Java/JavaVirtualMachines/jdk1.8.0_71.jdk/Contents/Home/jre/lib/libnio.dylib
0x000000000aba3000 	/System/Library/Frameworks/ApplicationServices.framework/Versions/A/Frameworks/ATS.framework/Versions/A/Resources/libTrueTypeScaler.dylib
0x00000001237ef000 	/private/var/folders/gx/t9vq3cns2s73t5kjlnsql92h0000gn/T/jogamp_0000/file_cache/jln3947224189892576726/jln4748701416414742606/libgluegen-rt.jnilib
0x00000001237f4000 	/private/var/folders/gx/t9vq3cns2s73t5kjlnsql92h0000gn/T/jogamp_0000/file_cache/jln3947224189892576726/jln4748701416414742606/libnativewindow_awt.jnilib
0x00000001237f7000 	/Library/Java/JavaVirtualMachines/jdk1.8.0_71.jdk/Contents/Home/jre/lib/libjawt.dylib
0x00000001237fa000 	/private/var/folders/gx/t9vq3cns2s73t5kjlnsql92h0000gn/T/jogamp_0000/file_cache/jln3947224189892576726/jln4748701416414742606/libnativewindow_macosx.jnilib
0x000000017dd30000 	/private/var/folders/gx/t9vq3cns2s73t5kjlnsql92h0000gn/T/jogamp_0000/file_cache/jln3947224189892576726/jln4748701416414742606/libjogl_desktop.jnilib

VM Arguments:
jvm_args: -Djava.security.policy=java.policy.applet -Dfile.encoding=UTF-8 
java_command: sun.applet.AppletViewer guiModule.LifeExpectancy1461261075133.html
java_class_path (initial): /Users/Leland/Eclipse/workspace/UCSDUnfoldingMaps/build:/Users/Leland/Eclipse/workspace/UCSDUnfoldingMaps/lib/core.jar:/Users/Leland/Eclipse/workspace/UCSDUnfoldingMaps/lib/gluegen-rt.jar:/Users/Leland/Eclipse/workspace/UCSDUnfoldingMaps/lib/jogl-all.jar:/Users/Leland/Eclipse/workspace/UCSDUnfoldingMaps/lib/log4j-1.2.15.jar:/Users/Leland/Eclipse/workspace/UCSDUnfoldingMaps/lib/sqlite-jdbc-3.7.2.jar:/Users/Leland/Eclipse/workspace/UCSDUnfoldingMaps/lib/json4processing.jar:/Users/Leland/Eclipse/workspace/UCSDUnfoldingMaps/lib/libTUIO.jar:/Users/Leland/Eclipse/workspace/UCSDUnfoldingMaps/lib/unfolding.0.9.7-uscd.jar
Launcher Type: SUN_STANDARD

Environment Variables:
PATH=/usr/bin:/bin:/usr/sbin:/sbin
SHELL=/bin/bash

Signal Handlers:
SIGSEGV: [libjvm.dylib+0x5a68c5], sa_mask[0]=11111111011111110111111111111111, sa_flags=SA_ONSTACK|SA_RESTART|SA_SIGINFO
SIGBUS: [libjvm.dylib+0x5a68c5], sa_mask[0]=11111111011111110111111111111111, sa_flags=SA_RESTART|SA_SIGINFO
SIGFPE: [libjvm.dylib+0x4805d4], sa_mask[0]=11111111011111110111111111111111, sa_flags=SA_RESTART|SA_SIGINFO
SIGPIPE: [libjvm.dylib+0x4805d4], sa_mask[0]=11111111011111110111111111111111, sa_flags=SA_RESTART|SA_SIGINFO
SIGXFSZ: [libjvm.dylib+0x4805d4], sa_mask[0]=11111111011111110111111111111111, sa_flags=SA_RESTART|SA_SIGINFO
SIGILL: [libjvm.dylib+0x4805d4], sa_mask[0]=11111111011111110111111111111111, sa_flags=SA_RESTART|SA_SIGINFO
SIGUSR1: SIG_DFL, sa_mask[0]=00000000000000000000000000000000, sa_flags=none
SIGUSR2: [libjvm.dylib+0x4800f2], sa_mask[0]=00100000000000000000000000000000, sa_flags=SA_RESTART|SA_SIGINFO
SIGHUP: [libjvm.dylib+0x47e6c9], sa_mask[0]=11111111011111110111111111111111, sa_flags=SA_RESTART|SA_SIGINFO
SIGINT: [libjvm.dylib+0x47e6c9], sa_mask[0]=11111111011111110111111111111111, sa_flags=SA_RESTART|SA_SIGINFO
SIGTERM: [libjvm.dylib+0x47e6c9], sa_mask[0]=11111111011111110111111111111111, sa_flags=SA_RESTART|SA_SIGINFO
SIGQUIT: [libjvm.dylib+0x47e6c9], sa_mask[0]=11111111011111110111111111111111, sa_flags=SA_RESTART|SA_SIGINFO


---------------  S Y S T E M  ---------------

OS:Bsduname:Darwin 15.3.0 Darwin Kernel Version 15.3.0: Thu Dec 10 18:40:58 PST 2015; root:xnu-3248.30.4~1/RELEASE_X86_64 x86_64
rlimit: STACK 8192k, CORE 0k, NPROC 709, NOFILE 10240, AS infinity
load average:1.72 1.95 2.06

CPU:total 2 (2 cores per cpu, 1 threads per core) family 6 model 23 stepping 10, cmov, cx8, fxsr, mmx, sse, sse2, sse3, ssse3, sse4.1, tsc

Memory: 4k page, physical 8388608k(1655244k free)

/proc/meminfo:


vm_info: Java HotSpot(TM) 64-Bit Server VM (25.71-b15) for bsd-amd64 JRE (1.8.0_71-b15), built on Dec 22 2015 15:11:44 by "java_re" with gcc 4.2.1 (Based on Apple Inc. build 5658) (LLVM build 2336.11.00)

time: Thu Apr 21 13:52:14 2016
elapsed time: 59 seconds (0d 0h 0m 59s)

