#
# A fatal error has been detected by the Java Runtime Environment:
#
#  SIGSEGV (0xb) at pc=0x00007fff955c14dd, pid=9678, tid=2571
#
# JRE version: Java(TM) SE Runtime Environment (8.0_71-b15) (build 1.8.0_71-b15)
# Java VM: Java HotSpot(TM) 64-Bit Server VM (25.71-b15 mixed mode bsd-amd64 compressed oops)
# Problematic frame:
# C  [libobjc.A.dylib+0x14dd]  objc_msgSend+0x1d
#
# Failed to write core dump. Core dumps have been disabled. To enable core dumping, try "ulimit -c unlimited" before starting Java again
#
# If you would like to submit a bug report, please visit:
#   http://bugreport.java.com/bugreport/crash.jsp
# The crash happened outside the Java Virtual Machine in native code.
# See problematic frame for where to report the bug.
#

---------------  T H R E A D  ---------------

Current thread (0x00007fc62a9d9000):  JavaThread "AWT-AppKit" daemon [_thread_in_native, id=2571, stack(0x00007fff5c9b7000,0x00007fff5d1b7000)]

siginfo: si_signo: 11 (SIGSEGV), si_code: 1 (SEGV_MAPERR), si_addr: 0x0000000000000018

Registers:
RAX=0x00007fc62cef8220, RBX=0x000000011bcd2450, RCX=0x000000011bc926c0, RDX=0x000000011bc92480
RSP=0x00007fff5d1b24a8, RBP=0x00007fff5d1b2560, RSI=0x00007fff9b149d0e, RDI=0x00007fc62cdf8560
R8 =0x0000000000000000, R9 =0x00000000000008c0, R10=0x00007fff9b149d0e, R11=0x0000000000000000
R12=0x0000000000000000, R13=0x000000017658bfb0, R14=0x000000011bcd2440, R15=0x00007fc62a9d9000
RIP=0x00007fff955c14dd, EFLAGS=0x0000000000010246, ERR=0x0000000000000004
  TRAPNO=0x000000000000000e

Top of Stack: (sp=0x00007fff5d1b24a8)
0x00007fff5d1b24a8:   000000011bcd0157 00007fff5d1b2500
0x00007fff5d1b24b8:   0000000000000003 00007fff5d1b24e0
0x00007fff5d1b24c8:   0000000102eb5d66 000000017658bfb0
0x00007fff5d1b24d8:   000000017658bfb0 00007fc62cef8220
0x00007fff5d1b24e8:   000000011bcd26a0 000000011bcd2710
0x00007fff5d1b24f8:   00007fff7e9b6770 00007fff7d66e500
0x00007fff5d1b2508:   000000011bcd2450 000000011bcd2690
0x00007fff5d1b2518:   00007fc62cef8220 00007fc62cdf8560
0x00007fff5d1b2528:   00007fc62cef2c20 00007fc62cef8220
0x00007fff5d1b2538:   00007fc62cdf8560 00007fff5d1b25e0
0x00007fff5d1b2548:   00007fc62a9d91f8 000000017658bfb0
0x00007fff5d1b2558:   00007fff5d1b2608 00007fff5d1b25d0
0x00007fff5d1b2568:   0000000103cbd4d4 00007fff5d1b25d0
0x00007fff5d1b2578:   0000000103cbd259 0000000103cc9383
0x00007fff5d1b2588:   0000000103cbd222 00007fff5d1b2590
0x00007fff5d1b2598:   000000017658bfb0 00007fff5d1b2608
0x00007fff5d1b25a8:   000000017658ebe8 0000000000000000
0x00007fff5d1b25b8:   000000017658bfb0 0000000000000000
0x00007fff5d1b25c8:   00007fff5d1b25f0 00007fff5d1b2650
0x00007fff5d1b25d8:   0000000103cb198d 00000007403f1410
0x00007fff5d1b25e8:   0000000103cb92b8 00007fc62cef8220
0x00007fff5d1b25f8:   0000000103cbaaf9 00007fc62cdf8560
0x00007fff5d1b2608:   0000000103cbaac2 00007fff5d1b2610
0x00007fff5d1b2618:   000000017658c17a 00007fff5d1b2678
0x00007fff5d1b2628:   000000017658ebe8 0000000000000000
0x00007fff5d1b2638:   000000017658c188 00007fff5d1b25f0
0x00007fff5d1b2648:   00007fff5d1b2660 00007fff5d1b26c0
0x00007fff5d1b2658:   0000000103cb198d 00007fc62cef8220
0x00007fff5d1b2668:   0000000740acd5c0 00007fc62cdf8560
0x00007fff5d1b2678:   0000000740acd5c0 00007fff5d1b2680
0x00007fff5d1b2688:   00000001796995d6 00007fff5d1b26d0
0x00007fff5d1b2698:   0000000179699690 0000000000000000 

Instructions: (pc=0x00007fff955c14dd)
0x00007fff955c14bd:   44 00 00 48 85 ff 2e 74 62 40 f6 c7 01 2e 75 66
0x00007fff955c14cd:   49 bb f8 ff ff ff ff 7f 00 00 4c 23 1f 49 89 f2
0x00007fff955c14dd:   45 23 53 18 49 c1 e2 04 4d 03 53 10 49 3b 32 75
0x00007fff955c14ed:   04 41 ff 62 08 49 83 3a 01 76 0d 49 83 c2 10 49 

Register to memory mapping:

RAX=0x00007fc62cef8220 is an unknown value
RBX=0x000000011bcd2450: Java_jogamp_nativewindow_macosx_OSXUtil_GetScreenRefreshRate0+0x1cf0 in /private/var/folders/gx/t9vq3cns2s73t5kjlnsql92h0000gn/T/jogamp_0000/file_cache/jln1855242317779767615/jln4975309390150738966/libnativewindow_macosx.jnilib at 0x000000011bccb000
RCX=0x000000011bc926c0 is an unknown value
RDX=0x000000011bc92480 is an unknown value
RSP=0x00007fff5d1b24a8 is pointing into the stack for thread: 0x00007fc62a9d9000
RBP=0x00007fff5d1b2560 is pointing into the stack for thread: 0x00007fc62a9d9000
RSI=0x00007fff9b149d0e is an unknown value
RDI=0x00007fc62cdf8560 is an unknown value
R8 =0x0000000000000000 is an unknown value
R9 =0x00000000000008c0 is an unknown value
R10=0x00007fff9b149d0e is an unknown value
R11=0x0000000000000000 is an unknown value
R12=0x0000000000000000 is an unknown value
R13={method} {0x000000017658bfb0} 'UnsetJAWTRootSurfaceLayer0' '(JJ)V' in 'jogamp/nativewindow/jawt/macosx/MacOSXJAWTWindow'
R14=0x000000011bcd2440: Java_jogamp_nativewindow_macosx_OSXUtil_GetScreenRefreshRate0+0x1ce0 in /private/var/folders/gx/t9vq3cns2s73t5kjlnsql92h0000gn/T/jogamp_0000/file_cache/jln1855242317779767615/jln4975309390150738966/libnativewindow_macosx.jnilib at 0x000000011bccb000
R15=0x00007fc62a9d9000 is a thread


Stack: [0x00007fff5c9b7000,0x00007fff5d1b7000],  sp=0x00007fff5d1b24a8,  free space=8173k
Native frames: (J=compiled Java code, j=interpreted, Vv=VM code, C=native code)
C  [libobjc.A.dylib+0x14dd]  objc_msgSend+0x1d
j  jogamp.nativewindow.jawt.macosx.MacOSXJAWTWindow.UnsetJAWTRootSurfaceLayer0(JJ)V+0
j  jogamp.nativewindow.jawt.macosx.MacOSXJAWTWindow.access$200(JJ)V+2
j  jogamp.nativewindow.jawt.macosx.MacOSXJAWTWindow$1.run()V+38
j  com.jogamp.common.util.RunnableTask.run()V+24
v  ~StubRoutines::call_stub
V  [libjvm.dylib+0x2ea59a]
V  [libjvm.dylib+0x3216a3]
V  [libjvm.dylib+0x313e77]
C  [libnativewindow_macosx.jnilib+0x5326]  Java_jogamp_nativewindow_jawt_macosx_MacOSXJAWTWindow_UnsetJAWTRootSurfaceLayer0+0x2b6
C  [Foundation+0x8dd4b]  __NSThreadPerformPerform+0x117
C  [CoreFoundation+0x7e5c1]  __CFRUNLOOP_IS_CALLING_OUT_TO_A_SOURCE0_PERFORM_FUNCTION__+0x11
C  [CoreFoundation+0x70397]  __CFRunLoopDoSources0+0x1a7
C  [CoreFoundation+0x6f93f]  __CFRunLoopRun+0x39f
C  [CoreFoundation+0x6f338]  CFRunLoopRunSpecific+0x128
C  [HIToolbox+0x30935]  RunCurrentEventLoopInMode+0xeb
C  [HIToolbox+0x30677]  ReceiveNextEventCommon+0xb8
C  [HIToolbox+0x305af]  _BlockUntilNextEventMatchingListInModeWithFilter+0x47
C  [AppKit+0x8a0ee]  _DPSNextEvent+0x42b
C  [AppKit+0x456943]  -[NSApplication _nextEventMatchingEventMask:untilDate:inMode:dequeue:]+0x1c6
C  [libosxapp.dylib+0x23aa]  -[NSApplicationAWT nextEventMatchingMask:untilDate:inMode:dequeue:]+0x7c
C  [AppKit+0x7ffc8]  -[NSApplication run]+0x2aa
C  [libosxapp.dylib+0x214d]  +[NSApplicationAWT runAWTLoopWithApp:]+0x9c
C  [libawt_lwawt.dylib+0x4455b]  -[AWTStarter starter:]+0x389
C  [Foundation+0x8dd4b]  __NSThreadPerformPerform+0x117
C  [CoreFoundation+0x7e5c1]  __CFRUNLOOP_IS_CALLING_OUT_TO_A_SOURCE0_PERFORM_FUNCTION__+0x11
C  [CoreFoundation+0x7041c]  __CFRunLoopDoSources0+0x22c
C  [CoreFoundation+0x6f93f]  __CFRunLoopRun+0x39f
C  [CoreFoundation+0x6f338]  CFRunLoopRunSpecific+0x128
C  [java+0x6463]  CreateExecutionEnvironment+0x367
C  [java+0x21ac]  JLI_Launch+0x7a0
C  [java+0x84c0]  main+0x65
C  [java+0x1a04]  start+0x34
C  0x0000000000000007

Java frames: (J=compiled Java code, j=interpreted, Vv=VM code)
j  jogamp.nativewindow.jawt.macosx.MacOSXJAWTWindow.UnsetJAWTRootSurfaceLayer0(JJ)V+0
j  jogamp.nativewindow.jawt.macosx.MacOSXJAWTWindow.access$200(JJ)V+2
j  jogamp.nativewindow.jawt.macosx.MacOSXJAWTWindow$1.run()V+38
j  com.jogamp.common.util.RunnableTask.run()V+24
v  ~StubRoutines::call_stub

---------------  P R O C E S S  ---------------

Java Threads: ( => current thread )
  0x00007fc62df81800 JavaThread "Thread-59" [_thread_in_native, id=60435, stack(0x000070000186b000,0x000070000196b000)]
  0x00007fc62da77800 JavaThread "Thread-58" [_thread_blocked, id=41255, stack(0x00007000019f1000,0x0000700001af1000)]
  0x00007fc62ade0000 JavaThread "Thread-47" [_thread_in_native, id=34679, stack(0x0000700000d41000,0x0000700000e41000)]
  0x00007fc62ae3b000 JavaThread "Image Fetcher 1" daemon [_thread_blocked, id=62195, stack(0x0000700001d7a000,0x0000700001e7a000)]
  0x00007fc62da7e800 JavaThread "Image Fetcher 0" daemon [_thread_blocked, id=64031, stack(0x0000700001c77000,0x0000700001d77000)]
  0x00007fc62da7e000 JavaThread "Keep-Alive-Timer" daemon [_thread_blocked, id=63767, stack(0x0000700001b74000,0x0000700001c74000)]
  0x00007fc62b543000 JavaThread "AWT-EventQueue-1" [_thread_in_native, id=57619, stack(0x00007000015e2000,0x00007000016e2000)]
  0x00007fc62a805800 JavaThread "DestroyJavaVM" [_thread_blocked, id=4099, stack(0x0000700000084000,0x0000700000184000)]
  0x00007fc62b327800 JavaThread "AWT-EventQueue-0" [_thread_blocked, id=55303, stack(0x00007000013dc000,0x00007000014dc000)]
  0x00007fc62b2bd000 JavaThread "Java2D Disposer" daemon [_thread_blocked, id=51971, stack(0x0000700001153000,0x0000700001253000)]
  0x00007fc62aa42000 JavaThread "Java2D Queue Flusher" daemon [_thread_blocked, id=49159, stack(0x0000700001050000,0x0000700001150000)]
  0x00007fc62b1e9000 JavaThread "AWT-Shutdown" [_thread_blocked, id=28179, stack(0x0000700000e47000,0x0000700000f47000)]
=>0x00007fc62a9d9000 JavaThread "AWT-AppKit" daemon [_thread_in_native, id=2571, stack(0x00007fff5c9b7000,0x00007fff5d1b7000)]
  0x00007fc62b0cb800 JavaThread "Service Thread" daemon [_thread_blocked, id=17155, stack(0x0000700000b3b000,0x0000700000c3b000)]
  0x00007fc62a841000 JavaThread "C1 CompilerThread1" daemon [_thread_blocked, id=16643, stack(0x0000700000a38000,0x0000700000b38000)]
  0x00007fc62b07e800 JavaThread "C2 CompilerThread0" daemon [_thread_blocked, id=16131, stack(0x0000700000935000,0x0000700000a35000)]
  0x00007fc62b07d800 JavaThread "Signal Dispatcher" daemon [_thread_blocked, id=15631, stack(0x0000700000832000,0x0000700000932000)]
  0x00007fc62a831000 JavaThread "Finalizer" daemon [_thread_blocked, id=10755, stack(0x0000700000629000,0x0000700000729000)]
  0x00007fc62a82a800 JavaThread "Reference Handler" daemon [_thread_blocked, id=10243, stack(0x0000700000526000,0x0000700000626000)]

Other Threads:
  0x00007fc62a828000 VMThread [stack: 0x0000700000423000,0x0000700000523000] [id=9731]
  0x00007fc62a840800 WatcherThread [stack: 0x0000700000c3e000,0x0000700000d3e000] [id=17667]

VM state:not at safepoint (normal execution)

VM Mutex/Monitor currently owned by a thread: None

Heap:
 PSYoungGen      total 372736K, used 17310K [0x0000000795580000, 0x00000007beb00000, 0x00000007c0000000)
  eden space 370176K, 4% used [0x0000000795580000,0x00000007963f7a90,0x00000007abf00000)
  from space 2560K, 97% used [0x00000007be880000,0x00000007beaf0090,0x00000007beb00000)
  to   space 10752K, 0% used [0x00000007bd600000,0x00000007bd600000,0x00000007be080000)
 ParOldGen       total 87552K, used 26697K [0x0000000740000000, 0x0000000745580000, 0x0000000795580000)
  object space 87552K, 30% used [0x0000000740000000,0x0000000741a12540,0x0000000745580000)
 Metaspace       used 19487K, capacity 19755K, committed 19968K, reserved 1067008K
  class space    used 1924K, capacity 2016K, committed 2048K, reserved 1048576K

Card table byte_map: [0x000000011306a000,0x000000011346b000] byte_map_base: 0x000000010f66a000

Marking Bits: (ParMarkBitMap*) 0x00000001035a8ea0
 Begin Bits: [0x0000000113c00000, 0x0000000115c00000)
 End Bits:   [0x0000000115c00000, 0x0000000117c00000)

Polling page: 0x0000000103c97000

CodeCache: size=245760Kb used=7523Kb max_used=8025Kb free=238236Kb
 bounds [0x0000000103caa000, 0x00000001044ba000, 0x0000000112caa000]
 total_blobs=3033 nmethods=2156 adapters=792
 compilation: enabled

Compilation events (10 events):
Event: 17.363 Thread 0x00007fc62a841000 2647       3       sun.java2d.pipe.RenderQueue::unlock (4 bytes)
Event: 17.364 Thread 0x00007fc62a841000 nmethod 2647 0x000000010417f550 code [0x000000010417f6e0, 0x000000010417fa48]
Event: 17.366 Thread 0x00007fc62b07e800 2648  s!   4       sun.misc.URLClassPath::getLoader (197 bytes)
Event: 17.370 Thread 0x00007fc62a841000 2649       3       java.net.SocketInputStream::available (8 bytes)
Event: 17.370 Thread 0x00007fc62a841000 nmethod 2649 0x000000010417f110 code [0x000000010417f280, 0x000000010417f4a8]
Event: 17.370 Thread 0x00007fc62a841000 2650  s!   3       java.net.AbstractPlainSocketImpl::available (82 bytes)
Event: 17.371 Thread 0x00007fc62a841000 nmethod 2650 0x000000010417d210 code [0x000000010417d440, 0x000000010417ea38]
Event: 17.373 Thread 0x00007fc62b07e800 nmethod 2648 0x0000000104177a10 code [0x0000000104177b80, 0x0000000104178378]
Event: 17.391 Thread 0x00007fc62b07e800 2651       4       java.util.Arrays::copyOf (19 bytes)
Event: 17.396 Thread 0x00007fc62b07e800 nmethod 2651 0x0000000104178910 code [0x0000000104178a60, 0x0000000104178c38]

GC Heap History (10 events):
Event: 10.353 GC heap before
{Heap before GC invocations=10 (full 0):
 PSYoungGen      total 278528K, used 265824K [0x0000000795580000, 0x00000007b0e00000, 0x00000007c0000000)
  eden space 265728K, 100% used [0x0000000795580000,0x00000007a5900000,0x00000007a5900000)
  from space 12800K, 0% used [0x00000007a5900000,0x00000007a5918000,0x00000007a6580000)
  to   space 12800K, 0% used [0x00000007b0180000,0x00000007b0180000,0x00000007b0e00000)
 ParOldGen       total 87552K, used 15464K [0x0000000740000000, 0x0000000745580000, 0x0000000795580000)
  object space 87552K, 17% used [0x0000000740000000,0x0000000740f1a220,0x0000000745580000)
 Metaspace       used 19223K, capacity 19403K, committed 19712K, reserved 1067008K
  class space    used 1916K, capacity 1984K, committed 2048K, reserved 1048576K
Event: 10.355 GC heap after
Heap after GC invocations=10 (full 0):
 PSYoungGen      total 438272K, used 384K [0x0000000795580000, 0x00000007b0e00000, 0x00000007c0000000)
  eden space 425472K, 0% used [0x0000000795580000,0x0000000795580000,0x00000007af500000)
  from space 12800K, 3% used [0x00000007b0180000,0x00000007b01e0010,0x00000007b0e00000)
  to   space 12800K, 0% used [0x00000007af500000,0x00000007af500000,0x00000007b0180000)
 ParOldGen       total 87552K, used 15480K [0x0000000740000000, 0x0000000745580000, 0x0000000795580000)
  object space 87552K, 17% used [0x0000000740000000,0x0000000740f1e220,0x0000000745580000)
 Metaspace       used 19223K, capacity 19403K, committed 19712K, reserved 1067008K
  class space    used 1916K, capacity 1984K, committed 2048K, reserved 1048576K
}
Event: 12.229 GC heap before
{Heap before GC invocations=11 (full 0):
 PSYoungGen      total 438272K, used 425856K [0x0000000795580000, 0x00000007b0e00000, 0x00000007c0000000)
  eden space 425472K, 100% used [0x0000000795580000,0x00000007af500000,0x00000007af500000)
  from space 12800K, 3% used [0x00000007b0180000,0x00000007b01e0010,0x00000007b0e00000)
  to   space 12800K, 0% used [0x00000007af500000,0x00000007af500000,0x00000007b0180000)
 ParOldGen       total 87552K, used 15480K [0x0000000740000000, 0x0000000745580000, 0x0000000795580000)
  object space 87552K, 17% used [0x0000000740000000,0x0000000740f1e220,0x0000000745580000)
 Metaspace       used 19304K, capacity 19531K, committed 19712K, reserved 1067008K
  class space    used 1916K, capacity 1984K, committed 2048K, reserved 1048576K
Event: 12.237 GC heap after
Heap after GC invocations=11 (full 0):
 PSYoungGen      total 438272K, used 5120K [0x0000000795580000, 0x00000007bff00000, 0x00000007c0000000)
  eden space 425472K, 0% used [0x0000000795580000,0x0000000795580000,0x00000007af500000)
  from space 12800K, 40% used [0x00000007af500000,0x00000007afa00150,0x00000007b0180000)
  to   space 12288K, 0% used [0x00000007bf300000,0x00000007bf300000,0x00000007bff00000)
 ParOldGen       total 87552K, used 15512K [0x0000000740000000, 0x0000000745580000, 0x0000000795580000)
  object space 87552K, 17% used [0x0000000740000000,0x0000000740f26220,0x0000000745580000)
 Metaspace       used 19304K, capacity 19531K, committed 19712K, reserved 1067008K
  class space    used 1916K, capacity 1984K, committed 2048K, reserved 1048576K
}
Event: 14.076 GC heap before
{Heap before GC invocations=12 (full 0):
 PSYoungGen      total 438272K, used 430592K [0x0000000795580000, 0x00000007bff00000, 0x00000007c0000000)
  eden space 425472K, 100% used [0x0000000795580000,0x00000007af500000,0x00000007af500000)
  from space 12800K, 40% used [0x00000007af500000,0x00000007afa00150,0x00000007b0180000)
  to   space 12288K, 0% used [0x00000007bf300000,0x00000007bf300000,0x00000007bff00000)
 ParOldGen       total 87552K, used 15512K [0x0000000740000000, 0x0000000745580000, 0x0000000795580000)
  object space 87552K, 17% used [0x0000000740000000,0x0000000740f26220,0x0000000745580000)
 Metaspace       used 19358K, capacity 19531K, committed 19712K, reserved 1067008K
  class space    used 1916K, capacity 1984K, committed 2048K, reserved 1048576K
Event: 14.085 GC heap after
Heap after GC invocations=12 (full 0):
 PSYoungGen      total 410112K, used 3744K [0x0000000795580000, 0x00000007bf700000, 0x00000007c0000000)
  eden space 406016K, 0% used [0x0000000795580000,0x0000000795580000,0x00000007ae200000)
  from space 4096K, 91% used [0x00000007bf300000,0x00000007bf6a80e0,0x00000007bf700000)
  to   space 11776K, 0% used [0x00000007be000000,0x00000007be000000,0x00000007beb80000)
 ParOldGen       total 87552K, used 19728K [0x0000000740000000, 0x0000000745580000, 0x0000000795580000)
  object space 87552K, 22% used [0x0000000740000000,0x0000000741344380,0x0000000745580000)
 Metaspace       used 19358K, capacity 19531K, committed 19712K, reserved 1067008K
  class space    used 1916K, capacity 1984K, committed 2048K, reserved 1048576K
}
Event: 15.708 GC heap before
{Heap before GC invocations=13 (full 0):
 PSYoungGen      total 410112K, used 409760K [0x0000000795580000, 0x00000007bf700000, 0x00000007c0000000)
  eden space 406016K, 100% used [0x0000000795580000,0x00000007ae200000,0x00000007ae200000)
  from space 4096K, 91% used [0x00000007bf300000,0x00000007bf6a80e0,0x00000007bf700000)
  to   space 11776K, 0% used [0x00000007be000000,0x00000007be000000,0x00000007beb80000)
 ParOldGen       total 87552K, used 19728K [0x0000000740000000, 0x0000000745580000, 0x0000000795580000)
  object space 87552K, 22% used [0x0000000740000000,0x0000000741344380,0x0000000745580000)
 Metaspace       used 19405K, capacity 19595K, committed 19712K, reserved 1067008K
  class space    used 1916K, capacity 1984K, committed 2048K, reserved 1048576K
Event: 15.718 GC heap after
Heap after GC invocations=13 (full 0):
 PSYoungGen      total 392704K, used 5024K [0x0000000795580000, 0x00000007bf380000, 0x00000007c0000000)
  eden space 387584K, 0% used [0x0000000795580000,0x0000000795580000,0x00000007ad000000)
  from space 5120K, 98% used [0x00000007be000000,0x00000007be4e8130,0x00000007be500000)
  to   space 11264K, 0% used [0x00000007be880000,0x00000007be880000,0x00000007bf380000)
 ParOldGen       total 87552K, used 22313K [0x0000000740000000, 0x0000000745580000, 0x0000000795580000)
  object space 87552K, 25% used [0x0000000740000000,0x00000007415ca420,0x0000000745580000)
 Metaspace       used 19405K, capacity 19595K, committed 19712K, reserved 1067008K
  class space    used 1916K, capacity 1984K, committed 2048K, reserved 1048576K
}
Event: 17.306 GC heap before
{Heap before GC invocations=14 (full 0):
 PSYoungGen      total 392704K, used 392608K [0x0000000795580000, 0x00000007bf380000, 0x00000007c0000000)
  eden space 387584K, 100% used [0x0000000795580000,0x00000007ad000000,0x00000007ad000000)
  from space 5120K, 98% used [0x00000007be000000,0x00000007be4e8130,0x00000007be500000)
  to   space 11264K, 0% used [0x00000007be880000,0x00000007be880000,0x00000007bf380000)
 ParOldGen       total 87552K, used 22313K [0x0000000740000000, 0x0000000745580000, 0x0000000795580000)
  object space 87552K, 25% used [0x0000000740000000,0x00000007415ca420,0x0000000745580000)
 Metaspace       used 19460K, capacity 19659K, committed 19968K, reserved 1067008K
  class space    used 1918K, capacity 1984K, committed 2048K, reserved 1048576K
Event: 17.314 GC heap after
Heap after GC invocations=14 (full 0):
 PSYoungGen      total 372736K, used 2496K [0x0000000795580000, 0x00000007beb00000, 0x00000007c0000000)
  eden space 370176K, 0% used [0x0000000795580000,0x0000000795580000,0x00000007abf00000)
  from space 2560K, 97% used [0x00000007be880000,0x00000007beaf0090,0x00000007beb00000)
  to   space 10752K, 0% used [0x00000007bd600000,0x00000007bd600000,0x00000007be080000)
 ParOldGen       total 87552K, used 26697K [0x0000000740000000, 0x0000000745580000, 0x0000000795580000)
  object space 87552K, 30% used [0x0000000740000000,0x0000000741a12540,0x0000000745580000)
 Metaspace       used 19460K, capacity 19659K, committed 19968K, reserved 1067008K
  class space    used 1918K, capacity 1984K, committed 2048K, reserved 1048576K
}

Deoptimization events (9 events):
Event: 2.173 Thread 0x00007fc62ac20800 Uncommon trap: reason=unstable_if action=reinterpret pc=0x0000000103e71da0 method=java.lang.String.toLowerCase(Ljava/util/Locale;)Ljava/lang/String; @ 85
Event: 2.576 Thread 0x00007fc62b5c4800 Uncommon trap: reason=unstable_if action=reinterpret pc=0x0000000103e5d894 method=java.lang.String.indexOf([CII[CIII)I @ 3
Event: 4.551 Thread 0x00007fc62b543000 Uncommon trap: reason=unstable_if action=reinterpret pc=0x0000000103e4f0d4 method=java.lang.AbstractStringBuilder.append(Ljava/lang/String;)Ljava/lang/AbstractStringBuilder; @ 1
Event: 7.559 Thread 0x00007fc62b543000 Uncommon trap: reason=unstable_if action=reinterpret pc=0x00000001043036b0 method=jogamp.opengl.glu.tessellator.Sweep.CheckForIntersect(Ljogamp/opengl/glu/tessellator/GLUtessellatorImpl;Ljogamp/opengl/glu/tessellator/ActiveRegion;)Z @ 287
Event: 11.186 Thread 0x00007fc62e854000 Uncommon trap: reason=unstable_if action=reinterpret pc=0x0000000103e72420 method=java.io.BufferedInputStream.read()I @ 23
Event: 11.214 Thread 0x00007fc62b543000 Uncommon trap: reason=unstable_if action=reinterpret pc=0x0000000103feddd8 method=java.text.DigitList.getDataChars(I)[C @ 13
Event: 11.214 Thread 0x00007fc62b543000 Uncommon trap: reason=unstable_if action=reinterpret pc=0x00000001044329b0 method=java.text.DecimalFormat.subformat(Ljava/lang/StringBuffer;Ljava/text/Format$FieldDelegate;ZZIIII)Ljava/lang/StringBuffer; @ 753
Event: 17.279 Thread 0x00007fc62b543000 Uncommon trap: reason=unstable_if action=reinterpret pc=0x000000010410b9a8 method=com.jogamp.common.util.VersionNumber.compareTo(Lcom/jogamp/common/util/VersionNumber;)I @ 21
Event: 17.418 Thread 0x00007fc62b543000 Uncommon trap: reason=unstable_if action=reinterpret pc=0x000000010437804c method=java.security.AccessControlContext.optimize()Ljava/security/AccessControlContext; @ 233

Internal exceptions (10 events):
Event: 0.288 Thread 0x00007fc62a805800 Exception <a 'java/lang/NoSuchFieldError': method resolution failed> (0x000000079582afe8) thrown at [/Users/java_re/workspace/8-2-build-macosx-x86_64/jdk8u71/5731/hotspot/src/share/vm/prims/methodHandles.cpp, line 1146]
Event: 0.291 Thread 0x00007fc62a805800 Exception <a 'java/lang/NoSuchFieldError': method resolution failed> (0x00000007958387b8) thrown at [/Users/java_re/workspace/8-2-build-macosx-x86_64/jdk8u71/5731/hotspot/src/share/vm/prims/methodHandles.cpp, line 1146]
Event: 0.515 Thread 0x00007fc62a805800 Exception <a 'java/io/FileNotFoundException'> (0x00000007958b44d8) thrown at [/Users/java_re/workspace/8-2-build-macosx-x86_64/jdk8u71/5731/hotspot/src/share/vm/prims/jni.cpp, line 709]
Event: 0.516 Thread 0x00007fc62a805800 Exception <a 'java/io/FileNotFoundException'> (0x00000007958b5020) thrown at [/Users/java_re/workspace/8-2-build-macosx-x86_64/jdk8u71/5731/hotspot/src/share/vm/prims/jni.cpp, line 709]
Event: 0.714 Thread 0x00007fc62a805800 Exception <a 'java/io/FileNotFoundException'> (0x00000007959f0130) thrown at [/Users/java_re/workspace/8-2-build-macosx-x86_64/jdk8u71/5731/hotspot/src/share/vm/prims/jni.cpp, line 709]
Event: 2.616 Thread 0x00007fc62b5c4800 Exception <a 'java/lang/UnsatisfiedLinkError': com.jogamp.common.util.JarUtil.fixNativeLibAttribs(Ljava/lang/String;)Z> (0x0000000796af7dd8) thrown at [/Users/java_re/workspace/8-2-build-macosx-x86_64/jdk8u71/5731/hotspot/src/share/vm/prims/nativeLookup.c
Event: 3.202 Thread 0x00007fc62a831000 Exception <a 'java/lang/NullPointerException'> (0x00000007956a5098) thrown at [/Users/java_re/workspace/8-2-build-macosx-x86_64/jdk8u71/5731/hotspot/src/share/vm/interpreter/linkResolver.cpp, line 1178]
Event: 4.550 Thread 0x00007fc62b543000 Exception <a 'java/io/FileNotFoundException'> (0x0000000795f6e268) thrown at [/Users/java_re/workspace/8-2-build-macosx-x86_64/jdk8u71/5731/hotspot/src/share/vm/prims/jni.cpp, line 709]
Event: 4.550 Thread 0x00007fc62b543000 Exception <a 'java/io/FileNotFoundException'> (0x0000000795f74360) thrown at [/Users/java_re/workspace/8-2-build-macosx-x86_64/jdk8u71/5731/hotspot/src/share/vm/prims/jni.cpp, line 709]
Event: 4.551 Thread 0x00007fc62b543000 Implicit null exception at 0x0000000103e4ed75 to 0x0000000103e4f0c1

Events (10 events):
Event: 17.418 Thread 0x00007fc62b543000 DEOPT UNPACKING pc=0x0000000103caef69 sp=0x00007000016df840 mode 2
Event: 17.418 loading class java/awt/LightweightDispatcher$2
Event: 17.418 loading class java/awt/LightweightDispatcher$2 done
Event: 17.418 loading class java/awt/event/AWTEventListenerProxy
Event: 17.418 loading class java/awt/event/AWTEventListenerProxy done
Event: 17.418 loading class java/awt/Toolkit$ToolkitEventMulticaster
Event: 17.418 loading class java/awt/Toolkit$ToolkitEventMulticaster done
Event: 17.419 Thread 0x00007fc62aacb000 Thread exited: 0x00007fc62aacb000
Event: 17.420 loading class java/awt/Window$1DisposeAction
Event: 17.420 loading class java/awt/Window$1DisposeAction done


Dynamic libraries:
0x000000000aba3000 	/System/Library/Frameworks/Cocoa.framework/Versions/A/Cocoa
0x000000000aba3000 	/System/Library/Frameworks/Security.framework/Versions/A/Security
0x000000000aba3000 	/System/Library/Frameworks/ApplicationServices.framework/Versions/A/ApplicationServices
0x000000000aba3000 	/usr/lib/libz.1.dylib
0x000000000aba3000 	/usr/lib/libSystem.B.dylib
0x000000000aba3000 	/usr/lib/libobjc.A.dylib
0x000000000aba3000 	/System/Library/Frameworks/CoreFoundation.framework/Versions/A/CoreFoundation
0x000000000aba3000 	/System/Library/Frameworks/Foundation.framework/Versions/C/Foundation
0x000000000aba3000 	/System/Library/Frameworks/AppKit.framework/Versions/C/AppKit
0x000000000aba3000 	/System/Library/Frameworks/CoreData.framework/Versions/A/CoreData
0x000000000aba3000 	/System/Library/PrivateFrameworks/RemoteViewServices.framework/Versions/A/RemoteViewServices
0x000000000aba3000 	/System/Library/PrivateFrameworks/UIFoundation.framework/Versions/A/UIFoundation
0x000000000aba3000 	/usr/lib/libScreenReader.dylib
0x000000000aba3000 	/System/Library/Frameworks/Accelerate.framework/Versions/A/Accelerate
0x000000000aba3000 	/System/Library/Frameworks/IOSurface.framework/Versions/A/IOSurface
0x000000000aba3000 	/System/Library/Frameworks/AudioToolbox.framework/Versions/A/AudioToolbox
0x000000000aba3000 	/System/Library/Frameworks/AudioUnit.framework/Versions/A/AudioUnit
0x000000000aba3000 	/System/Library/PrivateFrameworks/DataDetectorsCore.framework/Versions/A/DataDetectorsCore
0x000000000aba3000 	/System/Library/PrivateFrameworks/DesktopServicesPriv.framework/Versions/A/DesktopServicesPriv
0x000000000aba3000 	/System/Library/Frameworks/Carbon.framework/Versions/A/Frameworks/HIToolbox.framework/Versions/A/HIToolbox
0x000000000aba3000 	/System/Library/Frameworks/QuartzCore.framework/Versions/A/QuartzCore
0x000000000aba3000 	/System/Library/Frameworks/Carbon.framework/Versions/A/Frameworks/SpeechRecognition.framework/Versions/A/SpeechRecognition
0x000000000aba3000 	/usr/lib/libauto.dylib
0x000000000aba3000 	/usr/lib/libicucore.A.dylib
0x000000000aba3000 	/usr/lib/libxml2.2.dylib
0x000000000aba3000 	/System/Library/PrivateFrameworks/CoreUI.framework/Versions/A/CoreUI
0x000000000aba3000 	/System/Library/Frameworks/CoreAudio.framework/Versions/A/CoreAudio
0x000000000aba3000 	/System/Library/Frameworks/DiskArbitration.framework/Versions/A/DiskArbitration
0x000000000aba3000 	/usr/lib/liblangid.dylib
0x000000000aba3000 	/System/Library/PrivateFrameworks/MultitouchSupport.framework/Versions/A/MultitouchSupport
0x000000000aba3000 	/System/Library/Frameworks/IOKit.framework/Versions/A/IOKit
0x000000000aba3000 	/usr/lib/libDiagnosticMessagesClient.dylib
0x000000000aba3000 	/System/Library/Frameworks/CoreServices.framework/Versions/A/CoreServices
0x000000000aba3000 	/System/Library/PrivateFrameworks/PerformanceAnalysis.framework/Versions/A/PerformanceAnalysis
0x000000000aba3000 	/System/Library/PrivateFrameworks/GenerationalStorage.framework/Versions/A/GenerationalStorage
0x000000000aba3000 	/System/Library/Frameworks/OpenGL.framework/Versions/A/OpenGL
0x000000000aba3000 	/System/Library/PrivateFrameworks/Sharing.framework/Versions/A/Sharing
0x000000000aba3000 	/System/Library/Frameworks/CoreGraphics.framework/Versions/A/CoreGraphics
0x000000000aba3000 	/System/Library/Frameworks/CoreImage.framework/Versions/A/CoreImage
0x000000000aba3000 	/System/Library/Frameworks/CoreText.framework/Versions/A/CoreText
0x000000000aba3000 	/System/Library/Frameworks/ImageIO.framework/Versions/A/ImageIO
0x000000000aba3000 	/System/Library/PrivateFrameworks/Backup.framework/Versions/A/Backup
0x000000000aba3000 	/usr/lib/libextension.dylib
0x000000000aba3000 	/usr/lib/libarchive.2.dylib
0x000000000aba3000 	/System/Library/Frameworks/CFNetwork.framework/Versions/A/CFNetwork
0x000000000aba3000 	/System/Library/Frameworks/SystemConfiguration.framework/Versions/A/SystemConfiguration
0x000000000aba3000 	/usr/lib/libCRFSuite.dylib
0x000000000aba3000 	/usr/lib/libc++.1.dylib
0x000000000aba3000 	/usr/lib/libc++abi.dylib
0x000000000aba3000 	/usr/lib/system/libcache.dylib
0x000000000aba3000 	/usr/lib/system/libcommonCrypto.dylib
0x000000000aba3000 	/usr/lib/system/libcompiler_rt.dylib
0x000000000aba3000 	/usr/lib/system/libcopyfile.dylib
0x000000000aba3000 	/usr/lib/system/libcorecrypto.dylib
0x000000000aba3000 	/usr/lib/system/libdispatch.dylib
0x000000000aba3000 	/usr/lib/system/libdyld.dylib
0x000000000aba3000 	/usr/lib/system/libkeymgr.dylib
0x000000000aba3000 	/usr/lib/system/liblaunch.dylib
0x000000000aba3000 	/usr/lib/system/libmacho.dylib
0x000000000aba3000 	/usr/lib/system/libquarantine.dylib
0x000000000aba3000 	/usr/lib/system/libremovefile.dylib
0x000000000aba3000 	/usr/lib/system/libsystem_asl.dylib
0x000000000aba3000 	/usr/lib/system/libsystem_blocks.dylib
0x000000000aba3000 	/usr/lib/system/libsystem_c.dylib
0x000000000aba3000 	/usr/lib/system/libsystem_configuration.dylib
0x000000000aba3000 	/usr/lib/system/libsystem_coreservices.dylib
0x000000000aba3000 	/usr/lib/system/libsystem_coretls.dylib
0x000000000aba3000 	/usr/lib/system/libsystem_dnssd.dylib
0x000000000aba3000 	/usr/lib/system/libsystem_info.dylib
0x000000000aba3000 	/usr/lib/system/libsystem_kernel.dylib
0x000000000aba3000 	/usr/lib/system/libsystem_m.dylib
0x000000000aba3000 	/usr/lib/system/libsystem_malloc.dylib
0x000000000aba3000 	/usr/lib/system/libsystem_network.dylib
0x000000000aba3000 	/usr/lib/system/libsystem_networkextension.dylib
0x000000000aba3000 	/usr/lib/system/libsystem_notify.dylib
0x000000000aba3000 	/usr/lib/system/libsystem_platform.dylib
0x000000000aba3000 	/usr/lib/system/libsystem_pthread.dylib
0x000000000aba3000 	/usr/lib/system/libsystem_sandbox.dylib
0x000000000aba3000 	/usr/lib/system/libsystem_secinit.dylib
0x000000000aba3000 	/usr/lib/system/libsystem_trace.dylib
0x000000000aba3000 	/usr/lib/system/libunc.dylib
0x000000000aba3000 	/usr/lib/system/libunwind.dylib
0x000000000aba3000 	/usr/lib/system/libxpc.dylib
0x000000000aba3000 	/usr/lib/libenergytrace.dylib
0x000000000aba3000 	/usr/lib/libbsm.0.dylib
0x000000000aba3000 	/usr/lib/system/libkxld.dylib
0x000000000aba3000 	/usr/lib/libxar.1.dylib
0x000000000aba3000 	/usr/lib/libsqlite3.dylib
0x000000000aba3000 	/usr/lib/libpam.2.dylib
0x000000000aba3000 	/usr/lib/libOpenScriptingUtil.dylib
0x000000000aba3000 	/usr/lib/libbz2.1.0.dylib
0x000000000aba3000 	/usr/lib/liblzma.5.dylib
0x000000000aba3000 	/System/Library/Frameworks/CoreServices.framework/Versions/A/Frameworks/FSEvents.framework/Versions/A/FSEvents
0x000000000aba3000 	/System/Library/Frameworks/CoreServices.framework/Versions/A/Frameworks/CarbonCore.framework/Versions/A/CarbonCore
0x000000000aba3000 	/System/Library/Frameworks/CoreServices.framework/Versions/A/Frameworks/Metadata.framework/Versions/A/Metadata
0x000000000aba3000 	/System/Library/Frameworks/CoreServices.framework/Versions/A/Frameworks/OSServices.framework/Versions/A/OSServices
0x000000000aba3000 	/System/Library/Frameworks/CoreServices.framework/Versions/A/Frameworks/SearchKit.framework/Versions/A/SearchKit
0x000000000aba3000 	/System/Library/Frameworks/CoreServices.framework/Versions/A/Frameworks/AE.framework/Versions/A/AE
0x000000000aba3000 	/System/Library/Frameworks/CoreServices.framework/Versions/A/Frameworks/LaunchServices.framework/Versions/A/LaunchServices
0x000000000aba3000 	/System/Library/Frameworks/CoreServices.framework/Versions/A/Frameworks/DictionaryServices.framework/Versions/A/DictionaryServices
0x000000000aba3000 	/System/Library/Frameworks/CoreServices.framework/Versions/A/Frameworks/SharedFileList.framework/Versions/A/SharedFileList
0x000000000aba3000 	/System/Library/Frameworks/NetFS.framework/Versions/A/NetFS
0x000000000aba3000 	/System/Library/PrivateFrameworks/NetAuth.framework/Versions/A/NetAuth
0x000000000aba3000 	/System/Library/PrivateFrameworks/login.framework/Versions/A/Frameworks/loginsupport.framework/Versions/A/loginsupport
0x000000000aba3000 	/System/Library/PrivateFrameworks/TCC.framework/Versions/A/TCC
0x000000000aba3000 	/usr/lib/libmecabra.dylib
0x000000000aba3000 	/System/Library/Frameworks/ApplicationServices.framework/Versions/A/Frameworks/ATS.framework/Versions/A/ATS
0x000000000aba3000 	/System/Library/Frameworks/ApplicationServices.framework/Versions/A/Frameworks/ColorSync.framework/Versions/A/ColorSync
0x000000000aba3000 	/System/Library/Frameworks/ApplicationServices.framework/Versions/A/Frameworks/HIServices.framework/Versions/A/HIServices
0x000000000aba3000 	/System/Library/Frameworks/ApplicationServices.framework/Versions/A/Frameworks/LangAnalysis.framework/Versions/A/LangAnalysis
0x000000000aba3000 	/System/Library/Frameworks/ApplicationServices.framework/Versions/A/Frameworks/PrintCore.framework/Versions/A/PrintCore
0x000000000aba3000 	/System/Library/Frameworks/ApplicationServices.framework/Versions/A/Frameworks/QD.framework/Versions/A/QD
0x000000000aba3000 	/System/Library/Frameworks/ApplicationServices.framework/Versions/A/Frameworks/SpeechSynthesis.framework/Versions/A/SpeechSynthesis
0x000000000aba3000 	/System/Library/Frameworks/Metal.framework/Versions/A/Metal
0x000000000aba3000 	/System/Library/Frameworks/Accelerate.framework/Versions/A/Frameworks/vImage.framework/Versions/A/vImage
0x000000000aba3000 	/System/Library/Frameworks/Accelerate.framework/Versions/A/Frameworks/vecLib.framework/Versions/A/vecLib
0x000000000aba3000 	/System/Library/Frameworks/Accelerate.framework/Versions/A/Frameworks/vecLib.framework/Versions/A/libvDSP.dylib
0x000000000aba3000 	/System/Library/Frameworks/Accelerate.framework/Versions/A/Frameworks/vecLib.framework/Versions/A/libvMisc.dylib
0x000000000aba3000 	/System/Library/Frameworks/Accelerate.framework/Versions/A/Frameworks/vecLib.framework/Versions/A/libLAPACK.dylib
0x000000000aba3000 	/System/Library/Frameworks/Accelerate.framework/Versions/A/Frameworks/vecLib.framework/Versions/A/libBLAS.dylib
0x000000000aba3000 	/System/Library/Frameworks/Accelerate.framework/Versions/A/Frameworks/vecLib.framework/Versions/A/libLinearAlgebra.dylib
0x000000000aba3000 	/System/Library/Frameworks/Accelerate.framework/Versions/A/Frameworks/vecLib.framework/Versions/A/libSparseBLAS.dylib
0x000000000aba3000 	/System/Library/PrivateFrameworks/GPUCompiler.framework/libmetal_timestamp.dylib
0x000000000aba3000 	/System/Library/Frameworks/OpenGL.framework/Versions/A/Libraries/libCoreFSCache.dylib
0x000000000aba3000 	/System/Library/PrivateFrameworks/IOAccelerator.framework/Versions/A/IOAccelerator
0x000000000aba3000 	/System/Library/Frameworks/ApplicationServices.framework/Versions/A/Frameworks/ATS.framework/Versions/A/Resources/libFontParser.dylib
0x000000000aba3000 	/System/Library/Frameworks/ApplicationServices.framework/Versions/A/Frameworks/ATS.framework/Versions/A/Resources/libFontRegistry.dylib
0x000000000aba3000 	/System/Library/PrivateFrameworks/AppleVPA.framework/Versions/A/AppleVPA
0x000000000aba3000 	/System/Library/PrivateFrameworks/AppleJPEG.framework/Versions/A/AppleJPEG
0x000000000aba3000 	/System/Library/Frameworks/ImageIO.framework/Versions/A/Resources/libJPEG.dylib
0x000000000aba3000 	/System/Library/Frameworks/ImageIO.framework/Versions/A/Resources/libTIFF.dylib
0x000000000aba3000 	/System/Library/Frameworks/ImageIO.framework/Versions/A/Resources/libPng.dylib
0x000000000aba3000 	/System/Library/Frameworks/ImageIO.framework/Versions/A/Resources/libGIF.dylib
0x000000000aba3000 	/System/Library/Frameworks/ImageIO.framework/Versions/A/Resources/libJP2.dylib
0x000000000aba3000 	/System/Library/Frameworks/ImageIO.framework/Versions/A/Resources/libRadiance.dylib
0x000000000aba3000 	/System/Library/Frameworks/CoreVideo.framework/Versions/A/CoreVideo
0x000000000aba3000 	/System/Library/Frameworks/OpenGL.framework/Versions/A/Libraries/libGLU.dylib
0x000000000aba3000 	/System/Library/Frameworks/OpenGL.framework/Versions/A/Libraries/libGFXShared.dylib
0x000000000aba3000 	/System/Library/Frameworks/OpenGL.framework/Versions/A/Libraries/libGL.dylib
0x000000000aba3000 	/System/Library/Frameworks/OpenGL.framework/Versions/A/Libraries/libGLImage.dylib
0x000000000aba3000 	/System/Library/Frameworks/OpenGL.framework/Versions/A/Libraries/libCVMSPluginSupport.dylib
0x000000000aba3000 	/System/Library/Frameworks/OpenGL.framework/Versions/A/Libraries/libCoreVMClient.dylib
0x000000000aba3000 	/usr/lib/libcups.2.dylib
0x000000000aba3000 	/System/Library/Frameworks/Kerberos.framework/Versions/A/Kerberos
0x000000000aba3000 	/System/Library/Frameworks/GSS.framework/Versions/A/GSS
0x000000000aba3000 	/usr/lib/libresolv.9.dylib
0x000000000aba3000 	/usr/lib/libiconv.2.dylib
0x000000000aba3000 	/System/Library/PrivateFrameworks/Heimdal.framework/Versions/A/Heimdal
0x000000000aba3000 	/usr/lib/libheimdal-asn1.dylib
0x000000000aba3000 	/System/Library/Frameworks/OpenDirectory.framework/Versions/A/OpenDirectory
0x000000000aba3000 	/System/Library/PrivateFrameworks/CommonAuth.framework/Versions/A/CommonAuth
0x000000000aba3000 	/System/Library/Frameworks/OpenDirectory.framework/Versions/A/Frameworks/CFOpenDirectory.framework/Versions/A/CFOpenDirectory
0x000000000aba3000 	/System/Library/Frameworks/SecurityFoundation.framework/Versions/A/SecurityFoundation
0x000000000aba3000 	/System/Library/PrivateFrameworks/LanguageModeling.framework/Versions/A/LanguageModeling
0x000000000aba3000 	/usr/lib/libmarisa.dylib
0x000000000aba3000 	/usr/lib/libChineseTokenizer.dylib
0x000000000aba3000 	/usr/lib/libcmph.dylib
0x000000000aba3000 	/usr/lib/libcompression.dylib
0x000000000aba3000 	/System/Library/Frameworks/ServiceManagement.framework/Versions/A/ServiceManagement
0x000000000aba3000 	/usr/lib/libxslt.1.dylib
0x000000000aba3000 	/System/Library/Frameworks/Carbon.framework/Versions/A/Frameworks/Ink.framework/Versions/A/Ink
0x000000000aba3000 	/usr/lib/libFosl_dynamic.dylib
0x000000000aba3000 	/System/Library/PrivateFrameworks/FaceCore.framework/Versions/A/FaceCore
0x000000000aba3000 	/System/Library/Frameworks/OpenCL.framework/Versions/A/OpenCL
0x000000000aba3000 	/System/Library/PrivateFrameworks/CrashReporterSupport.framework/Versions/A/CrashReporterSupport
0x000000000aba3000 	/System/Library/PrivateFrameworks/IconServices.framework/Versions/A/IconServices
0x000000000aba3000 	/System/Library/PrivateFrameworks/Apple80211.framework/Versions/A/Apple80211
0x000000000aba3000 	/System/Library/Frameworks/CoreWLAN.framework/Versions/A/CoreWLAN
0x000000000aba3000 	/System/Library/Frameworks/IOBluetooth.framework/Versions/A/IOBluetooth
0x000000000aba3000 	/System/Library/PrivateFrameworks/CoreWiFi.framework/Versions/A/CoreWiFi
0x000000000aba3000 	/System/Library/Frameworks/CoreBluetooth.framework/Versions/A/CoreBluetooth
0x000000000aba3000 	/System/Library/PrivateFrameworks/ChunkingLibrary.framework/Versions/A/ChunkingLibrary
0x000000000aba3000 	/System/Library/PrivateFrameworks/DebugSymbols.framework/Versions/A/DebugSymbols
0x000000000aba3000 	/System/Library/PrivateFrameworks/CoreSymbolication.framework/Versions/A/CoreSymbolication
0x000000000aba3000 	/System/Library/PrivateFrameworks/Symbolication.framework/Versions/A/Symbolication
0x000000000aba3000 	/System/Library/PrivateFrameworks/SpeechRecognitionCore.framework/Versions/A/SpeechRecognitionCore
0x0000000102cc5000 	/Library/Java/JavaVirtualMachines/jdk1.8.0_71.jdk/Contents/Home/jre/lib/server/libjvm.dylib
0x000000000aba3000 	/usr/lib/libstdc++.6.dylib
0x0000000103c54000 	/Library/Java/JavaVirtualMachines/jdk1.8.0_71.jdk/Contents/Home/jre/lib/libverify.dylib
0x0000000103c62000 	/Library/Java/JavaVirtualMachines/jdk1.8.0_71.jdk/Contents/Home/jre/lib/libjava.dylib
0x0000000103ca1000 	/Library/Java/JavaVirtualMachines/jdk1.8.0_71.jdk/Contents/Home/jre/lib/libzip.dylib
0x00000001193eb000 	/System/Library/Frameworks/JavaVM.framework/Frameworks/JavaRuntimeSupport.framework/JavaRuntimeSupport
0x00000001137e6000 	/System/Library/Frameworks/JavaVM.framework/Versions/A/Frameworks/JavaNativeFoundation.framework/Versions/A/JavaNativeFoundation
0x0000000119406000 	/System/Library/Frameworks/JavaVM.framework/Versions/A/JavaVM
0x000000000aba3000 	/System/Library/Frameworks/Carbon.framework/Versions/A/Carbon
0x0000000119413000 	/System/Library/PrivateFrameworks/JavaLaunching.framework/Versions/A/JavaLaunching
0x000000000aba3000 	/System/Library/Frameworks/Carbon.framework/Versions/A/Frameworks/CommonPanels.framework/Versions/A/CommonPanels
0x000000000aba3000 	/System/Library/Frameworks/Carbon.framework/Versions/A/Frameworks/Help.framework/Versions/A/Help
0x000000000aba3000 	/System/Library/Frameworks/Carbon.framework/Versions/A/Frameworks/ImageCapture.framework/Versions/A/ImageCapture
0x000000000aba3000 	/System/Library/Frameworks/Carbon.framework/Versions/A/Frameworks/OpenScripting.framework/Versions/A/OpenScripting
0x000000000aba3000 	/System/Library/Frameworks/Carbon.framework/Versions/A/Frameworks/Print.framework/Versions/A/Print
0x000000000aba3000 	/System/Library/Frameworks/Carbon.framework/Versions/A/Frameworks/SecurityHI.framework/Versions/A/SecurityHI
0x000000011ad32000 	/Library/Java/JavaVirtualMachines/jdk1.8.0_71.jdk/Contents/Home/jre/lib/libawt.dylib
0x000000011adda000 	/Library/Java/JavaVirtualMachines/jdk1.8.0_71.jdk/Contents/Home/jre/lib/./libmlib_image.dylib
0x000000011aea6000 	/Library/Java/JavaVirtualMachines/jdk1.8.0_71.jdk/Contents/Home/jre/lib/libawt_lwawt.dylib
0x000000011af5b000 	/Library/Java/JavaVirtualMachines/jdk1.8.0_71.jdk/Contents/Home/jre/lib/./libosxapp.dylib
0x000000000aba3000 	/System/Library/Frameworks/ExceptionHandling.framework/Versions/A/ExceptionHandling
0x000000000aba3000 	/System/Library/PrivateFrameworks/CoreServicesInternal.framework/Versions/A/CoreServicesInternal
0x000000000aba3000 	/System/Library/Frameworks/CoreGraphics.framework/Versions/A/Resources/libRIP.A.dylib
0x000000000aba3000 	/System/Library/Frameworks/Accelerate.framework/Versions/A/Frameworks/vImage.framework/Versions/A/Libraries/libCGInterfaces.dylib
0x000000000aba3000 	/System/Library/Frameworks/CoreGraphics.framework/Versions/A/Resources/libCGXType.A.dylib
0x000000000aba3000 	/System/Library/Frameworks/OpenCL.framework/Versions/A/Libraries/libcldcpuengine.dylib
0x000000000aba3000 	/System/Library/PrivateFrameworks/DiskImages.framework/Versions/A/DiskImages
0x000000000aba3000 	/System/Library/Frameworks/DiscRecording.framework/Versions/A/DiscRecording
0x000000000aba3000 	/usr/lib/libcsfde.dylib
0x000000000aba3000 	/usr/lib/libcurl.4.dylib
0x000000000aba3000 	/System/Library/PrivateFrameworks/MediaKit.framework/Versions/A/MediaKit
0x000000000aba3000 	/System/Library/PrivateFrameworks/ProtectedCloudStorage.framework/Versions/A/ProtectedCloudStorage
0x000000000aba3000 	/usr/lib/libCoreStorage.dylib
0x000000000aba3000 	/System/Library/PrivateFrameworks/EFILogin.framework/Versions/A/EFILogin
0x000000000aba3000 	/usr/lib/libutil.dylib
0x000000000aba3000 	/System/Library/PrivateFrameworks/FindMyDevice.framework/Versions/A/FindMyDevice
0x000000000aba3000 	/System/Library/Frameworks/LDAP.framework/Versions/A/LDAP
0x000000000aba3000 	/usr/lib/libsasl2.2.dylib
0x000000000aba3000 	/System/Library/PrivateFrameworks/CoreDaemon.framework/Versions/B/CoreDaemon
0x000000000aba3000 	/usr/lib/libcrypto.0.9.8.dylib
0x000000000aba3000 	/System/Library/PrivateFrameworks/AppleSRP.framework/Versions/A/AppleSRP
0x000000000aba3000 	/System/Library/PrivateFrameworks/TrustEvaluationAgent.framework/Versions/A/TrustEvaluationAgent
0x000000011b8b8000 	cl_kernels
0x000000000aba3000 	/System/Library/Frameworks/OpenCL.framework/Versions/A/Libraries/ImageFormats/unorm8_bgra.dylib
0x000000000aba3000 	/System/Library/Frameworks/OpenCL.framework/Versions/A/Libraries/ImageFormats/unorm8_rgba.dylib
0x000000000aba3000 	/System/Library/PrivateFrameworks/FamilyControls.framework/Versions/A/FamilyControls
0x000000000aba3000 	/System/Library/PrivateFrameworks/CommerceKit.framework/Versions/A/Frameworks/CommerceCore.framework/Versions/A/CommerceCore
0x000000000aba3000 	/System/Library/PrivateFrameworks/SystemAdministration.framework/Versions/A/SystemAdministration
0x000000000aba3000 	/System/Library/PrivateFrameworks/AppContainer.framework/Versions/A/AppContainer
0x000000000aba3000 	/System/Library/PrivateFrameworks/SecCodeWrapper.framework/Versions/A/SecCodeWrapper
0x000000000aba3000 	/System/Library/Frameworks/DirectoryService.framework/Versions/A/DirectoryService
0x000000000aba3000 	/System/Library/PrivateFrameworks/LoginUIKit.framework/Versions/A/Frameworks/LoginUICore.framework/Versions/A/LoginUICore
0x000000000aba3000 	/usr/lib/libodfde.dylib
0x000000000aba3000 	/System/Library/Frameworks/OpenGL.framework/Versions/A/Resources/GLEngine.bundle/GLEngine
0x000000000aba3000 	/System/Library/Frameworks/OpenGL.framework/Versions/A/Libraries/libGLProgrammability.dylib
0x000000011d6f7000 	/System/Library/Extensions/GeForceTeslaGLDriver.bundle/Contents/MacOS/GeForceTeslaGLDriver
0x000000011f2b7000 	/System/Library/Extensions/GeForceTeslaGLDriver.bundle/Contents/MacOS/libclh.dylib
0x000000000aba3000 	/System/Library/PrivateFrameworks/GPUSupport.framework/Versions/A/Libraries/libGPUSupport.dylib
0x000000000aba3000 	/System/Library/Frameworks/OpenGL.framework/Versions/A/Resources/GLRendererFloat.bundle/GLRendererFloat
0x0000000120081000 	/Library/Java/JavaVirtualMachines/jdk1.8.0_71.jdk/Contents/Home/jre/lib/libfontmanager.dylib
0x0000000121542000 	/Library/Java/JavaVirtualMachines/jdk1.8.0_71.jdk/Contents/Home/jre/lib/libosxui.dylib
0x000000012230e000 	/Library/Java/JavaVirtualMachines/jdk1.8.0_71.jdk/Contents/Home/jre/lib/libnet.dylib
0x000000012212d000 	/Library/Java/JavaVirtualMachines/jdk1.8.0_71.jdk/Contents/Home/jre/lib/libnio.dylib
0x000000000aba3000 	/System/Library/Frameworks/ApplicationServices.framework/Versions/A/Frameworks/ATS.framework/Versions/A/Resources/libTrueTypeScaler.dylib
0x000000011bcc1000 	/private/var/folders/gx/t9vq3cns2s73t5kjlnsql92h0000gn/T/jogamp_0000/file_cache/jln1855242317779767615/jln4975309390150738966/libgluegen-rt.jnilib
0x000000011bcc5000 	/private/var/folders/gx/t9vq3cns2s73t5kjlnsql92h0000gn/T/jogamp_0000/file_cache/jln1855242317779767615/jln4975309390150738966/libnativewindow_awt.jnilib
0x000000011bcc8000 	/Library/Java/JavaVirtualMachines/jdk1.8.0_71.jdk/Contents/Home/jre/lib/libjawt.dylib
0x000000011bccb000 	/private/var/folders/gx/t9vq3cns2s73t5kjlnsql92h0000gn/T/jogamp_0000/file_cache/jln1855242317779767615/jln4975309390150738966/libnativewindow_macosx.jnilib
0x000000017644b000 	/private/var/folders/gx/t9vq3cns2s73t5kjlnsql92h0000gn/T/jogamp_0000/file_cache/jln1855242317779767615/jln4975309390150738966/libjogl_desktop.jnilib

VM Arguments:
jvm_args: -Djava.security.policy=java.policy.applet -Dfile.encoding=UTF-8 
java_command: sun.applet.AppletViewer guiModule.LifeExpectancy1461262143538.html
java_class_path (initial): /Users/Leland/Eclipse/workspace/UCSDUnfoldingMaps/build:/Users/Leland/Eclipse/workspace/UCSDUnfoldingMaps/lib/core.jar:/Users/Leland/Eclipse/workspace/UCSDUnfoldingMaps/lib/gluegen-rt.jar:/Users/Leland/Eclipse/workspace/UCSDUnfoldingMaps/lib/jogl-all.jar:/Users/Leland/Eclipse/workspace/UCSDUnfoldingMaps/lib/log4j-1.2.15.jar:/Users/Leland/Eclipse/workspace/UCSDUnfoldingMaps/lib/sqlite-jdbc-3.7.2.jar:/Users/Leland/Eclipse/workspace/UCSDUnfoldingMaps/lib/json4processing.jar:/Users/Leland/Eclipse/workspace/UCSDUnfoldingMaps/lib/libTUIO.jar:/Users/Leland/Eclipse/workspace/UCSDUnfoldingMaps/lib/unfolding.0.9.7-uscd.jar
Launcher Type: SUN_STANDARD

Environment Variables:
PATH=/usr/bin:/bin:/usr/sbin:/sbin
SHELL=/bin/bash

Signal Handlers:
SIGSEGV: [libjvm.dylib+0x5a68c5], sa_mask[0]=11111111011111110111111111111111, sa_flags=SA_ONSTACK|SA_RESTART|SA_SIGINFO
SIGBUS: [libjvm.dylib+0x5a68c5], sa_mask[0]=11111111011111110111111111111111, sa_flags=SA_RESTART|SA_SIGINFO
SIGFPE: [libjvm.dylib+0x4805d4], sa_mask[0]=11111111011111110111111111111111, sa_flags=SA_RESTART|SA_SIGINFO
SIGPIPE: [libjvm.dylib+0x4805d4], sa_mask[0]=11111111011111110111111111111111, sa_flags=SA_RESTART|SA_SIGINFO
SIGXFSZ: [libjvm.dylib+0x4805d4], sa_mask[0]=11111111011111110111111111111111, sa_flags=SA_RESTART|SA_SIGINFO
SIGILL: [libjvm.dylib+0x4805d4], sa_mask[0]=11111111011111110111111111111111, sa_flags=SA_RESTART|SA_SIGINFO
SIGUSR1: SIG_DFL, sa_mask[0]=00000000000000000000000000000000, sa_flags=none
SIGUSR2: [libjvm.dylib+0x4800f2], sa_mask[0]=00100000000000000000000000000000, sa_flags=SA_RESTART|SA_SIGINFO
SIGHUP: [libjvm.dylib+0x47e6c9], sa_mask[0]=11111111011111110111111111111111, sa_flags=SA_RESTART|SA_SIGINFO
SIGINT: [libjvm.dylib+0x47e6c9], sa_mask[0]=11111111011111110111111111111111, sa_flags=SA_RESTART|SA_SIGINFO
SIGTERM: [libjvm.dylib+0x47e6c9], sa_mask[0]=11111111011111110111111111111111, sa_flags=SA_RESTART|SA_SIGINFO
SIGQUIT: [libjvm.dylib+0x47e6c9], sa_mask[0]=11111111011111110111111111111111, sa_flags=SA_RESTART|SA_SIGINFO


---------------  S Y S T E M  ---------------

OS:Bsduname:Darwin 15.3.0 Darwin Kernel Version 15.3.0: Thu Dec 10 18:40:58 PST 2015; root:xnu-3248.30.4~1/RELEASE_X86_64 x86_64
rlimit: STACK 8192k, CORE 0k, NPROC 709, NOFILE 10240, AS infinity
load average:2.58 2.20 2.11

CPU:total 2 (2 cores per cpu, 1 threads per core) family 6 model 23 stepping 10, cmov, cx8, fxsr, mmx, sse, sse2, sse3, ssse3, sse4.1, tsc

Memory: 4k page, physical 8388608k(1489072k free)

/proc/meminfo:


vm_info: Java HotSpot(TM) 64-Bit Server VM (25.71-b15) for bsd-amd64 JRE (1.8.0_71-b15), built on Dec 22 2015 15:11:44 by "java_re" with gcc 4.2.1 (Based on Apple Inc. build 5658) (LLVM build 2336.11.00)

time: Thu Apr 21 14:09:21 2016
elapsed time: 17 seconds (0d 0h 0m 17s)

