#
# A fatal error has been detected by the Java Runtime Environment:
#
#  SIGSEGV (0xb) at pc=0x00007fff955c915f, pid=10785, tid=2571
#
# JRE version: Java(TM) SE Runtime Environment (8.0_71-b15) (build 1.8.0_71-b15)
# Java VM: Java HotSpot(TM) 64-Bit Server VM (25.71-b15 mixed mode bsd-amd64 compressed oops)
# Problematic frame:
# C  [libobjc.A.dylib+0x915f]  objc_release+0xf
#
# Failed to write core dump. Core dumps have been disabled. To enable core dumping, try "ulimit -c unlimited" before starting Java again
#
# If you would like to submit a bug report, please visit:
#   http://bugreport.java.com/bugreport/crash.jsp
# The crash happened outside the Java Virtual Machine in native code.
# See problematic frame for where to report the bug.
#

---------------  T H R E A D  ---------------

Current thread (0x00007f8dcc163000):  JavaThread "AWT-AppKit" daemon [_thread_in_native, id=2571, stack(0x00007fff51516000,0x00007fff51d16000)]

siginfo: si_signo: 11 (SIGSEGV), si_code: 0 (unknown), si_addr: 0x0000000000000000

Registers:
RAX=0x0000000000000008, RBX=0x0000000000000000, RCX=0x0000000000000003, RDX=0x00007f8dce033de8
RSP=0x00007fff51d11378, RBP=0x00007fff51d113a0, RSI=0x00000001263c1f10, RDI=0x800007f8dcdf7022
R8 =0x0000000000000001, R9 =0x00007f8dcdf70220, R10=0x00007f8dcf033ef0, R11=0x000000012714a840
R12=0x0000000000000000, R13=0x00000001819d7fb0, R14=0x00007f8dcdf6af50, R15=0x00007f8dcc163000
RIP=0x00007fff955c915f, EFLAGS=0x0000000000010246, ERR=0x0000000000000000
  TRAPNO=0x000000000000000d

Top of Stack: (sp=0x00007fff51d11378)
0x00007fff51d11378:   000000012634b47b 00007fff51d113a0
0x00007fff51d11388:   000000012714a450 000000012714a440
0x00007fff51d11398:   00007f8dcc163000 00007fff51d11460
0x00007fff51d113a8:   0000000127148215 000000012714a700
0x00007fff51d113b8:   000000012714a6e0 000000012714a4b0
0x00007fff51d113c8:   0000000000000000 00000001819d7fb0
0x00007fff51d113d8:   00000001819d7fb0 00007f8dce033de0
0x00007fff51d113e8:   000000012714a6a0 000000012714a710
0x00007fff51d113f8:   00007fff7e9b6770 00007fff7d66e500
0x00007fff51d11408:   000000012714a450 000000012714a690
0x00007fff51d11418:   00007f8dce033de0 00007f8dcdf6af50
0x00007fff51d11428:   00007f8dce030c60 00007f8dce033de0
0x00007fff51d11438:   00007f8dcdf6af50 00007fff51d114e8
0x00007fff51d11448:   00007f8dcc1631f8 00000001819d7fb0
0x00007fff51d11458:   00007fff51d11510 00007fff51d114d8
0x00007fff51d11468:   000000010f6134d4 00000001819d7fb0
0x00007fff51d11478:   00007fff51d11510 00007fff51d114d8
0x00007fff51d11488:   000000010f613267 000000010f613222
0x00007fff51d11498:   00007fff51d11498 00000001819d7fb0
0x00007fff51d114a8:   00007fff51d11510 00000001819dabe8
0x00007fff51d114b8:   0000000000000000 00000001819d7fb0
0x00007fff51d114c8:   0000000000000000 00007fff51d114f8
0x00007fff51d114d8:   00007fff51d11558 000000010f60798d
0x00007fff51d114e8:   00000007402accb0 000000010f60f2b8
0x00007fff51d114f8:   00007f8dce033de0 00007fff51d11558
0x00007fff51d11508:   00007f8dcdf6af50 000000010f610ac2
0x00007fff51d11518:   00007fff51d11518 00000001819d817a
0x00007fff51d11528:   00007fff51d11580 00000001819dabe8
0x00007fff51d11538:   0000000000000000 00000001819d8188
0x00007fff51d11548:   00007fff51d114f8 00007fff51d11568
0x00007fff51d11558:   00007fff51d115c8 000000010f60798d
0x00007fff51d11568:   00007f8dce033de0 00000007400685b0 

Instructions: (pc=0x00007fff955c915f)
0x00007fff955c913f:   5c 41 5d 41 5e 41 5f 5d c3 90 90 90 90 90 90 90
0x00007fff955c914f:   90 48 85 ff 0f 84 80 00 00 00 40 f6 c7 01 75 7a
0x00007fff955c915f:   48 8b 07 48 b9 f8 ff ff ff ff 7f 00 00 48 21 c1
0x00007fff955c916f:   f6 41 20 02 75 0f 48 8d 05 9c 8d ff e6 48 8b 30 

Register to memory mapping:

RAX=0x0000000000000008 is an unknown value
RBX=0x0000000000000000 is an unknown value
RCX=0x0000000000000003 is an unknown value
RDX=0x00007f8dce033de8 is an unknown value
RSP=0x00007fff51d11378 is pointing into the stack for thread: 0x00007f8dcc163000
RBP=0x00007fff51d113a0 is pointing into the stack for thread: 0x00007f8dcc163000
RSI=0x00000001263c1f10: OBJC_IVAR_$_PrinterView.fCurPeekGraphics+0x1aa8 in /Library/Java/JavaVirtualMachines/jdk1.8.0_71.jdk/Contents/Home/jre/lib/libawt_lwawt.dylib at 0x0000000126347000
RDI=0x800007f8dcdf7022 is an unknown value
R8 =0x0000000000000001 is an unknown value
R9 =0x00007f8dcdf70220 is an unknown value
R10=0x00007f8dcf033ef0 is an unknown value
R11=0x000000012714a840: OBJC_CLASS_$_MyCALayer+0 in /private/var/folders/gx/t9vq3cns2s73t5kjlnsql92h0000gn/T/jogamp_0000/file_cache/jln3187285129135964136/jln1567902729774991758/libnativewindow_macosx.jnilib at 0x0000000127143000
R12=0x0000000000000000 is an unknown value
R13={method} {0x00000001819d7fb0} 'UnsetJAWTRootSurfaceLayer0' '(JJ)V' in 'jogamp/nativewindow/jawt/macosx/MacOSXJAWTWindow'
R14=0x00007f8dcdf6af50 is an unknown value
R15=0x00007f8dcc163000 is a thread


Stack: [0x00007fff51516000,0x00007fff51d16000],  sp=0x00007fff51d11378,  free space=8172k
Native frames: (J=compiled Java code, j=interpreted, Vv=VM code, C=native code)
C  [libobjc.A.dylib+0x915f]  objc_release+0xf
C  [libnativewindow_macosx.jnilib+0x5215]  Java_jogamp_nativewindow_jawt_macosx_MacOSXJAWTWindow_UnsetJAWTRootSurfaceLayer0+0x1a5
j  jogamp.nativewindow.jawt.macosx.MacOSXJAWTWindow.UnsetJAWTRootSurfaceLayer0(JJ)V+0
j  jogamp.nativewindow.jawt.macosx.MacOSXJAWTWindow.access$200(JJ)V+2
j  jogamp.nativewindow.jawt.macosx.MacOSXJAWTWindow$1.run()V+38
J 2304 C1 com.jogamp.common.util.RunnableTask.run()V (345 bytes) @ 0x000000010fd8d054 [0x000000010fd8cec0+0x194]
v  ~StubRoutines::call_stub
V  [libjvm.dylib+0x2ea59a]  JavaCalls::call_helper(JavaValue*, methodHandle*, JavaCallArguments*, Thread*)+0x6ae
V  [libjvm.dylib+0x3216a3]  jni_invoke_nonstatic(JNIEnv_*, JavaValue*, _jobject*, JNICallType, _jmethodID*, JNI_ArgumentPusher*, Thread*)+0x2ec
V  [libjvm.dylib+0x313e77]  jni_CallVoidMethod+0x16b
C  [libnativewindow_macosx.jnilib+0x5326]  Java_jogamp_nativewindow_jawt_macosx_MacOSXJAWTWindow_UnsetJAWTRootSurfaceLayer0+0x2b6
C  [Foundation+0x8dd4b]  __NSThreadPerformPerform+0x117
C  [CoreFoundation+0x7e5c1]  __CFRUNLOOP_IS_CALLING_OUT_TO_A_SOURCE0_PERFORM_FUNCTION__+0x11
C  [CoreFoundation+0x70397]  __CFRunLoopDoSources0+0x1a7
C  [CoreFoundation+0x6f93f]  __CFRunLoopRun+0x39f
C  [CoreFoundation+0x6f338]  CFRunLoopRunSpecific+0x128
C  [HIToolbox+0x30935]  RunCurrentEventLoopInMode+0xeb
C  [HIToolbox+0x30677]  ReceiveNextEventCommon+0xb8
C  [HIToolbox+0x305af]  _BlockUntilNextEventMatchingListInModeWithFilter+0x47
C  [AppKit+0x8a0ee]  _DPSNextEvent+0x42b
C  [AppKit+0x456943]  -[NSApplication _nextEventMatchingEventMask:untilDate:inMode:dequeue:]+0x1c6
C  [libosxapp.dylib+0x23aa]  -[NSApplicationAWT nextEventMatchingMask:untilDate:inMode:dequeue:]+0x7c
C  [AppKit+0x7ffc8]  -[NSApplication run]+0x2aa
C  [libosxapp.dylib+0x214d]  +[NSApplicationAWT runAWTLoopWithApp:]+0x9c
C  [libawt_lwawt.dylib+0x4455b]  -[AWTStarter starter:]+0x389
C  [Foundation+0x8dd4b]  __NSThreadPerformPerform+0x117
C  [CoreFoundation+0x7e5c1]  __CFRUNLOOP_IS_CALLING_OUT_TO_A_SOURCE0_PERFORM_FUNCTION__+0x11
C  [CoreFoundation+0x7041c]  __CFRunLoopDoSources0+0x22c
C  [CoreFoundation+0x6f93f]  __CFRunLoopRun+0x39f
C  [CoreFoundation+0x6f338]  CFRunLoopRunSpecific+0x128
C  [java+0x6463]  CreateExecutionEnvironment+0x367
C  [java+0x21ac]  JLI_Launch+0x7a0
C  [java+0x84c0]  main+0x65
C  [java+0x1a04]  start+0x34
C  0x0000000000000007

Java frames: (J=compiled Java code, j=interpreted, Vv=VM code)
j  jogamp.nativewindow.jawt.macosx.MacOSXJAWTWindow.UnsetJAWTRootSurfaceLayer0(JJ)V+0
j  jogamp.nativewindow.jawt.macosx.MacOSXJAWTWindow.access$200(JJ)V+2
j  jogamp.nativewindow.jawt.macosx.MacOSXJAWTWindow$1.run()V+38
J 2304 C1 com.jogamp.common.util.RunnableTask.run()V (345 bytes) @ 0x000000010fd8d054 [0x000000010fd8cec0+0x194]
v  ~StubRoutines::call_stub

---------------  P R O C E S S  ---------------

Java Threads: ( => current thread )
  0x00007f8dcbe81800 JavaThread "Thread-19" [_thread_blocked, id=63243, stack(0x00007000016e5000,0x00007000017e5000)]
  0x00007f8dcc1a5000 JavaThread "AWT-EventQueue-1" [_thread_in_native, id=57107, stack(0x000070000155f000,0x000070000165f000)]
  0x00007f8dcb80b800 JavaThread "DestroyJavaVM" [_thread_blocked, id=4099, stack(0x0000700000084000,0x0000700000184000)]
  0x00007f8dcbbd1800 JavaThread "AWT-EventQueue-0" [_thread_blocked, id=55047, stack(0x0000700001359000,0x0000700001459000)]
  0x00007f8dcc224000 JavaThread "Java2D Disposer" daemon [_thread_blocked, id=51459, stack(0x00007000010d0000,0x00007000011d0000)]
  0x00007f8dcc1f5800 JavaThread "Java2D Queue Flusher" daemon [_thread_blocked, id=48391, stack(0x0000700000fcd000,0x00007000010cd000)]
  0x00007f8dcc176800 JavaThread "AWT-Shutdown" [_thread_blocked, id=25395, stack(0x0000700000e47000,0x0000700000f47000)]
=>0x00007f8dcc163000 JavaThread "AWT-AppKit" daemon [_thread_in_native, id=2571, stack(0x00007fff51516000,0x00007fff51d16000)]
  0x00007f8dcc03d000 JavaThread "Service Thread" daemon [_thread_blocked, id=17155, stack(0x0000700000b3b000,0x0000700000c3b000)]
  0x00007f8dcb85b000 JavaThread "C1 CompilerThread1" daemon [_thread_blocked, id=16643, stack(0x0000700000a38000,0x0000700000b38000)]
  0x00007f8dcc03c000 JavaThread "C2 CompilerThread0" daemon [_thread_blocked, id=16131, stack(0x0000700000935000,0x0000700000a35000)]
  0x00007f8dcc03b800 JavaThread "Signal Dispatcher" daemon [_thread_blocked, id=11791, stack(0x0000700000832000,0x0000700000932000)]
  0x00007f8dcc020000 JavaThread "Finalizer" daemon [_thread_blocked, id=11267, stack(0x0000700000629000,0x0000700000729000)]
  0x00007f8dcc01f000 JavaThread "Reference Handler" daemon [_thread_blocked, id=10755, stack(0x0000700000526000,0x0000700000626000)]

Other Threads:
  0x00007f8dcc01c800 VMThread [stack: 0x0000700000423000,0x0000700000523000] [id=10243]
  0x00007f8dcc027800 WatcherThread [stack: 0x0000700000c3e000,0x0000700000d3e000] [id=17667]

VM state:not at safepoint (normal execution)

VM Mutex/Monitor currently owned by a thread: None

Heap:
 PSYoungGen      total 38400K, used 30233K [0x0000000795580000, 0x0000000798000000, 0x00000007c0000000)
  eden space 33280K, 75% used [0x0000000795580000,0x0000000796e09cf0,0x0000000797600000)
  from space 5120K, 99% used [0x0000000797600000,0x0000000797afcad0,0x0000000797b00000)
  to   space 5120K, 0% used [0x0000000797b00000,0x0000000797b00000,0x0000000798000000)
 ParOldGen       total 87552K, used 12086K [0x0000000740000000, 0x0000000745580000, 0x0000000795580000)
  object space 87552K, 13% used [0x0000000740000000,0x0000000740bcd880,0x0000000745580000)
 Metaspace       used 20852K, capacity 21067K, committed 21296K, reserved 1069056K
  class space    used 2031K, capacity 2110K, committed 2176K, reserved 1048576K

Card table byte_map: [0x000000011e9c0000,0x000000011edc1000] byte_map_base: 0x000000011afc0000

Marking Bits: (ParMarkBitMap*) 0x000000010ea49ea0
 Begin Bits: [0x000000011f06c000, 0x000000012106c000)
 End Bits:   [0x000000012106c000, 0x000000012306c000)

Polling page: 0x000000010f13c000

CodeCache: size=245760Kb used=8621Kb max_used=8629Kb free=237138Kb
 bounds [0x000000010f600000, 0x000000010fe80000, 0x000000011e600000]
 total_blobs=3354 nmethods=2468 adapters=801
 compilation: enabled

Compilation events (10 events):
Event: 17.006 Thread 0x00007f8dcb85b000 2604       3       de.fhpotsdam.unfolding.UnfoldingMap::restrictMapToArea (254 bytes)
Event: 17.009 Thread 0x00007f8dcb85b000 nmethod 2604 0x000000010fe6e610 code [0x000000010fe6ea00, 0x000000010fe70768]
Event: 17.009 Thread 0x00007f8dcb85b000 2606       3       jogamp.opengl.gl4.GL4bcImpl::glFinish (49 bytes)
Event: 17.011 Thread 0x00007f8dcb85b000 nmethod 2606 0x000000010fe71bd0 code [0x000000010fe71e20, 0x000000010fe72d08]
Event: 17.250 Thread 0x00007f8dcc03c000 2608       4       java.util.concurrent.locks.ReentrantLock$NonfairSync::lock (25 bytes)
Event: 17.251 Thread 0x00007f8dcc03c000 nmethod 2608 0x000000010fe41750 code [0x000000010fe418a0, 0x000000010fe41968]
Event: 17.698 Thread 0x00007f8dcb85b000 2610       3       java.lang.Thread::sleep (61 bytes)
Event: 17.698 Thread 0x00007f8dcb85b000 nmethod 2610 0x000000010fe75ad0 code [0x000000010fe75c80, 0x000000010fe760e8]
Event: 17.819 Thread 0x00007f8dcb85b000 2611       3       sun.java2d.pipe.RenderBuffer::putInt (26 bytes)
Event: 17.820 Thread 0x00007f8dcb85b000 nmethod 2611 0x000000010fe75750 code [0x000000010fe758c0, 0x000000010fe75a30]

GC Heap History (6 events):
Event: 3.341 GC heap before
{Heap before GC invocations=1 (full 0):
 PSYoungGen      total 38400K, used 33280K [0x0000000795580000, 0x0000000798000000, 0x00000007c0000000)
  eden space 33280K, 100% used [0x0000000795580000,0x0000000797600000,0x0000000797600000)
  from space 5120K, 0% used [0x0000000797b00000,0x0000000797b00000,0x0000000798000000)
  to   space 5120K, 0% used [0x0000000797600000,0x0000000797600000,0x0000000797b00000)
 ParOldGen       total 87552K, used 0K [0x0000000740000000, 0x0000000745580000, 0x0000000795580000)
  object space 87552K, 0% used [0x0000000740000000,0x0000000740000000,0x0000000745580000)
 Metaspace       used 15840K, capacity 16091K, committed 16384K, reserved 1064960K
  class space    used 1603K, capacity 1692K, committed 1792K, reserved 1048576K
Event: 3.354 GC heap after
Heap after GC invocations=1 (full 0):
 PSYoungGen      total 38400K, used 4869K [0x0000000795580000, 0x0000000798000000, 0x00000007c0000000)
  eden space 33280K, 0% used [0x0000000795580000,0x0000000795580000,0x0000000797600000)
  from space 5120K, 95% used [0x0000000797600000,0x0000000797ac1618,0x0000000797b00000)
  to   space 5120K, 0% used [0x0000000797b00000,0x0000000797b00000,0x0000000798000000)
 ParOldGen       total 87552K, used 8K [0x0000000740000000, 0x0000000745580000, 0x0000000795580000)
  object space 87552K, 0% used [0x0000000740000000,0x0000000740002000,0x0000000745580000)
 Metaspace       used 15840K, capacity 16091K, committed 16384K, reserved 1064960K
  class space    used 1603K, capacity 1692K, committed 1792K, reserved 1048576K
}
Event: 5.739 GC heap before
{Heap before GC invocations=2 (full 0):
 PSYoungGen      total 38400K, used 38090K [0x0000000795580000, 0x0000000798000000, 0x00000007c0000000)
  eden space 33280K, 99% used [0x0000000795580000,0x00000007975f12b8,0x0000000797600000)
  from space 5120K, 95% used [0x0000000797600000,0x0000000797ac1618,0x0000000797b00000)
  to   space 5120K, 0% used [0x0000000797b00000,0x0000000797b00000,0x0000000798000000)
 ParOldGen       total 87552K, used 8K [0x0000000740000000, 0x0000000745580000, 0x0000000795580000)
  object space 87552K, 0% used [0x0000000740000000,0x0000000740002000,0x0000000745580000)
 Metaspace       used 20048K, capacity 20293K, committed 20608K, reserved 1067008K
  class space    used 2023K, capacity 2109K, committed 2176K, reserved 1048576K
Event: 5.771 GC heap after
Heap after GC invocations=2 (full 0):
 PSYoungGen      total 38400K, used 5090K [0x0000000795580000, 0x0000000798000000, 0x00000007c0000000)
  eden space 33280K, 0% used [0x0000000795580000,0x0000000795580000,0x0000000797600000)
  from space 5120K, 99% used [0x0000000797b00000,0x0000000797ff8ae0,0x0000000798000000)
  to   space 5120K, 0% used [0x0000000797600000,0x0000000797600000,0x0000000797b00000)
 ParOldGen       total 87552K, used 9733K [0x0000000740000000, 0x0000000745580000, 0x0000000795580000)
  object space 87552K, 11% used [0x0000000740000000,0x00000007409817f0,0x0000000745580000)
 Metaspace       used 20048K, capacity 20293K, committed 20608K, reserved 1067008K
  class space    used 2023K, capacity 2109K, committed 2176K, reserved 1048576K
}
Event: 11.057 GC heap before
{Heap before GC invocations=3 (full 0):
 PSYoungGen      total 38400K, used 38370K [0x0000000795580000, 0x0000000798000000, 0x00000007c0000000)
  eden space 33280K, 100% used [0x0000000795580000,0x0000000797600000,0x0000000797600000)
  from space 5120K, 99% used [0x0000000797b00000,0x0000000797ff8ae0,0x0000000798000000)
  to   space 5120K, 0% used [0x0000000797600000,0x0000000797600000,0x0000000797b00000)
 ParOldGen       total 87552K, used 9733K [0x0000000740000000, 0x0000000745580000, 0x0000000795580000)
  object space 87552K, 11% used [0x0000000740000000,0x00000007409817f0,0x0000000745580000)
 Metaspace       used 20568K, capacity 20811K, committed 21120K, reserved 1069056K
  class space    used 2023K, capacity 2110K, committed 2176K, reserved 1048576K
Event: 11.073 GC heap after
Heap after GC invocations=3 (full 0):
 PSYoungGen      total 38400K, used 5106K [0x0000000795580000, 0x0000000798000000, 0x00000007c0000000)
  eden space 33280K, 0% used [0x0000000795580000,0x0000000795580000,0x0000000797600000)
  from space 5120K, 99% used [0x0000000797600000,0x0000000797afcad0,0x0000000797b00000)
  to   space 5120K, 0% used [0x0000000797b00000,0x0000000797b00000,0x0000000798000000)
 ParOldGen       total 87552K, used 12086K [0x0000000740000000, 0x0000000745580000, 0x0000000795580000)
  object space 87552K, 13% used [0x0000000740000000,0x0000000740bcd880,0x0000000745580000)
 Metaspace       used 20568K, capacity 20811K, committed 21120K, reserved 1069056K
  class space    used 2023K, capacity 2110K, committed 2176K, reserved 1048576K
}

Deoptimization events (10 events):
Event: 4.733 Thread 0x00007f8dcc1a5000 Uncommon trap: reason=unstable_if action=reinterpret pc=0x000000010f7b0114 method=java.lang.AbstractStringBuilder.append(Ljava/lang/String;)Ljava/lang/AbstractStringBuilder; @ 1
Event: 4.977 Thread 0x00007f8dcc1a5000 Uncommon trap: reason=unstable_if action=reinterpret pc=0x000000010fa0adac method=com.sun.org.apache.xerces.internal.impl.XMLEntityScanner.scanLiteral(ILcom/sun/org/apache/xerces/internal/xni/XMLString;)I @ 44
Event: 4.981 Thread 0x00007f8dcc1a5000 Uncommon trap: reason=unstable_if action=reinterpret pc=0x000000010f9e5b80 method=com.sun.org.apache.xerces.internal.impl.XMLEntityScanner.peekChar()I @ 14
Event: 5.016 Thread 0x00007f8dcc1a5000 Uncommon trap: reason=unstable_if action=reinterpret pc=0x000000010f9fdad0 method=com.sun.org.apache.xerces.internal.impl.XMLEntityScanner.skipSpaces()Z @ 14
Event: 5.323 Thread 0x00007f8dcc1a5000 Uncommon trap: reason=unstable_if action=reinterpret pc=0x000000010fa897bc method=com.jogamp.common.util.IntIntHashMap.get(I)I @ 28
Event: 5.570 Thread 0x00007f8dcc1a5000 Uncommon trap: reason=unstable_if action=reinterpret pc=0x000000010fb11b80 method=processing.opengl.PGraphicsOpenGL$InGeometry.addVertex(FFFIFFFFFIFIIIFIZ)I @ 218
Event: 17.819 Thread 0x00007f8dcbbd1800 Uncommon trap: reason=unstable_if action=reinterpret pc=0x000000010fcdce78 method=java.awt.font.FontRenderContext.equals(Ljava/awt/font/FontRenderContext;)Z @ 2
Event: 17.819 Thread 0x00007f8dcbbd1800 Uncommon trap: reason=unstable_if action=reinterpret pc=0x000000010fd58eb8 method=java.awt.Font.equals(Ljava/lang/Object;)Z @ 2
Event: 17.864 Thread 0x00007f8dcc25e800 Uncommon trap: reason=unstable_if action=reinterpret pc=0x000000010fde7840 method=java.util.HashMap.putVal(ILjava/lang/Object;Ljava/lang/Object;ZZ)Ljava/lang/Object; @ 81
Event: 17.886 Thread 0x00007f8dcbe81800 Uncommon trap: reason=predicate action=maybe_recompile pc=0x000000010fd75038 method=java.util.Vector.indexOf(Ljava/lang/Object;I)I @ 44

Internal exceptions (10 events):
Event: 0.291 Thread 0x00007f8dcb80b800 Exception <a 'java/lang/NoSuchFieldError': method resolution failed> (0x000000079582b3a8) thrown at [/Users/java_re/workspace/8-2-build-macosx-x86_64/jdk8u71/5731/hotspot/src/share/vm/prims/methodHandles.cpp, line 1146]
Event: 0.309 Thread 0x00007f8dcb80b800 Exception <a 'java/lang/NoSuchFieldError': method resolution failed> (0x0000000795838b78) thrown at [/Users/java_re/workspace/8-2-build-macosx-x86_64/jdk8u71/5731/hotspot/src/share/vm/prims/methodHandles.cpp, line 1146]
Event: 0.569 Thread 0x00007f8dcb80b800 Exception <a 'java/io/FileNotFoundException'> (0x00000007958b48a0) thrown at [/Users/java_re/workspace/8-2-build-macosx-x86_64/jdk8u71/5731/hotspot/src/share/vm/prims/jni.cpp, line 709]
Event: 0.569 Thread 0x00007f8dcb80b800 Exception <a 'java/io/FileNotFoundException'> (0x00000007958b53e8) thrown at [/Users/java_re/workspace/8-2-build-macosx-x86_64/jdk8u71/5731/hotspot/src/share/vm/prims/jni.cpp, line 709]
Event: 0.839 Thread 0x00007f8dcb80b800 Exception <a 'java/io/FileNotFoundException'> (0x00000007959f04e8) thrown at [/Users/java_re/workspace/8-2-build-macosx-x86_64/jdk8u71/5731/hotspot/src/share/vm/prims/jni.cpp, line 709]
Event: 2.825 Thread 0x00007f8dcbdbd000 Exception <a 'java/lang/UnsatisfiedLinkError': com.jogamp.common.util.JarUtil.fixNativeLibAttribs(Ljava/lang/String;)Z> (0x0000000796b0bd58) thrown at [/Users/java_re/workspace/8-2-build-macosx-x86_64/jdk8u71/5731/hotspot/src/share/vm/prims/nativeLookup.c
Event: 3.358 Thread 0x00007f8dcc020000 Exception <a 'java/lang/NullPointerException'> (0x0000000795626748) thrown at [/Users/java_re/workspace/8-2-build-macosx-x86_64/jdk8u71/5731/hotspot/src/share/vm/interpreter/linkResolver.cpp, line 1178]
Event: 4.729 Thread 0x00007f8dcc1a5000 Exception <a 'java/io/FileNotFoundException'> (0x000000079603a310) thrown at [/Users/java_re/workspace/8-2-build-macosx-x86_64/jdk8u71/5731/hotspot/src/share/vm/prims/jni.cpp, line 709]
Event: 4.732 Thread 0x00007f8dcc1a5000 Exception <a 'java/io/FileNotFoundException'> (0x0000000796040418) thrown at [/Users/java_re/workspace/8-2-build-macosx-x86_64/jdk8u71/5731/hotspot/src/share/vm/prims/jni.cpp, line 709]
Event: 4.733 Thread 0x00007f8dcc1a5000 Implicit null exception at 0x000000010f7afdb5 to 0x000000010f7b0101

Events (10 events):
Event: 17.884 loading class java/awt/event/AWTEventListenerProxy
Event: 17.884 loading class java/awt/event/AWTEventListenerProxy done
Event: 17.885 loading class java/awt/Toolkit$ToolkitEventMulticaster
Event: 17.885 loading class java/awt/Toolkit$ToolkitEventMulticaster done
Event: 17.885 Thread 0x00007f8dcc25e800 Thread exited: 0x00007f8dcc25e800
Event: 17.886 Thread 0x00007f8dcbe81800 Uncommon trap: trap_request=0xffffff86 fr.pc=0x000000010fd75038
Event: 17.886 Thread 0x00007f8dcbe81800 DEOPT PACKING pc=0x000000010fd75038 sp=0x00007000017e47f0
Event: 17.886 Thread 0x00007f8dcbe81800 DEOPT UNPACKING pc=0x000000010f604f69 sp=0x00007000017e47a0 mode 2
Event: 17.886 loading class java/awt/Window$1DisposeAction
Event: 17.886 loading class java/awt/Window$1DisposeAction done


Dynamic libraries:
0x000000000aba3000 	/System/Library/Frameworks/Cocoa.framework/Versions/A/Cocoa
0x000000000aba3000 	/System/Library/Frameworks/Security.framework/Versions/A/Security
0x000000000aba3000 	/System/Library/Frameworks/ApplicationServices.framework/Versions/A/ApplicationServices
0x000000000aba3000 	/usr/lib/libz.1.dylib
0x000000000aba3000 	/usr/lib/libSystem.B.dylib
0x000000000aba3000 	/usr/lib/libobjc.A.dylib
0x000000000aba3000 	/System/Library/Frameworks/CoreFoundation.framework/Versions/A/CoreFoundation
0x000000000aba3000 	/System/Library/Frameworks/Foundation.framework/Versions/C/Foundation
0x000000000aba3000 	/System/Library/Frameworks/AppKit.framework/Versions/C/AppKit
0x000000000aba3000 	/System/Library/Frameworks/CoreData.framework/Versions/A/CoreData
0x000000000aba3000 	/System/Library/PrivateFrameworks/RemoteViewServices.framework/Versions/A/RemoteViewServices
0x000000000aba3000 	/System/Library/PrivateFrameworks/UIFoundation.framework/Versions/A/UIFoundation
0x000000000aba3000 	/usr/lib/libScreenReader.dylib
0x000000000aba3000 	/System/Library/Frameworks/Accelerate.framework/Versions/A/Accelerate
0x000000000aba3000 	/System/Library/Frameworks/IOSurface.framework/Versions/A/IOSurface
0x000000000aba3000 	/System/Library/Frameworks/AudioToolbox.framework/Versions/A/AudioToolbox
0x000000000aba3000 	/System/Library/Frameworks/AudioUnit.framework/Versions/A/AudioUnit
0x000000000aba3000 	/System/Library/PrivateFrameworks/DataDetectorsCore.framework/Versions/A/DataDetectorsCore
0x000000000aba3000 	/System/Library/PrivateFrameworks/DesktopServicesPriv.framework/Versions/A/DesktopServicesPriv
0x000000000aba3000 	/System/Library/Frameworks/Carbon.framework/Versions/A/Frameworks/HIToolbox.framework/Versions/A/HIToolbox
0x000000000aba3000 	/System/Library/Frameworks/QuartzCore.framework/Versions/A/QuartzCore
0x000000000aba3000 	/System/Library/Frameworks/Carbon.framework/Versions/A/Frameworks/SpeechRecognition.framework/Versions/A/SpeechRecognition
0x000000000aba3000 	/usr/lib/libauto.dylib
0x000000000aba3000 	/usr/lib/libicucore.A.dylib
0x000000000aba3000 	/usr/lib/libxml2.2.dylib
0x000000000aba3000 	/System/Library/PrivateFrameworks/CoreUI.framework/Versions/A/CoreUI
0x000000000aba3000 	/System/Library/Frameworks/CoreAudio.framework/Versions/A/CoreAudio
0x000000000aba3000 	/System/Library/Frameworks/DiskArbitration.framework/Versions/A/DiskArbitration
0x000000000aba3000 	/usr/lib/liblangid.dylib
0x000000000aba3000 	/System/Library/PrivateFrameworks/MultitouchSupport.framework/Versions/A/MultitouchSupport
0x000000000aba3000 	/System/Library/Frameworks/IOKit.framework/Versions/A/IOKit
0x000000000aba3000 	/usr/lib/libDiagnosticMessagesClient.dylib
0x000000000aba3000 	/System/Library/Frameworks/CoreServices.framework/Versions/A/CoreServices
0x000000000aba3000 	/System/Library/PrivateFrameworks/PerformanceAnalysis.framework/Versions/A/PerformanceAnalysis
0x000000000aba3000 	/System/Library/PrivateFrameworks/GenerationalStorage.framework/Versions/A/GenerationalStorage
0x000000000aba3000 	/System/Library/Frameworks/OpenGL.framework/Versions/A/OpenGL
0x000000000aba3000 	/System/Library/PrivateFrameworks/Sharing.framework/Versions/A/Sharing
0x000000000aba3000 	/System/Library/Frameworks/CoreGraphics.framework/Versions/A/CoreGraphics
0x000000000aba3000 	/System/Library/Frameworks/CoreImage.framework/Versions/A/CoreImage
0x000000000aba3000 	/System/Library/Frameworks/CoreText.framework/Versions/A/CoreText
0x000000000aba3000 	/System/Library/Frameworks/ImageIO.framework/Versions/A/ImageIO
0x000000000aba3000 	/System/Library/PrivateFrameworks/Backup.framework/Versions/A/Backup
0x000000000aba3000 	/usr/lib/libextension.dylib
0x000000000aba3000 	/usr/lib/libarchive.2.dylib
0x000000000aba3000 	/System/Library/Frameworks/CFNetwork.framework/Versions/A/CFNetwork
0x000000000aba3000 	/System/Library/Frameworks/SystemConfiguration.framework/Versions/A/SystemConfiguration
0x000000000aba3000 	/usr/lib/libCRFSuite.dylib
0x000000000aba3000 	/usr/lib/libc++.1.dylib
0x000000000aba3000 	/usr/lib/libc++abi.dylib
0x000000000aba3000 	/usr/lib/system/libcache.dylib
0x000000000aba3000 	/usr/lib/system/libcommonCrypto.dylib
0x000000000aba3000 	/usr/lib/system/libcompiler_rt.dylib
0x000000000aba3000 	/usr/lib/system/libcopyfile.dylib
0x000000000aba3000 	/usr/lib/system/libcorecrypto.dylib
0x000000000aba3000 	/usr/lib/system/libdispatch.dylib
0x000000000aba3000 	/usr/lib/system/libdyld.dylib
0x000000000aba3000 	/usr/lib/system/libkeymgr.dylib
0x000000000aba3000 	/usr/lib/system/liblaunch.dylib
0x000000000aba3000 	/usr/lib/system/libmacho.dylib
0x000000000aba3000 	/usr/lib/system/libquarantine.dylib
0x000000000aba3000 	/usr/lib/system/libremovefile.dylib
0x000000000aba3000 	/usr/lib/system/libsystem_asl.dylib
0x000000000aba3000 	/usr/lib/system/libsystem_blocks.dylib
0x000000000aba3000 	/usr/lib/system/libsystem_c.dylib
0x000000000aba3000 	/usr/lib/system/libsystem_configuration.dylib
0x000000000aba3000 	/usr/lib/system/libsystem_coreservices.dylib
0x000000000aba3000 	/usr/lib/system/libsystem_coretls.dylib
0x000000000aba3000 	/usr/lib/system/libsystem_dnssd.dylib
0x000000000aba3000 	/usr/lib/system/libsystem_info.dylib
0x000000000aba3000 	/usr/lib/system/libsystem_kernel.dylib
0x000000000aba3000 	/usr/lib/system/libsystem_m.dylib
0x000000000aba3000 	/usr/lib/system/libsystem_malloc.dylib
0x000000000aba3000 	/usr/lib/system/libsystem_network.dylib
0x000000000aba3000 	/usr/lib/system/libsystem_networkextension.dylib
0x000000000aba3000 	/usr/lib/system/libsystem_notify.dylib
0x000000000aba3000 	/usr/lib/system/libsystem_platform.dylib
0x000000000aba3000 	/usr/lib/system/libsystem_pthread.dylib
0x000000000aba3000 	/usr/lib/system/libsystem_sandbox.dylib
0x000000000aba3000 	/usr/lib/system/libsystem_secinit.dylib
0x000000000aba3000 	/usr/lib/system/libsystem_trace.dylib
0x000000000aba3000 	/usr/lib/system/libunc.dylib
0x000000000aba3000 	/usr/lib/system/libunwind.dylib
0x000000000aba3000 	/usr/lib/system/libxpc.dylib
0x000000000aba3000 	/usr/lib/libenergytrace.dylib
0x000000000aba3000 	/usr/lib/libbsm.0.dylib
0x000000000aba3000 	/usr/lib/system/libkxld.dylib
0x000000000aba3000 	/usr/lib/libxar.1.dylib
0x000000000aba3000 	/usr/lib/libsqlite3.dylib
0x000000000aba3000 	/usr/lib/libpam.2.dylib
0x000000000aba3000 	/usr/lib/libOpenScriptingUtil.dylib
0x000000000aba3000 	/usr/lib/libbz2.1.0.dylib
0x000000000aba3000 	/usr/lib/liblzma.5.dylib
0x000000000aba3000 	/System/Library/Frameworks/CoreServices.framework/Versions/A/Frameworks/FSEvents.framework/Versions/A/FSEvents
0x000000000aba3000 	/System/Library/Frameworks/CoreServices.framework/Versions/A/Frameworks/CarbonCore.framework/Versions/A/CarbonCore
0x000000000aba3000 	/System/Library/Frameworks/CoreServices.framework/Versions/A/Frameworks/Metadata.framework/Versions/A/Metadata
0x000000000aba3000 	/System/Library/Frameworks/CoreServices.framework/Versions/A/Frameworks/OSServices.framework/Versions/A/OSServices
0x000000000aba3000 	/System/Library/Frameworks/CoreServices.framework/Versions/A/Frameworks/SearchKit.framework/Versions/A/SearchKit
0x000000000aba3000 	/System/Library/Frameworks/CoreServices.framework/Versions/A/Frameworks/AE.framework/Versions/A/AE
0x000000000aba3000 	/System/Library/Frameworks/CoreServices.framework/Versions/A/Frameworks/LaunchServices.framework/Versions/A/LaunchServices
0x000000000aba3000 	/System/Library/Frameworks/CoreServices.framework/Versions/A/Frameworks/DictionaryServices.framework/Versions/A/DictionaryServices
0x000000000aba3000 	/System/Library/Frameworks/CoreServices.framework/Versions/A/Frameworks/SharedFileList.framework/Versions/A/SharedFileList
0x000000000aba3000 	/System/Library/Frameworks/NetFS.framework/Versions/A/NetFS
0x000000000aba3000 	/System/Library/PrivateFrameworks/NetAuth.framework/Versions/A/NetAuth
0x000000000aba3000 	/System/Library/PrivateFrameworks/login.framework/Versions/A/Frameworks/loginsupport.framework/Versions/A/loginsupport
0x000000000aba3000 	/System/Library/PrivateFrameworks/TCC.framework/Versions/A/TCC
0x000000000aba3000 	/usr/lib/libmecabra.dylib
0x000000000aba3000 	/System/Library/Frameworks/ApplicationServices.framework/Versions/A/Frameworks/ATS.framework/Versions/A/ATS
0x000000000aba3000 	/System/Library/Frameworks/ApplicationServices.framework/Versions/A/Frameworks/ColorSync.framework/Versions/A/ColorSync
0x000000000aba3000 	/System/Library/Frameworks/ApplicationServices.framework/Versions/A/Frameworks/HIServices.framework/Versions/A/HIServices
0x000000000aba3000 	/System/Library/Frameworks/ApplicationServices.framework/Versions/A/Frameworks/LangAnalysis.framework/Versions/A/LangAnalysis
0x000000000aba3000 	/System/Library/Frameworks/ApplicationServices.framework/Versions/A/Frameworks/PrintCore.framework/Versions/A/PrintCore
0x000000000aba3000 	/System/Library/Frameworks/ApplicationServices.framework/Versions/A/Frameworks/QD.framework/Versions/A/QD
0x000000000aba3000 	/System/Library/Frameworks/ApplicationServices.framework/Versions/A/Frameworks/SpeechSynthesis.framework/Versions/A/SpeechSynthesis
0x000000000aba3000 	/System/Library/Frameworks/Metal.framework/Versions/A/Metal
0x000000000aba3000 	/System/Library/Frameworks/Accelerate.framework/Versions/A/Frameworks/vImage.framework/Versions/A/vImage
0x000000000aba3000 	/System/Library/Frameworks/Accelerate.framework/Versions/A/Frameworks/vecLib.framework/Versions/A/vecLib
0x000000000aba3000 	/System/Library/Frameworks/Accelerate.framework/Versions/A/Frameworks/vecLib.framework/Versions/A/libvDSP.dylib
0x000000000aba3000 	/System/Library/Frameworks/Accelerate.framework/Versions/A/Frameworks/vecLib.framework/Versions/A/libvMisc.dylib
0x000000000aba3000 	/System/Library/Frameworks/Accelerate.framework/Versions/A/Frameworks/vecLib.framework/Versions/A/libLAPACK.dylib
0x000000000aba3000 	/System/Library/Frameworks/Accelerate.framework/Versions/A/Frameworks/vecLib.framework/Versions/A/libBLAS.dylib
0x000000000aba3000 	/System/Library/Frameworks/Accelerate.framework/Versions/A/Frameworks/vecLib.framework/Versions/A/libLinearAlgebra.dylib
0x000000000aba3000 	/System/Library/Frameworks/Accelerate.framework/Versions/A/Frameworks/vecLib.framework/Versions/A/libSparseBLAS.dylib
0x000000000aba3000 	/System/Library/PrivateFrameworks/GPUCompiler.framework/libmetal_timestamp.dylib
0x000000000aba3000 	/System/Library/Frameworks/OpenGL.framework/Versions/A/Libraries/libCoreFSCache.dylib
0x000000000aba3000 	/System/Library/PrivateFrameworks/IOAccelerator.framework/Versions/A/IOAccelerator
0x000000000aba3000 	/System/Library/Frameworks/ApplicationServices.framework/Versions/A/Frameworks/ATS.framework/Versions/A/Resources/libFontParser.dylib
0x000000000aba3000 	/System/Library/Frameworks/ApplicationServices.framework/Versions/A/Frameworks/ATS.framework/Versions/A/Resources/libFontRegistry.dylib
0x000000000aba3000 	/System/Library/PrivateFrameworks/AppleVPA.framework/Versions/A/AppleVPA
0x000000000aba3000 	/System/Library/PrivateFrameworks/AppleJPEG.framework/Versions/A/AppleJPEG
0x000000000aba3000 	/System/Library/Frameworks/ImageIO.framework/Versions/A/Resources/libJPEG.dylib
0x000000000aba3000 	/System/Library/Frameworks/ImageIO.framework/Versions/A/Resources/libTIFF.dylib
0x000000000aba3000 	/System/Library/Frameworks/ImageIO.framework/Versions/A/Resources/libPng.dylib
0x000000000aba3000 	/System/Library/Frameworks/ImageIO.framework/Versions/A/Resources/libGIF.dylib
0x000000000aba3000 	/System/Library/Frameworks/ImageIO.framework/Versions/A/Resources/libJP2.dylib
0x000000000aba3000 	/System/Library/Frameworks/ImageIO.framework/Versions/A/Resources/libRadiance.dylib
0x000000000aba3000 	/System/Library/Frameworks/CoreVideo.framework/Versions/A/CoreVideo
0x000000000aba3000 	/System/Library/Frameworks/OpenGL.framework/Versions/A/Libraries/libGLU.dylib
0x000000000aba3000 	/System/Library/Frameworks/OpenGL.framework/Versions/A/Libraries/libGFXShared.dylib
0x000000000aba3000 	/System/Library/Frameworks/OpenGL.framework/Versions/A/Libraries/libGL.dylib
0x000000000aba3000 	/System/Library/Frameworks/OpenGL.framework/Versions/A/Libraries/libGLImage.dylib
0x000000000aba3000 	/System/Library/Frameworks/OpenGL.framework/Versions/A/Libraries/libCVMSPluginSupport.dylib
0x000000000aba3000 	/System/Library/Frameworks/OpenGL.framework/Versions/A/Libraries/libCoreVMClient.dylib
0x000000000aba3000 	/usr/lib/libcups.2.dylib
0x000000000aba3000 	/System/Library/Frameworks/Kerberos.framework/Versions/A/Kerberos
0x000000000aba3000 	/System/Library/Frameworks/GSS.framework/Versions/A/GSS
0x000000000aba3000 	/usr/lib/libresolv.9.dylib
0x000000000aba3000 	/usr/lib/libiconv.2.dylib
0x000000000aba3000 	/System/Library/PrivateFrameworks/Heimdal.framework/Versions/A/Heimdal
0x000000000aba3000 	/usr/lib/libheimdal-asn1.dylib
0x000000000aba3000 	/System/Library/Frameworks/OpenDirectory.framework/Versions/A/OpenDirectory
0x000000000aba3000 	/System/Library/PrivateFrameworks/CommonAuth.framework/Versions/A/CommonAuth
0x000000000aba3000 	/System/Library/Frameworks/OpenDirectory.framework/Versions/A/Frameworks/CFOpenDirectory.framework/Versions/A/CFOpenDirectory
0x000000000aba3000 	/System/Library/Frameworks/SecurityFoundation.framework/Versions/A/SecurityFoundation
0x000000000aba3000 	/System/Library/PrivateFrameworks/LanguageModeling.framework/Versions/A/LanguageModeling
0x000000000aba3000 	/usr/lib/libmarisa.dylib
0x000000000aba3000 	/usr/lib/libChineseTokenizer.dylib
0x000000000aba3000 	/usr/lib/libcmph.dylib
0x000000000aba3000 	/usr/lib/libcompression.dylib
0x000000000aba3000 	/System/Library/Frameworks/ServiceManagement.framework/Versions/A/ServiceManagement
0x000000000aba3000 	/usr/lib/libxslt.1.dylib
0x000000000aba3000 	/System/Library/Frameworks/Carbon.framework/Versions/A/Frameworks/Ink.framework/Versions/A/Ink
0x000000000aba3000 	/usr/lib/libFosl_dynamic.dylib
0x000000000aba3000 	/System/Library/PrivateFrameworks/FaceCore.framework/Versions/A/FaceCore
0x000000000aba3000 	/System/Library/Frameworks/OpenCL.framework/Versions/A/OpenCL
0x000000000aba3000 	/System/Library/PrivateFrameworks/CrashReporterSupport.framework/Versions/A/CrashReporterSupport
0x000000000aba3000 	/System/Library/PrivateFrameworks/IconServices.framework/Versions/A/IconServices
0x000000000aba3000 	/System/Library/PrivateFrameworks/Apple80211.framework/Versions/A/Apple80211
0x000000000aba3000 	/System/Library/Frameworks/CoreWLAN.framework/Versions/A/CoreWLAN
0x000000000aba3000 	/System/Library/Frameworks/IOBluetooth.framework/Versions/A/IOBluetooth
0x000000000aba3000 	/System/Library/PrivateFrameworks/CoreWiFi.framework/Versions/A/CoreWiFi
0x000000000aba3000 	/System/Library/Frameworks/CoreBluetooth.framework/Versions/A/CoreBluetooth
0x000000000aba3000 	/System/Library/PrivateFrameworks/ChunkingLibrary.framework/Versions/A/ChunkingLibrary
0x000000000aba3000 	/System/Library/PrivateFrameworks/DebugSymbols.framework/Versions/A/DebugSymbols
0x000000000aba3000 	/System/Library/PrivateFrameworks/CoreSymbolication.framework/Versions/A/CoreSymbolication
0x000000000aba3000 	/System/Library/PrivateFrameworks/Symbolication.framework/Versions/A/Symbolication
0x000000000aba3000 	/System/Library/PrivateFrameworks/SpeechRecognitionCore.framework/Versions/A/SpeechRecognitionCore
0x000000010e166000 	/Library/Java/JavaVirtualMachines/jdk1.8.0_71.jdk/Contents/Home/jre/lib/server/libjvm.dylib
0x000000000aba3000 	/usr/lib/libstdc++.6.dylib
0x000000010f0f5000 	/Library/Java/JavaVirtualMachines/jdk1.8.0_71.jdk/Contents/Home/jre/lib/libverify.dylib
0x000000010f103000 	/Library/Java/JavaVirtualMachines/jdk1.8.0_71.jdk/Contents/Home/jre/lib/libjava.dylib
0x000000010f146000 	/Library/Java/JavaVirtualMachines/jdk1.8.0_71.jdk/Contents/Home/jre/lib/libzip.dylib
0x0000000124877000 	/System/Library/Frameworks/JavaVM.framework/Frameworks/JavaRuntimeSupport.framework/JavaRuntimeSupport
0x0000000124892000 	/System/Library/Frameworks/JavaVM.framework/Versions/A/Frameworks/JavaNativeFoundation.framework/Versions/A/JavaNativeFoundation
0x00000001248a7000 	/System/Library/Frameworks/JavaVM.framework/Versions/A/JavaVM
0x000000000aba3000 	/System/Library/Frameworks/Carbon.framework/Versions/A/Carbon
0x00000001248b4000 	/System/Library/PrivateFrameworks/JavaLaunching.framework/Versions/A/JavaLaunching
0x000000000aba3000 	/System/Library/Frameworks/Carbon.framework/Versions/A/Frameworks/CommonPanels.framework/Versions/A/CommonPanels
0x000000000aba3000 	/System/Library/Frameworks/Carbon.framework/Versions/A/Frameworks/Help.framework/Versions/A/Help
0x000000000aba3000 	/System/Library/Frameworks/Carbon.framework/Versions/A/Frameworks/ImageCapture.framework/Versions/A/ImageCapture
0x000000000aba3000 	/System/Library/Frameworks/Carbon.framework/Versions/A/Frameworks/OpenScripting.framework/Versions/A/OpenScripting
0x000000000aba3000 	/System/Library/Frameworks/Carbon.framework/Versions/A/Frameworks/Print.framework/Versions/A/Print
0x000000000aba3000 	/System/Library/Frameworks/Carbon.framework/Versions/A/Frameworks/SecurityHI.framework/Versions/A/SecurityHI
0x00000001261d3000 	/Library/Java/JavaVirtualMachines/jdk1.8.0_71.jdk/Contents/Home/jre/lib/libawt.dylib
0x000000012627b000 	/Library/Java/JavaVirtualMachines/jdk1.8.0_71.jdk/Contents/Home/jre/lib/./libmlib_image.dylib
0x0000000126347000 	/Library/Java/JavaVirtualMachines/jdk1.8.0_71.jdk/Contents/Home/jre/lib/libawt_lwawt.dylib
0x00000001263fc000 	/Library/Java/JavaVirtualMachines/jdk1.8.0_71.jdk/Contents/Home/jre/lib/./libosxapp.dylib
0x000000000aba3000 	/System/Library/Frameworks/ExceptionHandling.framework/Versions/A/ExceptionHandling
0x000000000aba3000 	/System/Library/PrivateFrameworks/CoreServicesInternal.framework/Versions/A/CoreServicesInternal
0x000000000aba3000 	/System/Library/Frameworks/CoreGraphics.framework/Versions/A/Resources/libRIP.A.dylib
0x000000000aba3000 	/System/Library/Frameworks/Accelerate.framework/Versions/A/Frameworks/vImage.framework/Versions/A/Libraries/libCGInterfaces.dylib
0x000000000aba3000 	/System/Library/Frameworks/CoreGraphics.framework/Versions/A/Resources/libCGXType.A.dylib
0x000000000aba3000 	/System/Library/Frameworks/OpenCL.framework/Versions/A/Libraries/libcldcpuengine.dylib
0x000000000aba3000 	/System/Library/PrivateFrameworks/DiskImages.framework/Versions/A/DiskImages
0x000000000aba3000 	/System/Library/Frameworks/DiscRecording.framework/Versions/A/DiscRecording
0x000000000aba3000 	/usr/lib/libcsfde.dylib
0x000000000aba3000 	/usr/lib/libcurl.4.dylib
0x000000000aba3000 	/System/Library/PrivateFrameworks/MediaKit.framework/Versions/A/MediaKit
0x000000000aba3000 	/System/Library/PrivateFrameworks/ProtectedCloudStorage.framework/Versions/A/ProtectedCloudStorage
0x000000000aba3000 	/usr/lib/libCoreStorage.dylib
0x000000000aba3000 	/System/Library/PrivateFrameworks/EFILogin.framework/Versions/A/EFILogin
0x000000000aba3000 	/usr/lib/libutil.dylib
0x000000000aba3000 	/System/Library/PrivateFrameworks/FindMyDevice.framework/Versions/A/FindMyDevice
0x000000000aba3000 	/System/Library/Frameworks/LDAP.framework/Versions/A/LDAP
0x000000000aba3000 	/usr/lib/libsasl2.2.dylib
0x000000000aba3000 	/System/Library/PrivateFrameworks/CoreDaemon.framework/Versions/B/CoreDaemon
0x000000000aba3000 	/usr/lib/libcrypto.0.9.8.dylib
0x000000000aba3000 	/System/Library/PrivateFrameworks/AppleSRP.framework/Versions/A/AppleSRP
0x000000000aba3000 	/System/Library/PrivateFrameworks/TrustEvaluationAgent.framework/Versions/A/TrustEvaluationAgent
0x0000000126d59000 	cl_kernels
0x000000000aba3000 	/System/Library/Frameworks/OpenCL.framework/Versions/A/Libraries/ImageFormats/unorm8_bgra.dylib
0x000000000aba3000 	/System/Library/Frameworks/OpenCL.framework/Versions/A/Libraries/ImageFormats/unorm8_rgba.dylib
0x000000000aba3000 	/System/Library/PrivateFrameworks/FamilyControls.framework/Versions/A/FamilyControls
0x000000000aba3000 	/System/Library/PrivateFrameworks/CommerceKit.framework/Versions/A/Frameworks/CommerceCore.framework/Versions/A/CommerceCore
0x000000000aba3000 	/System/Library/PrivateFrameworks/SystemAdministration.framework/Versions/A/SystemAdministration
0x000000000aba3000 	/System/Library/PrivateFrameworks/AppContainer.framework/Versions/A/AppContainer
0x000000000aba3000 	/System/Library/PrivateFrameworks/SecCodeWrapper.framework/Versions/A/SecCodeWrapper
0x000000000aba3000 	/System/Library/Frameworks/DirectoryService.framework/Versions/A/DirectoryService
0x000000000aba3000 	/System/Library/PrivateFrameworks/LoginUIKit.framework/Versions/A/Frameworks/LoginUICore.framework/Versions/A/LoginUICore
0x000000000aba3000 	/usr/lib/libodfde.dylib
0x000000000aba3000 	/System/Library/Frameworks/OpenGL.framework/Versions/A/Resources/GLEngine.bundle/GLEngine
0x000000000aba3000 	/System/Library/Frameworks/OpenGL.framework/Versions/A/Libraries/libGLProgrammability.dylib
0x0000000128b98000 	/System/Library/Extensions/GeForceTeslaGLDriver.bundle/Contents/MacOS/GeForceTeslaGLDriver
0x000000012a758000 	/System/Library/Extensions/GeForceTeslaGLDriver.bundle/Contents/MacOS/libclh.dylib
0x000000000aba3000 	/System/Library/PrivateFrameworks/GPUSupport.framework/Versions/A/Libraries/libGPUSupport.dylib
0x000000000aba3000 	/System/Library/Frameworks/OpenGL.framework/Versions/A/Resources/GLRendererFloat.bundle/GLRendererFloat
0x000000012b522000 	/Library/Java/JavaVirtualMachines/jdk1.8.0_71.jdk/Contents/Home/jre/lib/libfontmanager.dylib
0x000000012c9e3000 	/Library/Java/JavaVirtualMachines/jdk1.8.0_71.jdk/Contents/Home/jre/lib/libosxui.dylib
0x000000012d7af000 	/Library/Java/JavaVirtualMachines/jdk1.8.0_71.jdk/Contents/Home/jre/lib/libnet.dylib
0x000000012d5ce000 	/Library/Java/JavaVirtualMachines/jdk1.8.0_71.jdk/Contents/Home/jre/lib/libnio.dylib
0x000000000aba3000 	/System/Library/Frameworks/ApplicationServices.framework/Versions/A/Frameworks/ATS.framework/Versions/A/Resources/libTrueTypeScaler.dylib
0x0000000127138000 	/private/var/folders/gx/t9vq3cns2s73t5kjlnsql92h0000gn/T/jogamp_0000/file_cache/jln3187285129135964136/jln1567902729774991758/libgluegen-rt.jnilib
0x000000012713d000 	/private/var/folders/gx/t9vq3cns2s73t5kjlnsql92h0000gn/T/jogamp_0000/file_cache/jln3187285129135964136/jln1567902729774991758/libnativewindow_awt.jnilib
0x0000000127140000 	/Library/Java/JavaVirtualMachines/jdk1.8.0_71.jdk/Contents/Home/jre/lib/libjawt.dylib
0x0000000127143000 	/private/var/folders/gx/t9vq3cns2s73t5kjlnsql92h0000gn/T/jogamp_0000/file_cache/jln3187285129135964136/jln1567902729774991758/libnativewindow_macosx.jnilib
0x0000000181897000 	/private/var/folders/gx/t9vq3cns2s73t5kjlnsql92h0000gn/T/jogamp_0000/file_cache/jln3187285129135964136/jln1567902729774991758/libjogl_desktop.jnilib
0x00000001846be000 	/Library/Java/JavaVirtualMachines/jdk1.8.0_71.jdk/Contents/Home/jre/lib/libt2k.dylib

VM Arguments:
jvm_args: -Djava.security.policy=java.policy.applet -Dfile.encoding=UTF-8 
java_command: sun.applet.AppletViewer module3.EarthquakeCityMap1461348217651.html
java_class_path (initial): /Users/Leland/Eclipse/workspace/UCSDUnfoldingMaps/build:/Users/Leland/Eclipse/workspace/UCSDUnfoldingMaps/lib/core.jar:/Users/Leland/Eclipse/workspace/UCSDUnfoldingMaps/lib/gluegen-rt.jar:/Users/Leland/Eclipse/workspace/UCSDUnfoldingMaps/lib/jogl-all.jar:/Users/Leland/Eclipse/workspace/UCSDUnfoldingMaps/lib/log4j-1.2.15.jar:/Users/Leland/Eclipse/workspace/UCSDUnfoldingMaps/lib/sqlite-jdbc-3.7.2.jar:/Users/Leland/Eclipse/workspace/UCSDUnfoldingMaps/lib/json4processing.jar:/Users/Leland/Eclipse/workspace/UCSDUnfoldingMaps/lib/libTUIO.jar:/Users/Leland/Eclipse/workspace/UCSDUnfoldingMaps/lib/unfolding.0.9.7-uscd.jar
Launcher Type: SUN_STANDARD

Environment Variables:
PATH=/usr/bin:/bin:/usr/sbin:/sbin
SHELL=/bin/bash

Signal Handlers:
SIGSEGV: [libjvm.dylib+0x5a68c5], sa_mask[0]=11111111011111110111111111111111, sa_flags=SA_ONSTACK|SA_RESTART|SA_SIGINFO
SIGBUS: [libjvm.dylib+0x5a68c5], sa_mask[0]=11111111011111110111111111111111, sa_flags=SA_RESTART|SA_SIGINFO
SIGFPE: [libjvm.dylib+0x4805d4], sa_mask[0]=11111111011111110111111111111111, sa_flags=SA_RESTART|SA_SIGINFO
SIGPIPE: [libjvm.dylib+0x4805d4], sa_mask[0]=11111111011111110111111111111111, sa_flags=SA_RESTART|SA_SIGINFO
SIGXFSZ: [libjvm.dylib+0x4805d4], sa_mask[0]=11111111011111110111111111111111, sa_flags=SA_RESTART|SA_SIGINFO
SIGILL: [libjvm.dylib+0x4805d4], sa_mask[0]=11111111011111110111111111111111, sa_flags=SA_RESTART|SA_SIGINFO
SIGUSR1: SIG_DFL, sa_mask[0]=00000000000000000000000000000000, sa_flags=none
SIGUSR2: [libjvm.dylib+0x4800f2], sa_mask[0]=00100000000000000000000000000000, sa_flags=SA_RESTART|SA_SIGINFO
SIGHUP: [libjvm.dylib+0x47e6c9], sa_mask[0]=11111111011111110111111111111111, sa_flags=SA_RESTART|SA_SIGINFO
SIGINT: [libjvm.dylib+0x47e6c9], sa_mask[0]=11111111011111110111111111111111, sa_flags=SA_RESTART|SA_SIGINFO
SIGTERM: [libjvm.dylib+0x47e6c9], sa_mask[0]=11111111011111110111111111111111, sa_flags=SA_RESTART|SA_SIGINFO
SIGQUIT: [libjvm.dylib+0x47e6c9], sa_mask[0]=11111111011111110111111111111111, sa_flags=SA_RESTART|SA_SIGINFO


---------------  S Y S T E M  ---------------

OS:Bsduname:Darwin 15.3.0 Darwin Kernel Version 15.3.0: Thu Dec 10 18:40:58 PST 2015; root:xnu-3248.30.4~1/RELEASE_X86_64 x86_64
rlimit: STACK 8192k, CORE 0k, NPROC 709, NOFILE 10240, AS infinity
load average:2.13 4.87 5.00

CPU:total 2 (2 cores per cpu, 1 threads per core) family 6 model 23 stepping 10, cmov, cx8, fxsr, mmx, sse, sse2, sse3, ssse3, sse4.1, tsc

Memory: 4k page, physical 8388608k(164804k free)

/proc/meminfo:


vm_info: Java HotSpot(TM) 64-Bit Server VM (25.71-b15) for bsd-amd64 JRE (1.8.0_71-b15), built on Dec 22 2015 15:11:44 by "java_re" with gcc 4.2.1 (Based on Apple Inc. build 5658) (LLVM build 2336.11.00)

time: Fri Apr 22 14:03:55 2016
elapsed time: 17 seconds (0d 0h 0m 17s)

