#
# A fatal error has been detected by the Java Runtime Environment:
#
#  SIGSEGV (0xb) at pc=0x00007fff955c14dd, pid=10870, tid=2571
#
# JRE version: Java(TM) SE Runtime Environment (8.0_71-b15) (build 1.8.0_71-b15)
# Java VM: Java HotSpot(TM) 64-Bit Server VM (25.71-b15 mixed mode bsd-amd64 compressed oops)
# Problematic frame:
# C  [libobjc.A.dylib+0x14dd]  objc_msgSend+0x1d
#
# Failed to write core dump. Core dumps have been disabled. To enable core dumping, try "ulimit -c unlimited" before starting Java again
#
# If you would like to submit a bug report, please visit:
#   http://bugreport.java.com/bugreport/crash.jsp
# The crash happened outside the Java Virtual Machine in native code.
# See problematic frame for where to report the bug.
#

---------------  T H R E A D  ---------------

Current thread (0x00007fb9dbad5800):  JavaThread "AWT-AppKit" daemon [_thread_in_native, id=2571, stack(0x00007fff56a7b000,0x00007fff5727b000)]

siginfo: si_signo: 11 (SIGSEGV), si_code: 1 (SEGV_MAPERR), si_addr: 0x0000000000000018

Registers:
RAX=0x00007fb9dd773280, RBX=0x0000000121bd8450, RCX=0x0000000121bc09e0, RDX=0x0000000121bc0cc0
RSP=0x00007fff572763a8, RBP=0x00007fff57276460, RSI=0x00007fff9b149d0e, RDI=0x00007fb9dd76e830
R8 =0x0000000000000000, R9 =0x00000000000008c0, R10=0x00007fff9b149d0e, R11=0x0000000000000000
R12=0x0000000000000000, R13=0x000000017c7b6010, R14=0x0000000121bd8440, R15=0x00007fb9dbad5800
RIP=0x00007fff955c14dd, EFLAGS=0x0000000000010246, ERR=0x0000000000000004
  TRAPNO=0x000000000000000e

Top of Stack: (sp=0x00007fff572763a8)
0x00007fff572763a8:   0000000121bd6157 00007fff57276400
0x00007fff572763b8:   0000000000000003 00007fff572763e0
0x00007fff572763c8:   0000000108df1d66 000000017c7b6010
0x00007fff572763d8:   000000017c7b6010 00007fb9dd773280
0x00007fff572763e8:   0000000121bd86a0 0000000121bd8710
0x00007fff572763f8:   00007fff7e9b6770 00007fff7d66e500
0x00007fff57276408:   0000000121bd8450 0000000121bd8690
0x00007fff57276418:   00007fb9dd773280 00007fb9dd76e830
0x00007fff57276428:   00007fb9dd773090 00007fb9dd773280
0x00007fff57276438:   00007fb9dd76e830 00007fff572764e8
0x00007fff57276448:   00007fb9dbad59f8 000000017c7b6010
0x00007fff57276458:   00007fff57276510 00007fff572764d8
0x00007fff57276468:   000000010a0134d4 000000017c7b6010
0x00007fff57276478:   00007fff57276510 00007fff572764d8
0x00007fff57276488:   000000010a013267 000000010a013222
0x00007fff57276498:   00007fff57276498 000000017c7b6010
0x00007fff572764a8:   00007fff57276510 000000017c7b8c48
0x00007fff572764b8:   0000000000000000 000000017c7b6010
0x00007fff572764c8:   0000000000000000 00007fff572764f8
0x00007fff572764d8:   00007fff57276558 000000010a00798d
0x00007fff572764e8:   000000074056ff38 000000010a00f2b8
0x00007fff572764f8:   00007fb9dd773280 00007fff57276558
0x00007fff57276508:   00007fb9dd76e830 000000010a010ac2
0x00007fff57276518:   00007fff57276518 000000017c7b61da
0x00007fff57276528:   00007fff57276580 000000017c7b8c48
0x00007fff57276538:   0000000000000000 000000017c7b61e8
0x00007fff57276548:   00007fff572764f8 00007fff57276568
0x00007fff57276558:   00007fff572765c8 000000010a00798d
0x00007fff57276568:   00007fb9dd773280 0000000797636798
0x00007fff57276578:   00007fb9dd76e830 0000000797636798
0x00007fff57276588:   00007fff57276588 0000000180e4035e
0x00007fff57276598:   00007fff572765d8 0000000180e40418 

Instructions: (pc=0x00007fff955c14dd)
0x00007fff955c14bd:   44 00 00 48 85 ff 2e 74 62 40 f6 c7 01 2e 75 66
0x00007fff955c14cd:   49 bb f8 ff ff ff ff 7f 00 00 4c 23 1f 49 89 f2
0x00007fff955c14dd:   45 23 53 18 49 c1 e2 04 4d 03 53 10 49 3b 32 75
0x00007fff955c14ed:   04 41 ff 62 08 49 83 3a 01 76 0d 49 83 c2 10 49 

Register to memory mapping:

RAX=0x00007fb9dd773280 is an unknown value
RBX=0x0000000121bd8450: Java_jogamp_nativewindow_macosx_OSXUtil_GetScreenRefreshRate0+0x1cf0 in /private/var/folders/gx/t9vq3cns2s73t5kjlnsql92h0000gn/T/jogamp_0000/file_cache/jln6360839472794954170/jln7909691202706473841/libnativewindow_macosx.jnilib at 0x0000000121bd1000
RCX=0x0000000121bc09e0 is an unknown value
RDX=0x0000000121bc0cc0 is an unknown value
RSP=0x00007fff572763a8 is pointing into the stack for thread: 0x00007fb9dbad5800
RBP=0x00007fff57276460 is pointing into the stack for thread: 0x00007fb9dbad5800
RSI=0x00007fff9b149d0e is an unknown value
RDI=0x00007fb9dd76e830 is an unknown value
R8 =0x0000000000000000 is an unknown value
R9 =0x00000000000008c0 is an unknown value
R10=0x00007fff9b149d0e is an unknown value
R11=0x0000000000000000 is an unknown value
R12=0x0000000000000000 is an unknown value
R13={method} {0x000000017c7b6010} 'UnsetJAWTRootSurfaceLayer0' '(JJ)V' in 'jogamp/nativewindow/jawt/macosx/MacOSXJAWTWindow'
R14=0x0000000121bd8440: Java_jogamp_nativewindow_macosx_OSXUtil_GetScreenRefreshRate0+0x1ce0 in /private/var/folders/gx/t9vq3cns2s73t5kjlnsql92h0000gn/T/jogamp_0000/file_cache/jln6360839472794954170/jln7909691202706473841/libnativewindow_macosx.jnilib at 0x0000000121bd1000
R15=0x00007fb9dbad5800 is a thread


Stack: [0x00007fff56a7b000,0x00007fff5727b000],  sp=0x00007fff572763a8,  free space=8172k
Native frames: (J=compiled Java code, j=interpreted, Vv=VM code, C=native code)
C  [libobjc.A.dylib+0x14dd]  objc_msgSend+0x1d
j  jogamp.nativewindow.jawt.macosx.MacOSXJAWTWindow.UnsetJAWTRootSurfaceLayer0(JJ)V+0
j  jogamp.nativewindow.jawt.macosx.MacOSXJAWTWindow.access$200(JJ)V+2
j  jogamp.nativewindow.jawt.macosx.MacOSXJAWTWindow$1.run()V+38
J 2263 C1 com.jogamp.common.util.RunnableTask.run()V (345 bytes) @ 0x000000010a74b994 [0x000000010a74b800+0x194]
v  ~StubRoutines::call_stub
V  [libjvm.dylib+0x2ea59a]  JavaCalls::call_helper(JavaValue*, methodHandle*, JavaCallArguments*, Thread*)+0x6ae
V  [libjvm.dylib+0x3216a3]  jni_invoke_nonstatic(JNIEnv_*, JavaValue*, _jobject*, JNICallType, _jmethodID*, JNI_ArgumentPusher*, Thread*)+0x2ec
V  [libjvm.dylib+0x313e77]  jni_CallVoidMethod+0x16b
C  [libnativewindow_macosx.jnilib+0x5326]  Java_jogamp_nativewindow_jawt_macosx_MacOSXJAWTWindow_UnsetJAWTRootSurfaceLayer0+0x2b6
C  [Foundation+0x8dd4b]  __NSThreadPerformPerform+0x117
C  [CoreFoundation+0x7e5c1]  __CFRUNLOOP_IS_CALLING_OUT_TO_A_SOURCE0_PERFORM_FUNCTION__+0x11
C  [CoreFoundation+0x70397]  __CFRunLoopDoSources0+0x1a7
C  [CoreFoundation+0x6f93f]  __CFRunLoopRun+0x39f
C  [CoreFoundation+0x6f338]  CFRunLoopRunSpecific+0x128
C  [HIToolbox+0x30935]  RunCurrentEventLoopInMode+0xeb
C  [HIToolbox+0x30677]  ReceiveNextEventCommon+0xb8
C  [HIToolbox+0x305af]  _BlockUntilNextEventMatchingListInModeWithFilter+0x47
C  [AppKit+0x8a0ee]  _DPSNextEvent+0x42b
C  [AppKit+0x456943]  -[NSApplication _nextEventMatchingEventMask:untilDate:inMode:dequeue:]+0x1c6
C  [libosxapp.dylib+0x23aa]  -[NSApplicationAWT nextEventMatchingMask:untilDate:inMode:dequeue:]+0x7c
C  [AppKit+0x7ffc8]  -[NSApplication run]+0x2aa
C  [libosxapp.dylib+0x214d]  +[NSApplicationAWT runAWTLoopWithApp:]+0x9c
C  [libawt_lwawt.dylib+0x4455b]  -[AWTStarter starter:]+0x389
C  [Foundation+0x8dd4b]  __NSThreadPerformPerform+0x117
C  [CoreFoundation+0x7e5c1]  __CFRUNLOOP_IS_CALLING_OUT_TO_A_SOURCE0_PERFORM_FUNCTION__+0x11
C  [CoreFoundation+0x7041c]  __CFRunLoopDoSources0+0x22c
C  [CoreFoundation+0x6f93f]  __CFRunLoopRun+0x39f
C  [CoreFoundation+0x6f338]  CFRunLoopRunSpecific+0x128
C  [java+0x6463]  CreateExecutionEnvironment+0x367
C  [java+0x21ac]  JLI_Launch+0x7a0
C  [java+0x84c0]  main+0x65
C  [java+0x1a04]  start+0x34
C  0x0000000000000007

Java frames: (J=compiled Java code, j=interpreted, Vv=VM code)
j  jogamp.nativewindow.jawt.macosx.MacOSXJAWTWindow.UnsetJAWTRootSurfaceLayer0(JJ)V+0
j  jogamp.nativewindow.jawt.macosx.MacOSXJAWTWindow.access$200(JJ)V+2
j  jogamp.nativewindow.jawt.macosx.MacOSXJAWTWindow$1.run()V+38
J 2263 C1 com.jogamp.common.util.RunnableTask.run()V (345 bytes) @ 0x000000010a74b994 [0x000000010a74b800+0x194]
v  ~StubRoutines::call_stub

---------------  P R O C E S S  ---------------

Java Threads: ( => current thread )
  0x00007fb9db090000 JavaThread "Thread-19" [_thread_blocked, id=13579, stack(0x0000700001768000,0x0000700001868000)]
  0x00007fb9de8c2800 JavaThread "Keep-Alive-Timer" daemon [_thread_blocked, id=63235, stack(0x0000700001b74000,0x0000700001c74000)]
  0x00007fb9db57e800 JavaThread "AWT-EventQueue-1" [_thread_in_native, id=57375, stack(0x00007000015e2000,0x00007000016e2000)]
  0x00007fb9dbcbe000 JavaThread "DestroyJavaVM" [_thread_blocked, id=4099, stack(0x0000700000084000,0x0000700000184000)]
  0x00007fb9dbc7a000 JavaThread "AWT-EventQueue-0" [_thread_blocked, id=54787, stack(0x0000700001359000,0x0000700001459000)]
  0x00007fb9dbb9c800 JavaThread "Java2D Disposer" daemon [_thread_blocked, id=51459, stack(0x00007000010d0000,0x00007000011d0000)]
  0x00007fb9db18f000 JavaThread "Java2D Queue Flusher" daemon [_thread_blocked, id=48647, stack(0x0000700000fcd000,0x00007000010cd000)]
  0x00007fb9dbad6800 JavaThread "AWT-Shutdown" [_thread_blocked, id=28687, stack(0x0000700000e47000,0x0000700000f47000)]
=>0x00007fb9dbad5800 JavaThread "AWT-AppKit" daemon [_thread_in_native, id=2571, stack(0x00007fff56a7b000,0x00007fff5727b000)]
  0x00007fb9db83b800 JavaThread "Service Thread" daemon [_thread_blocked, id=17155, stack(0x0000700000b3b000,0x0000700000c3b000)]
  0x00007fb9db021000 JavaThread "C1 CompilerThread1" daemon [_thread_blocked, id=16643, stack(0x0000700000a38000,0x0000700000b38000)]
  0x00007fb9db83a800 JavaThread "C2 CompilerThread0" daemon [_thread_blocked, id=16131, stack(0x0000700000935000,0x0000700000a35000)]
  0x00007fb9db016000 JavaThread "Signal Dispatcher" daemon [_thread_blocked, id=15635, stack(0x0000700000832000,0x0000700000932000)]
  0x00007fb9db862800 JavaThread "Finalizer" daemon [_thread_blocked, id=11267, stack(0x0000700000629000,0x0000700000729000)]
  0x00007fb9db861800 JavaThread "Reference Handler" daemon [_thread_blocked, id=10755, stack(0x0000700000526000,0x0000700000626000)]

Other Threads:
  0x00007fb9db861000 VMThread [stack: 0x0000700000423000,0x0000700000523000] [id=10243]
  0x00007fb9db891000 WatcherThread [stack: 0x0000700000c3e000,0x0000700000d3e000] [id=17667]

VM state:not at safepoint (normal execution)

VM Mutex/Monitor currently owned by a thread: None

Heap:
 PSYoungGen      total 38400K, used 7106K [0x0000000795580000, 0x0000000798000000, 0x00000007c0000000)
  eden space 33280K, 6% used [0x0000000795580000,0x0000000795774a20,0x0000000797600000)
  from space 5120K, 99% used [0x0000000797600000,0x0000000797afc160,0x0000000797b00000)
  to   space 5120K, 0% used [0x0000000797b00000,0x0000000797b00000,0x0000000798000000)
 ParOldGen       total 87552K, used 11843K [0x0000000740000000, 0x0000000745580000, 0x0000000795580000)
  object space 87552K, 13% used [0x0000000740000000,0x0000000740b90dd8,0x0000000745580000)
 Metaspace       used 20683K, capacity 20875K, committed 21120K, reserved 1069056K
  class space    used 2028K, capacity 2110K, committed 2176K, reserved 1048576K

Card table byte_map: [0x00000001193c0000,0x00000001197c1000] byte_map_base: 0x00000001159c0000

Marking Bits: (ParMarkBitMap*) 0x00000001094e4ea0
 Begin Bits: [0x0000000119a6c000, 0x000000011ba6c000)
 End Bits:   [0x000000011ba6c000, 0x000000011da6c000)

Polling page: 0x0000000109bd3000

CodeCache: size=245760Kb used=7893Kb max_used=7910Kb free=237866Kb
 bounds [0x000000010a000000, 0x000000010a7d0000, 0x0000000119000000]
 total_blobs=3171 nmethods=2286 adapters=801
 compilation: enabled

Compilation events (10 events):
Event: 12.291 Thread 0x00007fb9db021000 2396       3       java.awt.EventQueue::access$500 (7 bytes)
Event: 12.292 Thread 0x00007fb9db021000 nmethod 2396 0x000000010a7bac50 code [0x000000010a7badc0, 0x000000010a7baf28]
Event: 12.340 Thread 0x00007fb9db021000 2397       3       sun.java2d.pipe.RenderBuffer::putInt (26 bytes)
Event: 12.340 Thread 0x00007fb9db021000 nmethod 2397 0x000000010a158e50 code [0x000000010a158fc0, 0x000000010a159130]
Event: 12.342 Thread 0x00007fb9db021000 2398   !   3       java.awt.event.InvocationEvent::finishedDispatching (53 bytes)
Event: 12.342 Thread 0x00007fb9db021000 nmethod 2398 0x000000010a7c0410 code [0x000000010a7c05a0, 0x000000010a7c0ab8]
Event: 12.391 Thread 0x00007fb9db83a800 2399  s    4       sun.misc.URLClassPath::getNextLoader (88 bytes)
Event: 12.399 Thread 0x00007fb9db83a800 nmethod 2399 0x000000010a7be150 code [0x000000010a7be2c0, 0x000000010a7bea38]
Event: 12.417 Thread 0x00007fb9db021000 2400       3       sun.lwawt.LWComponentPeer::getLocationOnScreen (41 bytes)
Event: 12.418 Thread 0x00007fb9db021000 nmethod 2400 0x000000010a7bf310 code [0x000000010a7bf500, 0x000000010a7bfe88]

GC Heap History (6 events):
Event: 3.195 GC heap before
{Heap before GC invocations=1 (full 0):
 PSYoungGen      total 38400K, used 33280K [0x0000000795580000, 0x0000000798000000, 0x00000007c0000000)
  eden space 33280K, 100% used [0x0000000795580000,0x0000000797600000,0x0000000797600000)
  from space 5120K, 0% used [0x0000000797b00000,0x0000000797b00000,0x0000000798000000)
  to   space 5120K, 0% used [0x0000000797600000,0x0000000797600000,0x0000000797b00000)
 ParOldGen       total 87552K, used 0K [0x0000000740000000, 0x0000000745580000, 0x0000000795580000)
  object space 87552K, 0% used [0x0000000740000000,0x0000000740000000,0x0000000745580000)
 Metaspace       used 15909K, capacity 16059K, committed 16256K, reserved 1064960K
  class space    used 1611K, capacity 1660K, committed 1664K, reserved 1048576K
Event: 3.212 GC heap after
Heap after GC invocations=1 (full 0):
 PSYoungGen      total 38400K, used 4933K [0x0000000795580000, 0x0000000798000000, 0x00000007c0000000)
  eden space 33280K, 0% used [0x0000000795580000,0x0000000795580000,0x0000000797600000)
  from space 5120K, 96% used [0x0000000797600000,0x0000000797ad1618,0x0000000797b00000)
  to   space 5120K, 0% used [0x0000000797b00000,0x0000000797b00000,0x0000000798000000)
 ParOldGen       total 87552K, used 16K [0x0000000740000000, 0x0000000745580000, 0x0000000795580000)
  object space 87552K, 0% used [0x0000000740000000,0x0000000740004000,0x0000000745580000)
 Metaspace       used 15909K, capacity 16059K, committed 16256K, reserved 1064960K
  class space    used 1611K, capacity 1660K, committed 1664K, reserved 1048576K
}
Event: 5.575 GC heap before
{Heap before GC invocations=2 (full 0):
 PSYoungGen      total 38400K, used 38213K [0x0000000795580000, 0x0000000798000000, 0x00000007c0000000)
  eden space 33280K, 100% used [0x0000000795580000,0x0000000797600000,0x0000000797600000)
  from space 5120K, 96% used [0x0000000797600000,0x0000000797ad1618,0x0000000797b00000)
  to   space 5120K, 0% used [0x0000000797b00000,0x0000000797b00000,0x0000000798000000)
 ParOldGen       total 87552K, used 16K [0x0000000740000000, 0x0000000745580000, 0x0000000795580000)
  object space 87552K, 0% used [0x0000000740000000,0x0000000740004000,0x0000000745580000)
 Metaspace       used 20052K, capacity 20225K, committed 20352K, reserved 1067008K
  class space    used 2020K, capacity 2109K, committed 2176K, reserved 1048576K
Event: 5.605 GC heap after
Heap after GC invocations=2 (full 0):
 PSYoungGen      total 38400K, used 5104K [0x0000000795580000, 0x0000000798000000, 0x00000007c0000000)
  eden space 33280K, 0% used [0x0000000795580000,0x0000000795580000,0x0000000797600000)
  from space 5120K, 99% used [0x0000000797b00000,0x0000000797ffc180,0x0000000798000000)
  to   space 5120K, 0% used [0x0000000797600000,0x0000000797600000,0x0000000797b00000)
 ParOldGen       total 87552K, used 10027K [0x0000000740000000, 0x0000000745580000, 0x0000000795580000)
  object space 87552K, 11% used [0x0000000740000000,0x00000007409cad28,0x0000000745580000)
 Metaspace       used 20052K, capacity 20225K, committed 20352K, reserved 1067008K
  class space    used 2020K, capacity 2109K, committed 2176K, reserved 1048576K
}
Event: 12.173 GC heap before
{Heap before GC invocations=3 (full 0):
 PSYoungGen      total 38400K, used 38384K [0x0000000795580000, 0x0000000798000000, 0x00000007c0000000)
  eden space 33280K, 100% used [0x0000000795580000,0x0000000797600000,0x0000000797600000)
  from space 5120K, 99% used [0x0000000797b00000,0x0000000797ffc180,0x0000000798000000)
  to   space 5120K, 0% used [0x0000000797600000,0x0000000797600000,0x0000000797b00000)
 ParOldGen       total 87552K, used 10027K [0x0000000740000000, 0x0000000745580000, 0x0000000795580000)
  object space 87552K, 11% used [0x0000000740000000,0x00000007409cad28,0x0000000745580000)
 Metaspace       used 20645K, capacity 20875K, committed 21120K, reserved 1069056K
  class space    used 2020K, capacity 2110K, committed 2176K, reserved 1048576K
Event: 12.189 GC heap after
Heap after GC invocations=3 (full 0):
 PSYoungGen      total 38400K, used 5104K [0x0000000795580000, 0x0000000798000000, 0x00000007c0000000)
  eden space 33280K, 0% used [0x0000000795580000,0x0000000795580000,0x0000000797600000)
  from space 5120K, 99% used [0x0000000797600000,0x0000000797afc160,0x0000000797b00000)
  to   space 5120K, 0% used [0x0000000797b00000,0x0000000797b00000,0x0000000798000000)
 ParOldGen       total 87552K, used 11843K [0x0000000740000000, 0x0000000745580000, 0x0000000795580000)
  object space 87552K, 13% used [0x0000000740000000,0x0000000740b90dd8,0x0000000745580000)
 Metaspace       used 20645K, capacity 20875K, committed 21120K, reserved 1069056K
  class space    used 2020K, capacity 2110K, committed 2176K, reserved 1048576K
}

Deoptimization events (10 events):
Event: 2.555 Thread 0x00007fb9db580000 Uncommon trap: reason=unstable_if action=reinterpret pc=0x000000010a1c9194 method=java.lang.String.indexOf([CII[CIII)I @ 3
Event: 4.546 Thread 0x00007fb9db57e800 Uncommon trap: reason=unstable_if action=reinterpret pc=0x000000010a1b8214 method=java.lang.AbstractStringBuilder.append(Ljava/lang/String;)Ljava/lang/AbstractStringBuilder; @ 1
Event: 4.790 Thread 0x00007fb9db57e800 Uncommon trap: reason=unstable_if action=reinterpret pc=0x000000010a3d2dec method=com.sun.org.apache.xerces.internal.impl.XMLEntityScanner.scanLiteral(ILcom/sun/org/apache/xerces/internal/xni/XMLString;)I @ 44
Event: 4.827 Thread 0x00007fb9db57e800 Uncommon trap: reason=unstable_if action=reinterpret pc=0x000000010a3cdc00 method=com.sun.org.apache.xerces.internal.impl.XMLEntityScanner.peekChar()I @ 14
Event: 4.848 Thread 0x00007fb9db57e800 Uncommon trap: reason=unstable_if action=reinterpret pc=0x000000010a3d55d0 method=com.sun.org.apache.xerces.internal.impl.XMLEntityScanner.skipSpaces()Z @ 14
Event: 5.149 Thread 0x00007fb9db57e800 Uncommon trap: reason=unstable_if action=reinterpret pc=0x000000010a48f1bc method=com.jogamp.common.util.IntIntHashMap.get(I)I @ 28
Event: 12.341 Thread 0x00007fb9dbc7a000 Uncommon trap: reason=unstable_if action=reinterpret pc=0x000000010a6266b8 method=java.awt.font.FontRenderContext.equals(Ljava/awt/font/FontRenderContext;)Z @ 2
Event: 12.342 Thread 0x00007fb9dbc7a000 Uncommon trap: reason=unstable_if action=reinterpret pc=0x000000010a711838 method=java.awt.Font.equals(Ljava/lang/Object;)Z @ 2
Event: 12.388 Thread 0x00007fb9dbbc7000 Uncommon trap: reason=unstable_if action=reinterpret pc=0x000000010a7bb5e0 method=java.util.HashMap.putVal(ILjava/lang/Object;Ljava/lang/Object;ZZ)Ljava/lang/Object; @ 81
Event: 12.416 Thread 0x00007fb9db090000 Uncommon trap: reason=predicate action=maybe_recompile pc=0x000000010a73e010 method=java.util.Vector.indexOf(Ljava/lang/Object;I)I @ 44

Internal exceptions (10 events):
Event: 0.285 Thread 0x00007fb9db00d000 Exception <a 'java/lang/NoSuchFieldError': method resolution failed> (0x000000079582b3a8) thrown at [/Users/java_re/workspace/8-2-build-macosx-x86_64/jdk8u71/5731/hotspot/src/share/vm/prims/methodHandles.cpp, line 1146]
Event: 0.292 Thread 0x00007fb9db00d000 Exception <a 'java/lang/NoSuchFieldError': method resolution failed> (0x0000000795838b78) thrown at [/Users/java_re/workspace/8-2-build-macosx-x86_64/jdk8u71/5731/hotspot/src/share/vm/prims/methodHandles.cpp, line 1146]
Event: 0.520 Thread 0x00007fb9db00d000 Exception <a 'java/io/FileNotFoundException'> (0x00000007958b48a0) thrown at [/Users/java_re/workspace/8-2-build-macosx-x86_64/jdk8u71/5731/hotspot/src/share/vm/prims/jni.cpp, line 709]
Event: 0.520 Thread 0x00007fb9db00d000 Exception <a 'java/io/FileNotFoundException'> (0x00000007958b53e8) thrown at [/Users/java_re/workspace/8-2-build-macosx-x86_64/jdk8u71/5731/hotspot/src/share/vm/prims/jni.cpp, line 709]
Event: 0.755 Thread 0x00007fb9db00d000 Exception <a 'java/io/FileNotFoundException'> (0x00000007959f04e8) thrown at [/Users/java_re/workspace/8-2-build-macosx-x86_64/jdk8u71/5731/hotspot/src/share/vm/prims/jni.cpp, line 709]
Event: 2.589 Thread 0x00007fb9db580000 Exception <a 'java/lang/UnsatisfiedLinkError': com.jogamp.common.util.JarUtil.fixNativeLibAttribs(Ljava/lang/String;)Z> (0x0000000796af8fe8) thrown at [/Users/java_re/workspace/8-2-build-macosx-x86_64/jdk8u71/5731/hotspot/src/share/vm/prims/nativeLookup.c
Event: 3.218 Thread 0x00007fb9db862800 Exception <a 'java/lang/NullPointerException'> (0x00000007956cf6c0) thrown at [/Users/java_re/workspace/8-2-build-macosx-x86_64/jdk8u71/5731/hotspot/src/share/vm/interpreter/linkResolver.cpp, line 1178]
Event: 4.545 Thread 0x00007fb9db57e800 Exception <a 'java/io/FileNotFoundException'> (0x0000000795ee44b8) thrown at [/Users/java_re/workspace/8-2-build-macosx-x86_64/jdk8u71/5731/hotspot/src/share/vm/prims/jni.cpp, line 709]
Event: 4.546 Thread 0x00007fb9db57e800 Exception <a 'java/io/FileNotFoundException'> (0x0000000795eea5c0) thrown at [/Users/java_re/workspace/8-2-build-macosx-x86_64/jdk8u71/5731/hotspot/src/share/vm/prims/jni.cpp, line 709]
Event: 4.546 Thread 0x00007fb9db57e800 Implicit null exception at 0x000000010a1b7eb5 to 0x000000010a1b8201

Events (10 events):
Event: 12.415 loading class java/awt/event/AWTEventListenerProxy done
Event: 12.416 loading class java/awt/Toolkit$ToolkitEventMulticaster
Event: 12.416 loading class java/awt/Toolkit$ToolkitEventMulticaster done
Event: 12.416 Thread 0x00007fb9dbbc7000 Thread exited: 0x00007fb9dbbc7000
Event: 12.416 Thread 0x00007fb9db090000 Uncommon trap: trap_request=0xffffff86 fr.pc=0x000000010a73e010
Event: 12.416 Thread 0x00007fb9db090000 DEOPT PACKING pc=0x000000010a73e010 sp=0x0000700001867780
Event: 12.416 Thread 0x00007fb9db090000 DEOPT UNPACKING pc=0x000000010a004f69 sp=0x0000700001867748 mode 2
Event: 12.416 loading class java/awt/Window$1DisposeAction
Event: 12.416 loading class java/awt/Window$1DisposeAction done
Event: 12.418 Thread 0x00007fb9db021000 flushing nmethod 0x000000010a40c750


Dynamic libraries:
0x000000000aba3000 	/System/Library/Frameworks/Cocoa.framework/Versions/A/Cocoa
0x000000000aba3000 	/System/Library/Frameworks/Security.framework/Versions/A/Security
0x000000000aba3000 	/System/Library/Frameworks/ApplicationServices.framework/Versions/A/ApplicationServices
0x000000000aba3000 	/usr/lib/libz.1.dylib
0x000000000aba3000 	/usr/lib/libSystem.B.dylib
0x000000000aba3000 	/usr/lib/libobjc.A.dylib
0x000000000aba3000 	/System/Library/Frameworks/CoreFoundation.framework/Versions/A/CoreFoundation
0x000000000aba3000 	/System/Library/Frameworks/Foundation.framework/Versions/C/Foundation
0x000000000aba3000 	/System/Library/Frameworks/AppKit.framework/Versions/C/AppKit
0x000000000aba3000 	/System/Library/Frameworks/CoreData.framework/Versions/A/CoreData
0x000000000aba3000 	/System/Library/PrivateFrameworks/RemoteViewServices.framework/Versions/A/RemoteViewServices
0x000000000aba3000 	/System/Library/PrivateFrameworks/UIFoundation.framework/Versions/A/UIFoundation
0x000000000aba3000 	/usr/lib/libScreenReader.dylib
0x000000000aba3000 	/System/Library/Frameworks/Accelerate.framework/Versions/A/Accelerate
0x000000000aba3000 	/System/Library/Frameworks/IOSurface.framework/Versions/A/IOSurface
0x000000000aba3000 	/System/Library/Frameworks/AudioToolbox.framework/Versions/A/AudioToolbox
0x000000000aba3000 	/System/Library/Frameworks/AudioUnit.framework/Versions/A/AudioUnit
0x000000000aba3000 	/System/Library/PrivateFrameworks/DataDetectorsCore.framework/Versions/A/DataDetectorsCore
0x000000000aba3000 	/System/Library/PrivateFrameworks/DesktopServicesPriv.framework/Versions/A/DesktopServicesPriv
0x000000000aba3000 	/System/Library/Frameworks/Carbon.framework/Versions/A/Frameworks/HIToolbox.framework/Versions/A/HIToolbox
0x000000000aba3000 	/System/Library/Frameworks/QuartzCore.framework/Versions/A/QuartzCore
0x000000000aba3000 	/System/Library/Frameworks/Carbon.framework/Versions/A/Frameworks/SpeechRecognition.framework/Versions/A/SpeechRecognition
0x000000000aba3000 	/usr/lib/libauto.dylib
0x000000000aba3000 	/usr/lib/libicucore.A.dylib
0x000000000aba3000 	/usr/lib/libxml2.2.dylib
0x000000000aba3000 	/System/Library/PrivateFrameworks/CoreUI.framework/Versions/A/CoreUI
0x000000000aba3000 	/System/Library/Frameworks/CoreAudio.framework/Versions/A/CoreAudio
0x000000000aba3000 	/System/Library/Frameworks/DiskArbitration.framework/Versions/A/DiskArbitration
0x000000000aba3000 	/usr/lib/liblangid.dylib
0x000000000aba3000 	/System/Library/PrivateFrameworks/MultitouchSupport.framework/Versions/A/MultitouchSupport
0x000000000aba3000 	/System/Library/Frameworks/IOKit.framework/Versions/A/IOKit
0x000000000aba3000 	/usr/lib/libDiagnosticMessagesClient.dylib
0x000000000aba3000 	/System/Library/Frameworks/CoreServices.framework/Versions/A/CoreServices
0x000000000aba3000 	/System/Library/PrivateFrameworks/PerformanceAnalysis.framework/Versions/A/PerformanceAnalysis
0x000000000aba3000 	/System/Library/PrivateFrameworks/GenerationalStorage.framework/Versions/A/GenerationalStorage
0x000000000aba3000 	/System/Library/Frameworks/OpenGL.framework/Versions/A/OpenGL
0x000000000aba3000 	/System/Library/PrivateFrameworks/Sharing.framework/Versions/A/Sharing
0x000000000aba3000 	/System/Library/Frameworks/CoreGraphics.framework/Versions/A/CoreGraphics
0x000000000aba3000 	/System/Library/Frameworks/CoreImage.framework/Versions/A/CoreImage
0x000000000aba3000 	/System/Library/Frameworks/CoreText.framework/Versions/A/CoreText
0x000000000aba3000 	/System/Library/Frameworks/ImageIO.framework/Versions/A/ImageIO
0x000000000aba3000 	/System/Library/PrivateFrameworks/Backup.framework/Versions/A/Backup
0x000000000aba3000 	/usr/lib/libextension.dylib
0x000000000aba3000 	/usr/lib/libarchive.2.dylib
0x000000000aba3000 	/System/Library/Frameworks/CFNetwork.framework/Versions/A/CFNetwork
0x000000000aba3000 	/System/Library/Frameworks/SystemConfiguration.framework/Versions/A/SystemConfiguration
0x000000000aba3000 	/usr/lib/libCRFSuite.dylib
0x000000000aba3000 	/usr/lib/libc++.1.dylib
0x000000000aba3000 	/usr/lib/libc++abi.dylib
0x000000000aba3000 	/usr/lib/system/libcache.dylib
0x000000000aba3000 	/usr/lib/system/libcommonCrypto.dylib
0x000000000aba3000 	/usr/lib/system/libcompiler_rt.dylib
0x000000000aba3000 	/usr/lib/system/libcopyfile.dylib
0x000000000aba3000 	/usr/lib/system/libcorecrypto.dylib
0x000000000aba3000 	/usr/lib/system/libdispatch.dylib
0x000000000aba3000 	/usr/lib/system/libdyld.dylib
0x000000000aba3000 	/usr/lib/system/libkeymgr.dylib
0x000000000aba3000 	/usr/lib/system/liblaunch.dylib
0x000000000aba3000 	/usr/lib/system/libmacho.dylib
0x000000000aba3000 	/usr/lib/system/libquarantine.dylib
0x000000000aba3000 	/usr/lib/system/libremovefile.dylib
0x000000000aba3000 	/usr/lib/system/libsystem_asl.dylib
0x000000000aba3000 	/usr/lib/system/libsystem_blocks.dylib
0x000000000aba3000 	/usr/lib/system/libsystem_c.dylib
0x000000000aba3000 	/usr/lib/system/libsystem_configuration.dylib
0x000000000aba3000 	/usr/lib/system/libsystem_coreservices.dylib
0x000000000aba3000 	/usr/lib/system/libsystem_coretls.dylib
0x000000000aba3000 	/usr/lib/system/libsystem_dnssd.dylib
0x000000000aba3000 	/usr/lib/system/libsystem_info.dylib
0x000000000aba3000 	/usr/lib/system/libsystem_kernel.dylib
0x000000000aba3000 	/usr/lib/system/libsystem_m.dylib
0x000000000aba3000 	/usr/lib/system/libsystem_malloc.dylib
0x000000000aba3000 	/usr/lib/system/libsystem_network.dylib
0x000000000aba3000 	/usr/lib/system/libsystem_networkextension.dylib
0x000000000aba3000 	/usr/lib/system/libsystem_notify.dylib
0x000000000aba3000 	/usr/lib/system/libsystem_platform.dylib
0x000000000aba3000 	/usr/lib/system/libsystem_pthread.dylib
0x000000000aba3000 	/usr/lib/system/libsystem_sandbox.dylib
0x000000000aba3000 	/usr/lib/system/libsystem_secinit.dylib
0x000000000aba3000 	/usr/lib/system/libsystem_trace.dylib
0x000000000aba3000 	/usr/lib/system/libunc.dylib
0x000000000aba3000 	/usr/lib/system/libunwind.dylib
0x000000000aba3000 	/usr/lib/system/libxpc.dylib
0x000000000aba3000 	/usr/lib/libenergytrace.dylib
0x000000000aba3000 	/usr/lib/libbsm.0.dylib
0x000000000aba3000 	/usr/lib/system/libkxld.dylib
0x000000000aba3000 	/usr/lib/libxar.1.dylib
0x000000000aba3000 	/usr/lib/libsqlite3.dylib
0x000000000aba3000 	/usr/lib/libpam.2.dylib
0x000000000aba3000 	/usr/lib/libOpenScriptingUtil.dylib
0x000000000aba3000 	/usr/lib/libbz2.1.0.dylib
0x000000000aba3000 	/usr/lib/liblzma.5.dylib
0x000000000aba3000 	/System/Library/Frameworks/CoreServices.framework/Versions/A/Frameworks/FSEvents.framework/Versions/A/FSEvents
0x000000000aba3000 	/System/Library/Frameworks/CoreServices.framework/Versions/A/Frameworks/CarbonCore.framework/Versions/A/CarbonCore
0x000000000aba3000 	/System/Library/Frameworks/CoreServices.framework/Versions/A/Frameworks/Metadata.framework/Versions/A/Metadata
0x000000000aba3000 	/System/Library/Frameworks/CoreServices.framework/Versions/A/Frameworks/OSServices.framework/Versions/A/OSServices
0x000000000aba3000 	/System/Library/Frameworks/CoreServices.framework/Versions/A/Frameworks/SearchKit.framework/Versions/A/SearchKit
0x000000000aba3000 	/System/Library/Frameworks/CoreServices.framework/Versions/A/Frameworks/AE.framework/Versions/A/AE
0x000000000aba3000 	/System/Library/Frameworks/CoreServices.framework/Versions/A/Frameworks/LaunchServices.framework/Versions/A/LaunchServices
0x000000000aba3000 	/System/Library/Frameworks/CoreServices.framework/Versions/A/Frameworks/DictionaryServices.framework/Versions/A/DictionaryServices
0x000000000aba3000 	/System/Library/Frameworks/CoreServices.framework/Versions/A/Frameworks/SharedFileList.framework/Versions/A/SharedFileList
0x000000000aba3000 	/System/Library/Frameworks/NetFS.framework/Versions/A/NetFS
0x000000000aba3000 	/System/Library/PrivateFrameworks/NetAuth.framework/Versions/A/NetAuth
0x000000000aba3000 	/System/Library/PrivateFrameworks/login.framework/Versions/A/Frameworks/loginsupport.framework/Versions/A/loginsupport
0x000000000aba3000 	/System/Library/PrivateFrameworks/TCC.framework/Versions/A/TCC
0x000000000aba3000 	/usr/lib/libmecabra.dylib
0x000000000aba3000 	/System/Library/Frameworks/ApplicationServices.framework/Versions/A/Frameworks/ATS.framework/Versions/A/ATS
0x000000000aba3000 	/System/Library/Frameworks/ApplicationServices.framework/Versions/A/Frameworks/ColorSync.framework/Versions/A/ColorSync
0x000000000aba3000 	/System/Library/Frameworks/ApplicationServices.framework/Versions/A/Frameworks/HIServices.framework/Versions/A/HIServices
0x000000000aba3000 	/System/Library/Frameworks/ApplicationServices.framework/Versions/A/Frameworks/LangAnalysis.framework/Versions/A/LangAnalysis
0x000000000aba3000 	/System/Library/Frameworks/ApplicationServices.framework/Versions/A/Frameworks/PrintCore.framework/Versions/A/PrintCore
0x000000000aba3000 	/System/Library/Frameworks/ApplicationServices.framework/Versions/A/Frameworks/QD.framework/Versions/A/QD
0x000000000aba3000 	/System/Library/Frameworks/ApplicationServices.framework/Versions/A/Frameworks/SpeechSynthesis.framework/Versions/A/SpeechSynthesis
0x000000000aba3000 	/System/Library/Frameworks/Metal.framework/Versions/A/Metal
0x000000000aba3000 	/System/Library/Frameworks/Accelerate.framework/Versions/A/Frameworks/vImage.framework/Versions/A/vImage
0x000000000aba3000 	/System/Library/Frameworks/Accelerate.framework/Versions/A/Frameworks/vecLib.framework/Versions/A/vecLib
0x000000000aba3000 	/System/Library/Frameworks/Accelerate.framework/Versions/A/Frameworks/vecLib.framework/Versions/A/libvDSP.dylib
0x000000000aba3000 	/System/Library/Frameworks/Accelerate.framework/Versions/A/Frameworks/vecLib.framework/Versions/A/libvMisc.dylib
0x000000000aba3000 	/System/Library/Frameworks/Accelerate.framework/Versions/A/Frameworks/vecLib.framework/Versions/A/libLAPACK.dylib
0x000000000aba3000 	/System/Library/Frameworks/Accelerate.framework/Versions/A/Frameworks/vecLib.framework/Versions/A/libBLAS.dylib
0x000000000aba3000 	/System/Library/Frameworks/Accelerate.framework/Versions/A/Frameworks/vecLib.framework/Versions/A/libLinearAlgebra.dylib
0x000000000aba3000 	/System/Library/Frameworks/Accelerate.framework/Versions/A/Frameworks/vecLib.framework/Versions/A/libSparseBLAS.dylib
0x000000000aba3000 	/System/Library/PrivateFrameworks/GPUCompiler.framework/libmetal_timestamp.dylib
0x000000000aba3000 	/System/Library/Frameworks/OpenGL.framework/Versions/A/Libraries/libCoreFSCache.dylib
0x000000000aba3000 	/System/Library/PrivateFrameworks/IOAccelerator.framework/Versions/A/IOAccelerator
0x000000000aba3000 	/System/Library/Frameworks/ApplicationServices.framework/Versions/A/Frameworks/ATS.framework/Versions/A/Resources/libFontParser.dylib
0x000000000aba3000 	/System/Library/Frameworks/ApplicationServices.framework/Versions/A/Frameworks/ATS.framework/Versions/A/Resources/libFontRegistry.dylib
0x000000000aba3000 	/System/Library/PrivateFrameworks/AppleVPA.framework/Versions/A/AppleVPA
0x000000000aba3000 	/System/Library/PrivateFrameworks/AppleJPEG.framework/Versions/A/AppleJPEG
0x000000000aba3000 	/System/Library/Frameworks/ImageIO.framework/Versions/A/Resources/libJPEG.dylib
0x000000000aba3000 	/System/Library/Frameworks/ImageIO.framework/Versions/A/Resources/libTIFF.dylib
0x000000000aba3000 	/System/Library/Frameworks/ImageIO.framework/Versions/A/Resources/libPng.dylib
0x000000000aba3000 	/System/Library/Frameworks/ImageIO.framework/Versions/A/Resources/libGIF.dylib
0x000000000aba3000 	/System/Library/Frameworks/ImageIO.framework/Versions/A/Resources/libJP2.dylib
0x000000000aba3000 	/System/Library/Frameworks/ImageIO.framework/Versions/A/Resources/libRadiance.dylib
0x000000000aba3000 	/System/Library/Frameworks/CoreVideo.framework/Versions/A/CoreVideo
0x000000000aba3000 	/System/Library/Frameworks/OpenGL.framework/Versions/A/Libraries/libGLU.dylib
0x000000000aba3000 	/System/Library/Frameworks/OpenGL.framework/Versions/A/Libraries/libGFXShared.dylib
0x000000000aba3000 	/System/Library/Frameworks/OpenGL.framework/Versions/A/Libraries/libGL.dylib
0x000000000aba3000 	/System/Library/Frameworks/OpenGL.framework/Versions/A/Libraries/libGLImage.dylib
0x000000000aba3000 	/System/Library/Frameworks/OpenGL.framework/Versions/A/Libraries/libCVMSPluginSupport.dylib
0x000000000aba3000 	/System/Library/Frameworks/OpenGL.framework/Versions/A/Libraries/libCoreVMClient.dylib
0x000000000aba3000 	/usr/lib/libcups.2.dylib
0x000000000aba3000 	/System/Library/Frameworks/Kerberos.framework/Versions/A/Kerberos
0x000000000aba3000 	/System/Library/Frameworks/GSS.framework/Versions/A/GSS
0x000000000aba3000 	/usr/lib/libresolv.9.dylib
0x000000000aba3000 	/usr/lib/libiconv.2.dylib
0x000000000aba3000 	/System/Library/PrivateFrameworks/Heimdal.framework/Versions/A/Heimdal
0x000000000aba3000 	/usr/lib/libheimdal-asn1.dylib
0x000000000aba3000 	/System/Library/Frameworks/OpenDirectory.framework/Versions/A/OpenDirectory
0x000000000aba3000 	/System/Library/PrivateFrameworks/CommonAuth.framework/Versions/A/CommonAuth
0x000000000aba3000 	/System/Library/Frameworks/OpenDirectory.framework/Versions/A/Frameworks/CFOpenDirectory.framework/Versions/A/CFOpenDirectory
0x000000000aba3000 	/System/Library/Frameworks/SecurityFoundation.framework/Versions/A/SecurityFoundation
0x000000000aba3000 	/System/Library/PrivateFrameworks/LanguageModeling.framework/Versions/A/LanguageModeling
0x000000000aba3000 	/usr/lib/libmarisa.dylib
0x000000000aba3000 	/usr/lib/libChineseTokenizer.dylib
0x000000000aba3000 	/usr/lib/libcmph.dylib
0x000000000aba3000 	/usr/lib/libcompression.dylib
0x000000000aba3000 	/System/Library/Frameworks/ServiceManagement.framework/Versions/A/ServiceManagement
0x000000000aba3000 	/usr/lib/libxslt.1.dylib
0x000000000aba3000 	/System/Library/Frameworks/Carbon.framework/Versions/A/Frameworks/Ink.framework/Versions/A/Ink
0x000000000aba3000 	/usr/lib/libFosl_dynamic.dylib
0x000000000aba3000 	/System/Library/PrivateFrameworks/FaceCore.framework/Versions/A/FaceCore
0x000000000aba3000 	/System/Library/Frameworks/OpenCL.framework/Versions/A/OpenCL
0x000000000aba3000 	/System/Library/PrivateFrameworks/CrashReporterSupport.framework/Versions/A/CrashReporterSupport
0x000000000aba3000 	/System/Library/PrivateFrameworks/IconServices.framework/Versions/A/IconServices
0x000000000aba3000 	/System/Library/PrivateFrameworks/Apple80211.framework/Versions/A/Apple80211
0x000000000aba3000 	/System/Library/Frameworks/CoreWLAN.framework/Versions/A/CoreWLAN
0x000000000aba3000 	/System/Library/Frameworks/IOBluetooth.framework/Versions/A/IOBluetooth
0x000000000aba3000 	/System/Library/PrivateFrameworks/CoreWiFi.framework/Versions/A/CoreWiFi
0x000000000aba3000 	/System/Library/Frameworks/CoreBluetooth.framework/Versions/A/CoreBluetooth
0x000000000aba3000 	/System/Library/PrivateFrameworks/ChunkingLibrary.framework/Versions/A/ChunkingLibrary
0x000000000aba3000 	/System/Library/PrivateFrameworks/DebugSymbols.framework/Versions/A/DebugSymbols
0x000000000aba3000 	/System/Library/PrivateFrameworks/CoreSymbolication.framework/Versions/A/CoreSymbolication
0x000000000aba3000 	/System/Library/PrivateFrameworks/Symbolication.framework/Versions/A/Symbolication
0x000000000aba3000 	/System/Library/PrivateFrameworks/SpeechRecognitionCore.framework/Versions/A/SpeechRecognitionCore
0x0000000108c01000 	/Library/Java/JavaVirtualMachines/jdk1.8.0_71.jdk/Contents/Home/jre/lib/server/libjvm.dylib
0x000000000aba3000 	/usr/lib/libstdc++.6.dylib
0x0000000109b90000 	/Library/Java/JavaVirtualMachines/jdk1.8.0_71.jdk/Contents/Home/jre/lib/libverify.dylib
0x0000000109b9e000 	/Library/Java/JavaVirtualMachines/jdk1.8.0_71.jdk/Contents/Home/jre/lib/libjava.dylib
0x0000000109be1000 	/Library/Java/JavaVirtualMachines/jdk1.8.0_71.jdk/Contents/Home/jre/lib/libzip.dylib
0x000000011f322000 	/System/Library/Frameworks/JavaVM.framework/Frameworks/JavaRuntimeSupport.framework/JavaRuntimeSupport
0x0000000109beb000 	/System/Library/Frameworks/JavaVM.framework/Versions/A/Frameworks/JavaNativeFoundation.framework/Versions/A/JavaNativeFoundation
0x000000011f33d000 	/System/Library/Frameworks/JavaVM.framework/Versions/A/JavaVM
0x000000000aba3000 	/System/Library/Frameworks/Carbon.framework/Versions/A/Carbon
0x000000011f34a000 	/System/Library/PrivateFrameworks/JavaLaunching.framework/Versions/A/JavaLaunching
0x000000000aba3000 	/System/Library/Frameworks/Carbon.framework/Versions/A/Frameworks/CommonPanels.framework/Versions/A/CommonPanels
0x000000000aba3000 	/System/Library/Frameworks/Carbon.framework/Versions/A/Frameworks/Help.framework/Versions/A/Help
0x000000000aba3000 	/System/Library/Frameworks/Carbon.framework/Versions/A/Frameworks/ImageCapture.framework/Versions/A/ImageCapture
0x000000000aba3000 	/System/Library/Frameworks/Carbon.framework/Versions/A/Frameworks/OpenScripting.framework/Versions/A/OpenScripting
0x000000000aba3000 	/System/Library/Frameworks/Carbon.framework/Versions/A/Frameworks/Print.framework/Versions/A/Print
0x000000000aba3000 	/System/Library/Frameworks/Carbon.framework/Versions/A/Frameworks/SecurityHI.framework/Versions/A/SecurityHI
0x0000000120c6d000 	/Library/Java/JavaVirtualMachines/jdk1.8.0_71.jdk/Contents/Home/jre/lib/libawt.dylib
0x0000000120d15000 	/Library/Java/JavaVirtualMachines/jdk1.8.0_71.jdk/Contents/Home/jre/lib/./libmlib_image.dylib
0x0000000120de1000 	/Library/Java/JavaVirtualMachines/jdk1.8.0_71.jdk/Contents/Home/jre/lib/libawt_lwawt.dylib
0x0000000120e96000 	/Library/Java/JavaVirtualMachines/jdk1.8.0_71.jdk/Contents/Home/jre/lib/./libosxapp.dylib
0x000000000aba3000 	/System/Library/Frameworks/ExceptionHandling.framework/Versions/A/ExceptionHandling
0x000000000aba3000 	/System/Library/PrivateFrameworks/CoreServicesInternal.framework/Versions/A/CoreServicesInternal
0x000000000aba3000 	/System/Library/Frameworks/CoreGraphics.framework/Versions/A/Resources/libRIP.A.dylib
0x000000000aba3000 	/System/Library/Frameworks/Accelerate.framework/Versions/A/Frameworks/vImage.framework/Versions/A/Libraries/libCGInterfaces.dylib
0x000000000aba3000 	/System/Library/Frameworks/CoreGraphics.framework/Versions/A/Resources/libCGXType.A.dylib
0x000000000aba3000 	/System/Library/Frameworks/OpenCL.framework/Versions/A/Libraries/libcldcpuengine.dylib
0x000000000aba3000 	/System/Library/PrivateFrameworks/DiskImages.framework/Versions/A/DiskImages
0x000000000aba3000 	/System/Library/Frameworks/DiscRecording.framework/Versions/A/DiscRecording
0x000000000aba3000 	/usr/lib/libcsfde.dylib
0x000000000aba3000 	/usr/lib/libcurl.4.dylib
0x000000000aba3000 	/System/Library/PrivateFrameworks/MediaKit.framework/Versions/A/MediaKit
0x000000000aba3000 	/System/Library/PrivateFrameworks/ProtectedCloudStorage.framework/Versions/A/ProtectedCloudStorage
0x000000000aba3000 	/usr/lib/libCoreStorage.dylib
0x000000000aba3000 	/System/Library/PrivateFrameworks/EFILogin.framework/Versions/A/EFILogin
0x000000000aba3000 	/usr/lib/libutil.dylib
0x000000000aba3000 	/System/Library/PrivateFrameworks/FindMyDevice.framework/Versions/A/FindMyDevice
0x000000000aba3000 	/System/Library/Frameworks/LDAP.framework/Versions/A/LDAP
0x000000000aba3000 	/usr/lib/libsasl2.2.dylib
0x000000000aba3000 	/System/Library/PrivateFrameworks/CoreDaemon.framework/Versions/B/CoreDaemon
0x000000000aba3000 	/usr/lib/libcrypto.0.9.8.dylib
0x000000000aba3000 	/System/Library/PrivateFrameworks/AppleSRP.framework/Versions/A/AppleSRP
0x000000000aba3000 	/System/Library/PrivateFrameworks/TrustEvaluationAgent.framework/Versions/A/TrustEvaluationAgent
0x00000001223c7000 	cl_kernels
0x000000000aba3000 	/System/Library/Frameworks/OpenCL.framework/Versions/A/Libraries/ImageFormats/unorm8_bgra.dylib
0x000000000aba3000 	/System/Library/Frameworks/OpenCL.framework/Versions/A/Libraries/ImageFormats/unorm8_rgba.dylib
0x000000000aba3000 	/System/Library/PrivateFrameworks/FamilyControls.framework/Versions/A/FamilyControls
0x000000000aba3000 	/System/Library/PrivateFrameworks/CommerceKit.framework/Versions/A/Frameworks/CommerceCore.framework/Versions/A/CommerceCore
0x000000000aba3000 	/System/Library/PrivateFrameworks/SystemAdministration.framework/Versions/A/SystemAdministration
0x000000000aba3000 	/System/Library/PrivateFrameworks/AppContainer.framework/Versions/A/AppContainer
0x000000000aba3000 	/System/Library/PrivateFrameworks/SecCodeWrapper.framework/Versions/A/SecCodeWrapper
0x000000000aba3000 	/System/Library/Frameworks/DirectoryService.framework/Versions/A/DirectoryService
0x000000000aba3000 	/System/Library/PrivateFrameworks/LoginUIKit.framework/Versions/A/Frameworks/LoginUICore.framework/Versions/A/LoginUICore
0x000000000aba3000 	/usr/lib/libodfde.dylib
0x000000000aba3000 	/System/Library/Frameworks/OpenGL.framework/Versions/A/Resources/GLEngine.bundle/GLEngine
0x000000000aba3000 	/System/Library/Frameworks/OpenGL.framework/Versions/A/Libraries/libGLProgrammability.dylib
0x0000000123404000 	/System/Library/Extensions/GeForceTeslaGLDriver.bundle/Contents/MacOS/GeForceTeslaGLDriver
0x0000000124fc4000 	/System/Library/Extensions/GeForceTeslaGLDriver.bundle/Contents/MacOS/libclh.dylib
0x000000000aba3000 	/System/Library/PrivateFrameworks/GPUSupport.framework/Versions/A/Libraries/libGPUSupport.dylib
0x000000000aba3000 	/System/Library/Frameworks/OpenGL.framework/Versions/A/Resources/GLRendererFloat.bundle/GLRendererFloat
0x0000000125d91000 	/Library/Java/JavaVirtualMachines/jdk1.8.0_71.jdk/Contents/Home/jre/lib/libfontmanager.dylib
0x000000012747e000 	/Library/Java/JavaVirtualMachines/jdk1.8.0_71.jdk/Contents/Home/jre/lib/libosxui.dylib
0x00000001269c4000 	/Library/Java/JavaVirtualMachines/jdk1.8.0_71.jdk/Contents/Home/jre/lib/libnet.dylib
0x0000000128069000 	/Library/Java/JavaVirtualMachines/jdk1.8.0_71.jdk/Contents/Home/jre/lib/libnio.dylib
0x000000000aba3000 	/System/Library/Frameworks/ApplicationServices.framework/Versions/A/Frameworks/ATS.framework/Versions/A/Resources/libTrueTypeScaler.dylib
0x0000000121bc6000 	/private/var/folders/gx/t9vq3cns2s73t5kjlnsql92h0000gn/T/jogamp_0000/file_cache/jln6360839472794954170/jln7909691202706473841/libgluegen-rt.jnilib
0x0000000121bcb000 	/private/var/folders/gx/t9vq3cns2s73t5kjlnsql92h0000gn/T/jogamp_0000/file_cache/jln6360839472794954170/jln7909691202706473841/libnativewindow_awt.jnilib
0x0000000121bce000 	/Library/Java/JavaVirtualMachines/jdk1.8.0_71.jdk/Contents/Home/jre/lib/libjawt.dylib
0x0000000121bd1000 	/private/var/folders/gx/t9vq3cns2s73t5kjlnsql92h0000gn/T/jogamp_0000/file_cache/jln6360839472794954170/jln7909691202706473841/libnativewindow_macosx.jnilib
0x000000017c675000 	/private/var/folders/gx/t9vq3cns2s73t5kjlnsql92h0000gn/T/jogamp_0000/file_cache/jln6360839472794954170/jln7909691202706473841/libjogl_desktop.jnilib
0x000000017f3b7000 	/Library/Java/JavaVirtualMachines/jdk1.8.0_71.jdk/Contents/Home/jre/lib/libt2k.dylib

VM Arguments:
jvm_args: -Djava.security.policy=java.policy.applet -Dfile.encoding=UTF-8 
java_command: sun.applet.AppletViewer module3.EarthquakeCityMap1461348716578.html
java_class_path (initial): /Users/Leland/Eclipse/workspace/UCSDUnfoldingMaps/build:/Users/Leland/Eclipse/workspace/UCSDUnfoldingMaps/lib/core.jar:/Users/Leland/Eclipse/workspace/UCSDUnfoldingMaps/lib/gluegen-rt.jar:/Users/Leland/Eclipse/workspace/UCSDUnfoldingMaps/lib/jogl-all.jar:/Users/Leland/Eclipse/workspace/UCSDUnfoldingMaps/lib/log4j-1.2.15.jar:/Users/Leland/Eclipse/workspace/UCSDUnfoldingMaps/lib/sqlite-jdbc-3.7.2.jar:/Users/Leland/Eclipse/workspace/UCSDUnfoldingMaps/lib/json4processing.jar:/Users/Leland/Eclipse/workspace/UCSDUnfoldingMaps/lib/libTUIO.jar:/Users/Leland/Eclipse/workspace/UCSDUnfoldingMaps/lib/unfolding.0.9.7-uscd.jar
Launcher Type: SUN_STANDARD

Environment Variables:
PATH=/usr/bin:/bin:/usr/sbin:/sbin
SHELL=/bin/bash

Signal Handlers:
SIGSEGV: [libjvm.dylib+0x5a68c5], sa_mask[0]=11111111011111110111111111111111, sa_flags=SA_ONSTACK|SA_RESTART|SA_SIGINFO
SIGBUS: [libjvm.dylib+0x5a68c5], sa_mask[0]=11111111011111110111111111111111, sa_flags=SA_RESTART|SA_SIGINFO
SIGFPE: [libjvm.dylib+0x4805d4], sa_mask[0]=11111111011111110111111111111111, sa_flags=SA_RESTART|SA_SIGINFO
SIGPIPE: [libjvm.dylib+0x4805d4], sa_mask[0]=11111111011111110111111111111111, sa_flags=SA_RESTART|SA_SIGINFO
SIGXFSZ: [libjvm.dylib+0x4805d4], sa_mask[0]=11111111011111110111111111111111, sa_flags=SA_RESTART|SA_SIGINFO
SIGILL: [libjvm.dylib+0x4805d4], sa_mask[0]=11111111011111110111111111111111, sa_flags=SA_RESTART|SA_SIGINFO
SIGUSR1: SIG_DFL, sa_mask[0]=00000000000000000000000000000000, sa_flags=none
SIGUSR2: [libjvm.dylib+0x4800f2], sa_mask[0]=00100000000000000000000000000000, sa_flags=SA_RESTART|SA_SIGINFO
SIGHUP: [libjvm.dylib+0x47e6c9], sa_mask[0]=11111111011111110111111111111111, sa_flags=SA_RESTART|SA_SIGINFO
SIGINT: [libjvm.dylib+0x47e6c9], sa_mask[0]=11111111011111110111111111111111, sa_flags=SA_RESTART|SA_SIGINFO
SIGTERM: [libjvm.dylib+0x47e6c9], sa_mask[0]=11111111011111110111111111111111, sa_flags=SA_RESTART|SA_SIGINFO
SIGQUIT: [libjvm.dylib+0x47e6c9], sa_mask[0]=11111111011111110111111111111111, sa_flags=SA_RESTART|SA_SIGINFO


---------------  S Y S T E M  ---------------

OS:Bsduname:Darwin 15.3.0 Darwin Kernel Version 15.3.0: Thu Dec 10 18:40:58 PST 2015; root:xnu-3248.30.4~1/RELEASE_X86_64 x86_64
rlimit: STACK 8192k, CORE 0k, NPROC 709, NOFILE 10240, AS infinity
load average:2.42 2.53 3.63

CPU:total 2 (2 cores per cpu, 1 threads per core) family 6 model 23 stepping 10, cmov, cx8, fxsr, mmx, sse, sse2, sse3, ssse3, sse4.1, tsc

Memory: 4k page, physical 8388608k(253484k free)

/proc/meminfo:


vm_info: Java HotSpot(TM) 64-Bit Server VM (25.71-b15) for bsd-amd64 JRE (1.8.0_71-b15), built on Dec 22 2015 15:11:44 by "java_re" with gcc 4.2.1 (Based on Apple Inc. build 5658) (LLVM build 2336.11.00)

time: Fri Apr 22 14:12:09 2016
elapsed time: 12 seconds (0d 0h 0m 12s)

